[2024-07-12 07:56:18] local.ERROR: include(D:\kaufland-coding-test\kaufland-data-feed\vendor\composer/../../app/Providers/AppServiceProvider.php): Failed to open stream: No such file or directory {"exception":"[object] (ErrorException(code: 0): include(D:\\kaufland-coding-test\\kaufland-data-feed\\vendor\\composer/../../app/Providers/AppServiceProvider.php): Failed to open stream: No such file or directory at D:\\kaufland-coding-test\\kaufland-data-feed\\vendor\\composer\\ClassLoader.php:576)
[stacktrace]
#0 D:\\kaufland-coding-test\\kaufland-data-feed\\vendor\\laravel\\framework\\src\\Illuminate\\Foundation\\Bootstrap\\HandleExceptions.php(256): Illuminate\\Foundation\\Bootstrap\\HandleExceptions->handleError()
#1 D:\\kaufland-coding-test\\kaufland-data-feed\\vendor\\composer\\ClassLoader.php(576): Illuminate\\Foundation\\Bootstrap\\HandleExceptions->Illuminate\\Foundation\\Bootstrap\\{closure}()
#2 D:\\kaufland-coding-test\\kaufland-data-feed\\vendor\\composer\\ClassLoader.php(576): include('...')
#3 D:\\kaufland-coding-test\\kaufland-data-feed\\vendor\\composer\\ClassLoader.php(427): Composer\\Autoload\\{closure}()
#4 D:\\kaufland-coding-test\\kaufland-data-feed\\vendor\\laravel\\framework\\src\\Illuminate\\Foundation\\Application.php(933): Composer\\Autoload\\ClassLoader->loadClass()
#5 D:\\kaufland-coding-test\\kaufland-data-feed\\vendor\\laravel\\framework\\src\\Illuminate\\Foundation\\Application.php(865): Illuminate\\Foundation\\Application->resolveProvider()
#6 D:\\kaufland-coding-test\\kaufland-data-feed\\vendor\\laravel\\framework\\src\\Illuminate\\Foundation\\ProviderRepository.php(75): Illuminate\\Foundation\\Application->register()
#7 D:\\kaufland-coding-test\\kaufland-data-feed\\vendor\\laravel\\framework\\src\\Illuminate\\Foundation\\Application.php(843): Illuminate\\Foundation\\ProviderRepository->load()
#8 D:\\kaufland-coding-test\\kaufland-data-feed\\vendor\\laravel\\framework\\src\\Illuminate\\Foundation\\Bootstrap\\RegisterProviders.php(37): Illuminate\\Foundation\\Application->registerConfiguredProviders()
#9 D:\\kaufland-coding-test\\kaufland-data-feed\\vendor\\laravel\\framework\\src\\Illuminate\\Foundation\\Application.php(316): Illuminate\\Foundation\\Bootstrap\\RegisterProviders->bootstrap()
#10 D:\\kaufland-coding-test\\kaufland-data-feed\\vendor\\laravel\\framework\\src\\Illuminate\\Foundation\\Console\\Kernel.php(470): Illuminate\\Foundation\\Application->bootstrapWith()
#11 D:\\kaufland-coding-test\\kaufland-data-feed\\vendor\\laravel\\framework\\src\\Illuminate\\Foundation\\Console\\Kernel.php(194): Illuminate\\Foundation\\Console\\Kernel->bootstrap()
#12 D:\\kaufland-coding-test\\kaufland-data-feed\\vendor\\laravel\\framework\\src\\Illuminate\\Foundation\\Application.php(1203): Illuminate\\Foundation\\Console\\Kernel->handle()
#13 D:\\kaufland-coding-test\\kaufland-data-feed\\artisan(13): Illuminate\\Foundation\\Application->handleCommand()
#14 {main}
"} 
[2024-07-12 07:56:40] local.ERROR: require(D:\kaufland-coding-test\kaufland-data-feed\bootstrap/../routes/web.php): Failed to open stream: No such file or directory {"exception":"[object] (ErrorException(code: 0): require(D:\\kaufland-coding-test\\kaufland-data-feed\\bootstrap/../routes/web.php): Failed to open stream: No such file or directory at D:\\kaufland-coding-test\\kaufland-data-feed\\vendor\\laravel\\framework\\src\\Illuminate\\Routing\\RouteFileRegistrar.php:35)
[stacktrace]
#0 D:\\kaufland-coding-test\\kaufland-data-feed\\vendor\\laravel\\framework\\src\\Illuminate\\Foundation\\Bootstrap\\HandleExceptions.php(256): Illuminate\\Foundation\\Bootstrap\\HandleExceptions->handleError()
#1 D:\\kaufland-coding-test\\kaufland-data-feed\\vendor\\laravel\\framework\\src\\Illuminate\\Routing\\RouteFileRegistrar.php(35): Illuminate\\Foundation\\Bootstrap\\HandleExceptions->Illuminate\\Foundation\\Bootstrap\\{closure}()
#2 D:\\kaufland-coding-test\\kaufland-data-feed\\vendor\\laravel\\framework\\src\\Illuminate\\Routing\\RouteFileRegistrar.php(35): require('...')
#3 D:\\kaufland-coding-test\\kaufland-data-feed\\vendor\\laravel\\framework\\src\\Illuminate\\Routing\\Router.php(513): Illuminate\\Routing\\RouteFileRegistrar->register()
#4 D:\\kaufland-coding-test\\kaufland-data-feed\\vendor\\laravel\\framework\\src\\Illuminate\\Routing\\Router.php(467): Illuminate\\Routing\\Router->loadRoutes()
#5 D:\\kaufland-coding-test\\kaufland-data-feed\\vendor\\laravel\\framework\\src\\Illuminate\\Routing\\RouteRegistrar.php(194): Illuminate\\Routing\\Router->group()
#6 D:\\kaufland-coding-test\\kaufland-data-feed\\vendor\\laravel\\framework\\src\\Illuminate\\Foundation\\Configuration\\ApplicationBuilder.php(221): Illuminate\\Routing\\RouteRegistrar->group()
#7 D:\\kaufland-coding-test\\kaufland-data-feed\\vendor\\laravel\\framework\\src\\Illuminate\\Container\\BoundMethod.php(36): Illuminate\\Foundation\\Configuration\\ApplicationBuilder->Illuminate\\Foundation\\Configuration\\{closure}()
#8 D:\\kaufland-coding-test\\kaufland-data-feed\\vendor\\laravel\\framework\\src\\Illuminate\\Container\\Util.php(41): Illuminate\\Container\\BoundMethod::Illuminate\\Container\\{closure}()
#9 D:\\kaufland-coding-test\\kaufland-data-feed\\vendor\\laravel\\framework\\src\\Illuminate\\Container\\BoundMethod.php(81): Illuminate\\Container\\Util::unwrapIfClosure()
#10 D:\\kaufland-coding-test\\kaufland-data-feed\\vendor\\laravel\\framework\\src\\Illuminate\\Container\\BoundMethod.php(35): Illuminate\\Container\\BoundMethod::callBoundMethod()
#11 D:\\kaufland-coding-test\\kaufland-data-feed\\vendor\\laravel\\framework\\src\\Illuminate\\Container\\Container.php(690): Illuminate\\Container\\BoundMethod::call()
#12 D:\\kaufland-coding-test\\kaufland-data-feed\\vendor\\laravel\\framework\\src\\Illuminate\\Foundation\\Support\\Providers\\RouteServiceProvider.php(162): Illuminate\\Container\\Container->call()
#13 D:\\kaufland-coding-test\\kaufland-data-feed\\vendor\\laravel\\framework\\src\\Illuminate\\Foundation\\Support\\Providers\\RouteServiceProvider.php(59): Illuminate\\Foundation\\Support\\Providers\\RouteServiceProvider->loadRoutes()
#14 D:\\kaufland-coding-test\\kaufland-data-feed\\vendor\\laravel\\framework\\src\\Illuminate\\Container\\BoundMethod.php(36): Illuminate\\Foundation\\Support\\Providers\\RouteServiceProvider->Illuminate\\Foundation\\Support\\Providers\\{closure}()
#15 D:\\kaufland-coding-test\\kaufland-data-feed\\vendor\\laravel\\framework\\src\\Illuminate\\Container\\Util.php(41): Illuminate\\Container\\BoundMethod::Illuminate\\Container\\{closure}()
#16 D:\\kaufland-coding-test\\kaufland-data-feed\\vendor\\laravel\\framework\\src\\Illuminate\\Container\\BoundMethod.php(81): Illuminate\\Container\\Util::unwrapIfClosure()
#17 D:\\kaufland-coding-test\\kaufland-data-feed\\vendor\\laravel\\framework\\src\\Illuminate\\Container\\BoundMethod.php(35): Illuminate\\Container\\BoundMethod::callBoundMethod()
#18 D:\\kaufland-coding-test\\kaufland-data-feed\\vendor\\laravel\\framework\\src\\Illuminate\\Container\\Container.php(690): Illuminate\\Container\\BoundMethod::call()
#19 D:\\kaufland-coding-test\\kaufland-data-feed\\vendor\\laravel\\framework\\src\\Illuminate\\Support\\ServiceProvider.php(126): Illuminate\\Container\\Container->call()
#20 D:\\kaufland-coding-test\\kaufland-data-feed\\vendor\\laravel\\framework\\src\\Illuminate\\Foundation\\Application.php(1122): Illuminate\\Support\\ServiceProvider->callBootedCallbacks()
#21 D:\\kaufland-coding-test\\kaufland-data-feed\\vendor\\laravel\\framework\\src\\Illuminate\\Foundation\\Application.php(1100): Illuminate\\Foundation\\Application->bootProvider()
#22 [internal function]: Illuminate\\Foundation\\Application->Illuminate\\Foundation\\{closure}()
#23 D:\\kaufland-coding-test\\kaufland-data-feed\\vendor\\laravel\\framework\\src\\Illuminate\\Foundation\\Application.php(1099): array_walk()
#24 D:\\kaufland-coding-test\\kaufland-data-feed\\vendor\\laravel\\framework\\src\\Illuminate\\Foundation\\Bootstrap\\BootProviders.php(17): Illuminate\\Foundation\\Application->boot()
#25 D:\\kaufland-coding-test\\kaufland-data-feed\\vendor\\laravel\\framework\\src\\Illuminate\\Foundation\\Application.php(316): Illuminate\\Foundation\\Bootstrap\\BootProviders->bootstrap()
#26 D:\\kaufland-coding-test\\kaufland-data-feed\\vendor\\laravel\\framework\\src\\Illuminate\\Foundation\\Console\\Kernel.php(470): Illuminate\\Foundation\\Application->bootstrapWith()
#27 D:\\kaufland-coding-test\\kaufland-data-feed\\vendor\\laravel\\framework\\src\\Illuminate\\Foundation\\Console\\Kernel.php(194): Illuminate\\Foundation\\Console\\Kernel->bootstrap()
#28 D:\\kaufland-coding-test\\kaufland-data-feed\\vendor\\laravel\\framework\\src\\Illuminate\\Foundation\\Application.php(1203): Illuminate\\Foundation\\Console\\Kernel->handle()
#29 D:\\kaufland-coding-test\\kaufland-data-feed\\artisan(13): Illuminate\\Foundation\\Application->handleCommand()
#30 {main}
"} 
[2024-07-12 08:00:10] local.ERROR: require(D:\kaufland-coding-test\kaufland-data-feed\bootstrap/../routes/web.php): Failed to open stream: No such file or directory {"exception":"[object] (ErrorException(code: 0): require(D:\\kaufland-coding-test\\kaufland-data-feed\\bootstrap/../routes/web.php): Failed to open stream: No such file or directory at D:\\kaufland-coding-test\\kaufland-data-feed\\vendor\\laravel\\framework\\src\\Illuminate\\Routing\\RouteFileRegistrar.php:35)
[stacktrace]
#0 D:\\kaufland-coding-test\\kaufland-data-feed\\vendor\\laravel\\framework\\src\\Illuminate\\Foundation\\Bootstrap\\HandleExceptions.php(256): Illuminate\\Foundation\\Bootstrap\\HandleExceptions->handleError()
#1 D:\\kaufland-coding-test\\kaufland-data-feed\\vendor\\laravel\\framework\\src\\Illuminate\\Routing\\RouteFileRegistrar.php(35): Illuminate\\Foundation\\Bootstrap\\HandleExceptions->Illuminate\\Foundation\\Bootstrap\\{closure}()
#2 D:\\kaufland-coding-test\\kaufland-data-feed\\vendor\\laravel\\framework\\src\\Illuminate\\Routing\\RouteFileRegistrar.php(35): require('...')
#3 D:\\kaufland-coding-test\\kaufland-data-feed\\vendor\\laravel\\framework\\src\\Illuminate\\Routing\\Router.php(513): Illuminate\\Routing\\RouteFileRegistrar->register()
#4 D:\\kaufland-coding-test\\kaufland-data-feed\\vendor\\laravel\\framework\\src\\Illuminate\\Routing\\Router.php(467): Illuminate\\Routing\\Router->loadRoutes()
#5 D:\\kaufland-coding-test\\kaufland-data-feed\\vendor\\laravel\\framework\\src\\Illuminate\\Routing\\RouteRegistrar.php(194): Illuminate\\Routing\\Router->group()
#6 D:\\kaufland-coding-test\\kaufland-data-feed\\vendor\\laravel\\framework\\src\\Illuminate\\Foundation\\Configuration\\ApplicationBuilder.php(221): Illuminate\\Routing\\RouteRegistrar->group()
#7 D:\\kaufland-coding-test\\kaufland-data-feed\\vendor\\laravel\\framework\\src\\Illuminate\\Container\\BoundMethod.php(36): Illuminate\\Foundation\\Configuration\\ApplicationBuilder->Illuminate\\Foundation\\Configuration\\{closure}()
#8 D:\\kaufland-coding-test\\kaufland-data-feed\\vendor\\laravel\\framework\\src\\Illuminate\\Container\\Util.php(41): Illuminate\\Container\\BoundMethod::Illuminate\\Container\\{closure}()
#9 D:\\kaufland-coding-test\\kaufland-data-feed\\vendor\\laravel\\framework\\src\\Illuminate\\Container\\BoundMethod.php(81): Illuminate\\Container\\Util::unwrapIfClosure()
#10 D:\\kaufland-coding-test\\kaufland-data-feed\\vendor\\laravel\\framework\\src\\Illuminate\\Container\\BoundMethod.php(35): Illuminate\\Container\\BoundMethod::callBoundMethod()
#11 D:\\kaufland-coding-test\\kaufland-data-feed\\vendor\\laravel\\framework\\src\\Illuminate\\Container\\Container.php(690): Illuminate\\Container\\BoundMethod::call()
#12 D:\\kaufland-coding-test\\kaufland-data-feed\\vendor\\laravel\\framework\\src\\Illuminate\\Foundation\\Support\\Providers\\RouteServiceProvider.php(162): Illuminate\\Container\\Container->call()
#13 D:\\kaufland-coding-test\\kaufland-data-feed\\vendor\\laravel\\framework\\src\\Illuminate\\Foundation\\Support\\Providers\\RouteServiceProvider.php(59): Illuminate\\Foundation\\Support\\Providers\\RouteServiceProvider->loadRoutes()
#14 D:\\kaufland-coding-test\\kaufland-data-feed\\vendor\\laravel\\framework\\src\\Illuminate\\Container\\BoundMethod.php(36): Illuminate\\Foundation\\Support\\Providers\\RouteServiceProvider->Illuminate\\Foundation\\Support\\Providers\\{closure}()
#15 D:\\kaufland-coding-test\\kaufland-data-feed\\vendor\\laravel\\framework\\src\\Illuminate\\Container\\Util.php(41): Illuminate\\Container\\BoundMethod::Illuminate\\Container\\{closure}()
#16 D:\\kaufland-coding-test\\kaufland-data-feed\\vendor\\laravel\\framework\\src\\Illuminate\\Container\\BoundMethod.php(81): Illuminate\\Container\\Util::unwrapIfClosure()
#17 D:\\kaufland-coding-test\\kaufland-data-feed\\vendor\\laravel\\framework\\src\\Illuminate\\Container\\BoundMethod.php(35): Illuminate\\Container\\BoundMethod::callBoundMethod()
#18 D:\\kaufland-coding-test\\kaufland-data-feed\\vendor\\laravel\\framework\\src\\Illuminate\\Container\\Container.php(690): Illuminate\\Container\\BoundMethod::call()
#19 D:\\kaufland-coding-test\\kaufland-data-feed\\vendor\\laravel\\framework\\src\\Illuminate\\Support\\ServiceProvider.php(126): Illuminate\\Container\\Container->call()
#20 D:\\kaufland-coding-test\\kaufland-data-feed\\vendor\\laravel\\framework\\src\\Illuminate\\Foundation\\Application.php(1122): Illuminate\\Support\\ServiceProvider->callBootedCallbacks()
#21 D:\\kaufland-coding-test\\kaufland-data-feed\\vendor\\laravel\\framework\\src\\Illuminate\\Foundation\\Application.php(1100): Illuminate\\Foundation\\Application->bootProvider()
#22 [internal function]: Illuminate\\Foundation\\Application->Illuminate\\Foundation\\{closure}()
#23 D:\\kaufland-coding-test\\kaufland-data-feed\\vendor\\laravel\\framework\\src\\Illuminate\\Foundation\\Application.php(1099): array_walk()
#24 D:\\kaufland-coding-test\\kaufland-data-feed\\vendor\\laravel\\framework\\src\\Illuminate\\Foundation\\Bootstrap\\BootProviders.php(17): Illuminate\\Foundation\\Application->boot()
#25 D:\\kaufland-coding-test\\kaufland-data-feed\\vendor\\laravel\\framework\\src\\Illuminate\\Foundation\\Application.php(316): Illuminate\\Foundation\\Bootstrap\\BootProviders->bootstrap()
#26 D:\\kaufland-coding-test\\kaufland-data-feed\\vendor\\laravel\\framework\\src\\Illuminate\\Foundation\\Console\\Kernel.php(470): Illuminate\\Foundation\\Application->bootstrapWith()
#27 D:\\kaufland-coding-test\\kaufland-data-feed\\vendor\\laravel\\framework\\src\\Illuminate\\Foundation\\Console\\Kernel.php(194): Illuminate\\Foundation\\Console\\Kernel->bootstrap()
#28 D:\\kaufland-coding-test\\kaufland-data-feed\\vendor\\laravel\\framework\\src\\Illuminate\\Foundation\\Application.php(1203): Illuminate\\Foundation\\Console\\Kernel->handle()
#29 D:\\kaufland-coding-test\\kaufland-data-feed\\artisan(13): Illuminate\\Foundation\\Application->handleCommand()
#30 {main}
"} 
[2024-07-13 05:49:08] local.ERROR: cURL error 60: SSL certificate problem: unable to get local issuer certificate (see https://curl.haxx.se/libcurl/c/libcurl-errors.html) for https://thetestrequest.com/articles.xml {"exception":"[object] (GuzzleHttp\\Exception\\RequestException(code: 0): cURL error 60: SSL certificate problem: unable to get local issuer certificate (see https://curl.haxx.se/libcurl/c/libcurl-errors.html) for https://thetestrequest.com/articles.xml at D:\\kaufland-coding-test\\kaufland-data-feed\\vendor\\guzzlehttp\\guzzle\\src\\Handler\\CurlFactory.php:211)
[stacktrace]
#0 D:\\kaufland-coding-test\\kaufland-data-feed\\vendor\\guzzlehttp\\guzzle\\src\\Handler\\CurlFactory.php(158): GuzzleHttp\\Handler\\CurlFactory::createRejection()
#1 D:\\kaufland-coding-test\\kaufland-data-feed\\vendor\\guzzlehttp\\guzzle\\src\\Handler\\CurlFactory.php(110): GuzzleHttp\\Handler\\CurlFactory::finishError()
#2 D:\\kaufland-coding-test\\kaufland-data-feed\\vendor\\guzzlehttp\\guzzle\\src\\Handler\\CurlHandler.php(47): GuzzleHttp\\Handler\\CurlFactory::finish()
#3 D:\\kaufland-coding-test\\kaufland-data-feed\\vendor\\guzzlehttp\\guzzle\\src\\Handler\\Proxy.php(28): GuzzleHttp\\Handler\\CurlHandler->__invoke()
#4 D:\\kaufland-coding-test\\kaufland-data-feed\\vendor\\guzzlehttp\\guzzle\\src\\Handler\\Proxy.php(48): GuzzleHttp\\Handler\\Proxy::GuzzleHttp\\Handler\\{closure}()
#5 D:\\kaufland-coding-test\\kaufland-data-feed\\vendor\\guzzlehttp\\guzzle\\src\\PrepareBodyMiddleware.php(35): GuzzleHttp\\Handler\\Proxy::GuzzleHttp\\Handler\\{closure}()
#6 D:\\kaufland-coding-test\\kaufland-data-feed\\vendor\\guzzlehttp\\guzzle\\src\\Middleware.php(31): GuzzleHttp\\PrepareBodyMiddleware->__invoke()
#7 D:\\kaufland-coding-test\\kaufland-data-feed\\vendor\\guzzlehttp\\guzzle\\src\\RedirectMiddleware.php(71): GuzzleHttp\\Middleware::GuzzleHttp\\{closure}()
#8 D:\\kaufland-coding-test\\kaufland-data-feed\\vendor\\guzzlehttp\\guzzle\\src\\Middleware.php(66): GuzzleHttp\\RedirectMiddleware->__invoke()
#9 D:\\kaufland-coding-test\\kaufland-data-feed\\vendor\\guzzlehttp\\guzzle\\src\\HandlerStack.php(75): GuzzleHttp\\Middleware::GuzzleHttp\\{closure}()
#10 D:\\kaufland-coding-test\\kaufland-data-feed\\vendor\\guzzlehttp\\guzzle\\src\\Client.php(333): GuzzleHttp\\HandlerStack->__invoke()
#11 D:\\kaufland-coding-test\\kaufland-data-feed\\vendor\\guzzlehttp\\guzzle\\src\\Client.php(169): GuzzleHttp\\Client->transfer()
#12 D:\\kaufland-coding-test\\kaufland-data-feed\\vendor\\guzzlehttp\\guzzle\\src\\Client.php(189): GuzzleHttp\\Client->requestAsync()
#13 D:\\kaufland-coding-test\\kaufland-data-feed\\vendor\\guzzlehttp\\guzzle\\src\\ClientTrait.php(44): GuzzleHttp\\Client->request()
#14 D:\\kaufland-coding-test\\kaufland-data-feed\\app\\Console\\Commands\\processData.php(87): GuzzleHttp\\Client->get()
#15 D:\\kaufland-coding-test\\kaufland-data-feed\\vendor\\laravel\\framework\\src\\Illuminate\\Container\\BoundMethod.php(36): App\\Console\\Commands\\processData->handle()
#16 D:\\kaufland-coding-test\\kaufland-data-feed\\vendor\\laravel\\framework\\src\\Illuminate\\Container\\Util.php(41): Illuminate\\Container\\BoundMethod::Illuminate\\Container\\{closure}()
#17 D:\\kaufland-coding-test\\kaufland-data-feed\\vendor\\laravel\\framework\\src\\Illuminate\\Container\\BoundMethod.php(93): Illuminate\\Container\\Util::unwrapIfClosure()
#18 D:\\kaufland-coding-test\\kaufland-data-feed\\vendor\\laravel\\framework\\src\\Illuminate\\Container\\BoundMethod.php(35): Illuminate\\Container\\BoundMethod::callBoundMethod()
#19 D:\\kaufland-coding-test\\kaufland-data-feed\\vendor\\laravel\\framework\\src\\Illuminate\\Container\\Container.php(690): Illuminate\\Container\\BoundMethod::call()
#20 D:\\kaufland-coding-test\\kaufland-data-feed\\vendor\\laravel\\framework\\src\\Illuminate\\Console\\Command.php(213): Illuminate\\Container\\Container->call()
#21 D:\\kaufland-coding-test\\kaufland-data-feed\\vendor\\symfony\\console\\Command\\Command.php(279): Illuminate\\Console\\Command->execute()
#22 D:\\kaufland-coding-test\\kaufland-data-feed\\vendor\\laravel\\framework\\src\\Illuminate\\Console\\Command.php(182): Symfony\\Component\\Console\\Command\\Command->run()
#23 D:\\kaufland-coding-test\\kaufland-data-feed\\vendor\\symfony\\console\\Application.php(1047): Illuminate\\Console\\Command->run()
#24 D:\\kaufland-coding-test\\kaufland-data-feed\\vendor\\symfony\\console\\Application.php(316): Symfony\\Component\\Console\\Application->doRunCommand()
#25 D:\\kaufland-coding-test\\kaufland-data-feed\\vendor\\symfony\\console\\Application.php(167): Symfony\\Component\\Console\\Application->doRun()
#26 D:\\kaufland-coding-test\\kaufland-data-feed\\vendor\\laravel\\framework\\src\\Illuminate\\Foundation\\Console\\Kernel.php(196): Symfony\\Component\\Console\\Application->run()
#27 D:\\kaufland-coding-test\\kaufland-data-feed\\vendor\\laravel\\framework\\src\\Illuminate\\Foundation\\Application.php(1203): Illuminate\\Foundation\\Console\\Kernel->handle()
#28 D:\\kaufland-coding-test\\kaufland-data-feed\\artisan(13): Illuminate\\Foundation\\Application->handleCommand()
#29 {main}
"} 
[2024-07-13 05:54:47] local.ERROR: SSL CA bundle not found: D:\kaufland-coding-test\kaufland-data-feed\storage\cacert.pem {"exception":"[object] (InvalidArgumentException(code: 0): SSL CA bundle not found: D:\\kaufland-coding-test\\kaufland-data-feed\\storage\\cacert.pem at D:\\kaufland-coding-test\\kaufland-data-feed\\vendor\\guzzlehttp\\guzzle\\src\\Handler\\CurlFactory.php:365)
[stacktrace]
#0 D:\\kaufland-coding-test\\kaufland-data-feed\\vendor\\guzzlehttp\\guzzle\\src\\Handler\\CurlFactory.php(59): GuzzleHttp\\Handler\\CurlFactory->applyHandlerOptions()
#1 D:\\kaufland-coding-test\\kaufland-data-feed\\vendor\\guzzlehttp\\guzzle\\src\\Handler\\CurlHandler.php(43): GuzzleHttp\\Handler\\CurlFactory->create()
#2 D:\\kaufland-coding-test\\kaufland-data-feed\\vendor\\guzzlehttp\\guzzle\\src\\Handler\\Proxy.php(28): GuzzleHttp\\Handler\\CurlHandler->__invoke()
#3 D:\\kaufland-coding-test\\kaufland-data-feed\\vendor\\guzzlehttp\\guzzle\\src\\Handler\\Proxy.php(48): GuzzleHttp\\Handler\\Proxy::GuzzleHttp\\Handler\\{closure}()
#4 D:\\kaufland-coding-test\\kaufland-data-feed\\vendor\\guzzlehttp\\guzzle\\src\\PrepareBodyMiddleware.php(35): GuzzleHttp\\Handler\\Proxy::GuzzleHttp\\Handler\\{closure}()
#5 D:\\kaufland-coding-test\\kaufland-data-feed\\vendor\\guzzlehttp\\guzzle\\src\\Middleware.php(31): GuzzleHttp\\PrepareBodyMiddleware->__invoke()
#6 D:\\kaufland-coding-test\\kaufland-data-feed\\vendor\\guzzlehttp\\guzzle\\src\\RedirectMiddleware.php(71): GuzzleHttp\\Middleware::GuzzleHttp\\{closure}()
#7 D:\\kaufland-coding-test\\kaufland-data-feed\\vendor\\guzzlehttp\\guzzle\\src\\Middleware.php(66): GuzzleHttp\\RedirectMiddleware->__invoke()
#8 D:\\kaufland-coding-test\\kaufland-data-feed\\vendor\\guzzlehttp\\guzzle\\src\\HandlerStack.php(75): GuzzleHttp\\Middleware::GuzzleHttp\\{closure}()
#9 D:\\kaufland-coding-test\\kaufland-data-feed\\vendor\\guzzlehttp\\guzzle\\src\\Client.php(333): GuzzleHttp\\HandlerStack->__invoke()
#10 D:\\kaufland-coding-test\\kaufland-data-feed\\vendor\\guzzlehttp\\guzzle\\src\\Client.php(169): GuzzleHttp\\Client->transfer()
#11 D:\\kaufland-coding-test\\kaufland-data-feed\\vendor\\guzzlehttp\\guzzle\\src\\Client.php(189): GuzzleHttp\\Client->requestAsync()
#12 D:\\kaufland-coding-test\\kaufland-data-feed\\vendor\\guzzlehttp\\guzzle\\src\\ClientTrait.php(44): GuzzleHttp\\Client->request()
#13 D:\\kaufland-coding-test\\kaufland-data-feed\\app\\Console\\Commands\\processData.php(92): GuzzleHttp\\Client->get()
#14 D:\\kaufland-coding-test\\kaufland-data-feed\\vendor\\laravel\\framework\\src\\Illuminate\\Container\\BoundMethod.php(36): App\\Console\\Commands\\processData->handle()
#15 D:\\kaufland-coding-test\\kaufland-data-feed\\vendor\\laravel\\framework\\src\\Illuminate\\Container\\Util.php(41): Illuminate\\Container\\BoundMethod::Illuminate\\Container\\{closure}()
#16 D:\\kaufland-coding-test\\kaufland-data-feed\\vendor\\laravel\\framework\\src\\Illuminate\\Container\\BoundMethod.php(93): Illuminate\\Container\\Util::unwrapIfClosure()
#17 D:\\kaufland-coding-test\\kaufland-data-feed\\vendor\\laravel\\framework\\src\\Illuminate\\Container\\BoundMethod.php(35): Illuminate\\Container\\BoundMethod::callBoundMethod()
#18 D:\\kaufland-coding-test\\kaufland-data-feed\\vendor\\laravel\\framework\\src\\Illuminate\\Container\\Container.php(690): Illuminate\\Container\\BoundMethod::call()
#19 D:\\kaufland-coding-test\\kaufland-data-feed\\vendor\\laravel\\framework\\src\\Illuminate\\Console\\Command.php(213): Illuminate\\Container\\Container->call()
#20 D:\\kaufland-coding-test\\kaufland-data-feed\\vendor\\symfony\\console\\Command\\Command.php(279): Illuminate\\Console\\Command->execute()
#21 D:\\kaufland-coding-test\\kaufland-data-feed\\vendor\\laravel\\framework\\src\\Illuminate\\Console\\Command.php(182): Symfony\\Component\\Console\\Command\\Command->run()
#22 D:\\kaufland-coding-test\\kaufland-data-feed\\vendor\\symfony\\console\\Application.php(1047): Illuminate\\Console\\Command->run()
#23 D:\\kaufland-coding-test\\kaufland-data-feed\\vendor\\symfony\\console\\Application.php(316): Symfony\\Component\\Console\\Application->doRunCommand()
#24 D:\\kaufland-coding-test\\kaufland-data-feed\\vendor\\symfony\\console\\Application.php(167): Symfony\\Component\\Console\\Application->doRun()
#25 D:\\kaufland-coding-test\\kaufland-data-feed\\vendor\\laravel\\framework\\src\\Illuminate\\Foundation\\Console\\Kernel.php(196): Symfony\\Component\\Console\\Application->run()
#26 D:\\kaufland-coding-test\\kaufland-data-feed\\vendor\\laravel\\framework\\src\\Illuminate\\Foundation\\Application.php(1203): Illuminate\\Foundation\\Console\\Kernel->handle()
#27 D:\\kaufland-coding-test\\kaufland-data-feed\\artisan(13): Illuminate\\Foundation\\Application->handleCommand()
#28 {main}
"} 
[2024-07-13 05:55:14] local.ERROR: Undefined variable $filePath {"exception":"[object] (ErrorException(code: 0): Undefined variable $filePath at D:\\kaufland-coding-test\\kaufland-data-feed\\app\\Console\\Commands\\processData.php:98)
[stacktrace]
#0 D:\\kaufland-coding-test\\kaufland-data-feed\\vendor\\laravel\\framework\\src\\Illuminate\\Foundation\\Bootstrap\\HandleExceptions.php(256): Illuminate\\Foundation\\Bootstrap\\HandleExceptions->handleError()
#1 D:\\kaufland-coding-test\\kaufland-data-feed\\app\\Console\\Commands\\processData.php(98): Illuminate\\Foundation\\Bootstrap\\HandleExceptions->Illuminate\\Foundation\\Bootstrap\\{closure}()
#2 D:\\kaufland-coding-test\\kaufland-data-feed\\vendor\\laravel\\framework\\src\\Illuminate\\Container\\BoundMethod.php(36): App\\Console\\Commands\\processData->handle()
#3 D:\\kaufland-coding-test\\kaufland-data-feed\\vendor\\laravel\\framework\\src\\Illuminate\\Container\\Util.php(41): Illuminate\\Container\\BoundMethod::Illuminate\\Container\\{closure}()
#4 D:\\kaufland-coding-test\\kaufland-data-feed\\vendor\\laravel\\framework\\src\\Illuminate\\Container\\BoundMethod.php(93): Illuminate\\Container\\Util::unwrapIfClosure()
#5 D:\\kaufland-coding-test\\kaufland-data-feed\\vendor\\laravel\\framework\\src\\Illuminate\\Container\\BoundMethod.php(35): Illuminate\\Container\\BoundMethod::callBoundMethod()
#6 D:\\kaufland-coding-test\\kaufland-data-feed\\vendor\\laravel\\framework\\src\\Illuminate\\Container\\Container.php(690): Illuminate\\Container\\BoundMethod::call()
#7 D:\\kaufland-coding-test\\kaufland-data-feed\\vendor\\laravel\\framework\\src\\Illuminate\\Console\\Command.php(213): Illuminate\\Container\\Container->call()
#8 D:\\kaufland-coding-test\\kaufland-data-feed\\vendor\\symfony\\console\\Command\\Command.php(279): Illuminate\\Console\\Command->execute()
#9 D:\\kaufland-coding-test\\kaufland-data-feed\\vendor\\laravel\\framework\\src\\Illuminate\\Console\\Command.php(182): Symfony\\Component\\Console\\Command\\Command->run()
#10 D:\\kaufland-coding-test\\kaufland-data-feed\\vendor\\symfony\\console\\Application.php(1047): Illuminate\\Console\\Command->run()
#11 D:\\kaufland-coding-test\\kaufland-data-feed\\vendor\\symfony\\console\\Application.php(316): Symfony\\Component\\Console\\Application->doRunCommand()
#12 D:\\kaufland-coding-test\\kaufland-data-feed\\vendor\\symfony\\console\\Application.php(167): Symfony\\Component\\Console\\Application->doRun()
#13 D:\\kaufland-coding-test\\kaufland-data-feed\\vendor\\laravel\\framework\\src\\Illuminate\\Foundation\\Console\\Kernel.php(196): Symfony\\Component\\Console\\Application->run()
#14 D:\\kaufland-coding-test\\kaufland-data-feed\\vendor\\laravel\\framework\\src\\Illuminate\\Foundation\\Application.php(1203): Illuminate\\Foundation\\Console\\Kernel->handle()
#15 D:\\kaufland-coding-test\\kaufland-data-feed\\artisan(13): Illuminate\\Foundation\\Application->handleCommand()
#16 {main}
"} 
[2024-07-13 05:58:01] local.ERROR: Undefined variable $filePath {"exception":"[object] (ErrorException(code: 0): Undefined variable $filePath at D:\\kaufland-coding-test\\kaufland-data-feed\\app\\Console\\Commands\\processData.php:102)
[stacktrace]
#0 D:\\kaufland-coding-test\\kaufland-data-feed\\vendor\\laravel\\framework\\src\\Illuminate\\Foundation\\Bootstrap\\HandleExceptions.php(256): Illuminate\\Foundation\\Bootstrap\\HandleExceptions->handleError()
#1 D:\\kaufland-coding-test\\kaufland-data-feed\\app\\Console\\Commands\\processData.php(102): Illuminate\\Foundation\\Bootstrap\\HandleExceptions->Illuminate\\Foundation\\Bootstrap\\{closure}()
#2 D:\\kaufland-coding-test\\kaufland-data-feed\\vendor\\laravel\\framework\\src\\Illuminate\\Container\\BoundMethod.php(36): App\\Console\\Commands\\processData->handle()
#3 D:\\kaufland-coding-test\\kaufland-data-feed\\vendor\\laravel\\framework\\src\\Illuminate\\Container\\Util.php(41): Illuminate\\Container\\BoundMethod::Illuminate\\Container\\{closure}()
#4 D:\\kaufland-coding-test\\kaufland-data-feed\\vendor\\laravel\\framework\\src\\Illuminate\\Container\\BoundMethod.php(93): Illuminate\\Container\\Util::unwrapIfClosure()
#5 D:\\kaufland-coding-test\\kaufland-data-feed\\vendor\\laravel\\framework\\src\\Illuminate\\Container\\BoundMethod.php(35): Illuminate\\Container\\BoundMethod::callBoundMethod()
#6 D:\\kaufland-coding-test\\kaufland-data-feed\\vendor\\laravel\\framework\\src\\Illuminate\\Container\\Container.php(690): Illuminate\\Container\\BoundMethod::call()
#7 D:\\kaufland-coding-test\\kaufland-data-feed\\vendor\\laravel\\framework\\src\\Illuminate\\Console\\Command.php(213): Illuminate\\Container\\Container->call()
#8 D:\\kaufland-coding-test\\kaufland-data-feed\\vendor\\symfony\\console\\Command\\Command.php(279): Illuminate\\Console\\Command->execute()
#9 D:\\kaufland-coding-test\\kaufland-data-feed\\vendor\\laravel\\framework\\src\\Illuminate\\Console\\Command.php(182): Symfony\\Component\\Console\\Command\\Command->run()
#10 D:\\kaufland-coding-test\\kaufland-data-feed\\vendor\\symfony\\console\\Application.php(1047): Illuminate\\Console\\Command->run()
#11 D:\\kaufland-coding-test\\kaufland-data-feed\\vendor\\symfony\\console\\Application.php(316): Symfony\\Component\\Console\\Application->doRunCommand()
#12 D:\\kaufland-coding-test\\kaufland-data-feed\\vendor\\symfony\\console\\Application.php(167): Symfony\\Component\\Console\\Application->doRun()
#13 D:\\kaufland-coding-test\\kaufland-data-feed\\vendor\\laravel\\framework\\src\\Illuminate\\Foundation\\Console\\Kernel.php(196): Symfony\\Component\\Console\\Application->run()
#14 D:\\kaufland-coding-test\\kaufland-data-feed\\vendor\\laravel\\framework\\src\\Illuminate\\Foundation\\Application.php(1203): Illuminate\\Foundation\\Console\\Kernel->handle()
#15 D:\\kaufland-coding-test\\kaufland-data-feed\\artisan(13): Illuminate\\Foundation\\Application->handleCommand()
#16 {main}
"} 
[2024-07-13 06:03:04] local.ERROR: Undefined variable $xmlObject {"exception":"[object] (ErrorException(code: 0): Undefined variable $xmlObject at D:\\kaufland-coding-test\\kaufland-data-feed\\app\\Console\\Commands\\processData.php:99)
[stacktrace]
#0 D:\\kaufland-coding-test\\kaufland-data-feed\\vendor\\laravel\\framework\\src\\Illuminate\\Foundation\\Bootstrap\\HandleExceptions.php(256): Illuminate\\Foundation\\Bootstrap\\HandleExceptions->handleError()
#1 D:\\kaufland-coding-test\\kaufland-data-feed\\app\\Console\\Commands\\processData.php(99): Illuminate\\Foundation\\Bootstrap\\HandleExceptions->Illuminate\\Foundation\\Bootstrap\\{closure}()
#2 D:\\kaufland-coding-test\\kaufland-data-feed\\vendor\\laravel\\framework\\src\\Illuminate\\Container\\BoundMethod.php(36): App\\Console\\Commands\\processData->handle()
#3 D:\\kaufland-coding-test\\kaufland-data-feed\\vendor\\laravel\\framework\\src\\Illuminate\\Container\\Util.php(41): Illuminate\\Container\\BoundMethod::Illuminate\\Container\\{closure}()
#4 D:\\kaufland-coding-test\\kaufland-data-feed\\vendor\\laravel\\framework\\src\\Illuminate\\Container\\BoundMethod.php(93): Illuminate\\Container\\Util::unwrapIfClosure()
#5 D:\\kaufland-coding-test\\kaufland-data-feed\\vendor\\laravel\\framework\\src\\Illuminate\\Container\\BoundMethod.php(35): Illuminate\\Container\\BoundMethod::callBoundMethod()
#6 D:\\kaufland-coding-test\\kaufland-data-feed\\vendor\\laravel\\framework\\src\\Illuminate\\Container\\Container.php(690): Illuminate\\Container\\BoundMethod::call()
#7 D:\\kaufland-coding-test\\kaufland-data-feed\\vendor\\laravel\\framework\\src\\Illuminate\\Console\\Command.php(213): Illuminate\\Container\\Container->call()
#8 D:\\kaufland-coding-test\\kaufland-data-feed\\vendor\\symfony\\console\\Command\\Command.php(279): Illuminate\\Console\\Command->execute()
#9 D:\\kaufland-coding-test\\kaufland-data-feed\\vendor\\laravel\\framework\\src\\Illuminate\\Console\\Command.php(182): Symfony\\Component\\Console\\Command\\Command->run()
#10 D:\\kaufland-coding-test\\kaufland-data-feed\\vendor\\symfony\\console\\Application.php(1047): Illuminate\\Console\\Command->run()
#11 D:\\kaufland-coding-test\\kaufland-data-feed\\vendor\\symfony\\console\\Application.php(316): Symfony\\Component\\Console\\Application->doRunCommand()
#12 D:\\kaufland-coding-test\\kaufland-data-feed\\vendor\\symfony\\console\\Application.php(167): Symfony\\Component\\Console\\Application->doRun()
#13 D:\\kaufland-coding-test\\kaufland-data-feed\\vendor\\laravel\\framework\\src\\Illuminate\\Foundation\\Console\\Kernel.php(196): Symfony\\Component\\Console\\Application->run()
#14 D:\\kaufland-coding-test\\kaufland-data-feed\\vendor\\laravel\\framework\\src\\Illuminate\\Foundation\\Application.php(1203): Illuminate\\Foundation\\Console\\Kernel->handle()
#15 D:\\kaufland-coding-test\\kaufland-data-feed\\artisan(13): Illuminate\\Foundation\\Application->handleCommand()
#16 {main}
"} 
[2024-07-13 06:10:47] local.ERROR: Error executing SQL script: SQLSTATE[42000]: Syntax error or access violation: 1064 You have an error in your SQL syntax; check the manual that corresponds to your MariaDB server version for the right syntax to use near '-id varchar(255), created-at varchar(255), updated-at varchar(255))' at line 1 (Connection: mysql, SQL: CREATE TABLE IF NOT EXISTS object ( uuid CHAR(8) PRIMARY KEY ,id varchar(255), title varchar(255), body varchar(255), views varchar(255), likes varchar(255), author-id varchar(255), created-at varchar(255), updated-at varchar(255));)  
[2024-07-13 06:10:47] local.ERROR: Error executing SQL script: SQLSTATE[42000]: Syntax error or access violation: 1064 You have an error in your SQL syntax; check the manual that corresponds to your MariaDB server version for the right syntax to use near '-id, created-at, updated-at ) VALUES ( 'DEFP0zx3', '1', '<p>Patre eorum, refi...' at line 1 (Connection: mysql, SQL: INSERT INTO object( uuid, id, title, body, views, likes, author-id, created-at, updated-at ) VALUES ( 'DEFP0zx3', '1', '<p>Patre eorum, reficientes retia.</p>', '<p>Qui cum audissent regem, abierunt, et ecce stella, quam viderant in oriente, antecedebat eos, usque dum veniens staret supra, ubi erat puer. Videntes autem stellam gavisi sunt gaudio magno valde.</p><p>Et intrantes domum, invenerunt puerum cum Maria matre ejus, et procidentes adoraverunt eum et apertis thesauris suis obtulerunt ei munera, aurum, thus, et myrrham.</p>', '500', '540', '1', '2021-06-24T15:45:46.690Z', '2021-06-24T15:45:46.690Z' );)  
[2024-07-13 06:11:45] local.ERROR: Error executing SQL script: SQLSTATE[42000]: Syntax error or access violation: 1064 You have an error in your SQL syntax; check the manual that corresponds to your MariaDB server version for the right syntax to use near '-id varchar(255), created-at varchar(255), updated-at varchar(255))' at line 1 (Connection: mysql, SQL: CREATE TABLE IF NOT EXISTS object ( uuid CHAR(8) PRIMARY KEY ,id varchar(255), title varchar(255), body varchar(255), views varchar(255), likes varchar(255), author-id varchar(255), created-at varchar(255), updated-at varchar(255));)  
[2024-07-13 06:11:45] local.ERROR: Error executing SQL script: SQLSTATE[42000]: Syntax error or access violation: 1064 You have an error in your SQL syntax; check the manual that corresponds to your MariaDB server version for the right syntax to use near '-id, created-at, updated-at ) VALUES ( 'n96vDVyh', '1', '<p>Patre eorum, refi...' at line 1 (Connection: mysql, SQL: INSERT INTO object( uuid, id, title, body, views, likes, author-id, created-at, updated-at ) VALUES ( 'n96vDVyh', '1', '<p>Patre eorum, reficientes retia.</p>', '<p>Qui cum audissent regem, abierunt, et ecce stella, quam viderant in oriente, antecedebat eos, usque dum veniens staret supra, ubi erat puer. Videntes autem stellam gavisi sunt gaudio magno valde.</p><p>Et intrantes domum, invenerunt puerum cum Maria matre ejus, et procidentes adoraverunt eum et apertis thesauris suis obtulerunt ei munera, aurum, thus, et myrrham.</p>', '500', '540', '1', '2021-06-24T15:45:46.690Z', '2021-06-24T15:45:46.690Z' );)  
[2024-07-13 06:13:03] local.ERROR: Error executing SQL script: SQLSTATE[42000]: Syntax error or access violation: 1064 You have an error in your SQL syntax; check the manual that corresponds to your MariaDB server version for the right syntax to use near '-id varchar(255), created-at varchar(255), updated-at varchar(255))' at line 1 (Connection: mysql, SQL: CREATE TABLE IF NOT EXISTS object ( uuid CHAR(8) PRIMARY KEY ,id varchar(255), title varchar(255), body varchar(255), views varchar(255), likes varchar(255), author-id varchar(255), created-at varchar(255), updated-at varchar(255));)  
[2024-07-13 06:13:03] local.ERROR: Error executing SQL script: SQLSTATE[42000]: Syntax error or access violation: 1064 You have an error in your SQL syntax; check the manual that corresponds to your MariaDB server version for the right syntax to use near '-id, created-at, updated-at ) VALUES ( 'ywqc9Z41', '1', '<p>Patre eorum, refi...' at line 1 (Connection: mysql, SQL: INSERT INTO object( uuid, id, title, body, views, likes, author-id, created-at, updated-at ) VALUES ( 'ywqc9Z41', '1', '<p>Patre eorum, reficientes retia.</p>', '<p>Qui cum audissent regem, abierunt, et ecce stella, quam viderant in oriente, antecedebat eos, usque dum veniens staret supra, ubi erat puer. Videntes autem stellam gavisi sunt gaudio magno valde.</p><p>Et intrantes domum, invenerunt puerum cum Maria matre ejus, et procidentes adoraverunt eum et apertis thesauris suis obtulerunt ei munera, aurum, thus, et myrrham.</p>', '500', '540', '1', '2021-06-24T15:45:46.690Z', '2021-06-24T15:45:46.690Z' );)  
[2024-07-13 06:13:33] local.ERROR: Error executing SQL script: SQLSTATE[22001]: String data, right truncated: 1406 Data too long for column 'shortdesc' at row 1 (Connection: mysql, SQL: INSERT INTO item( uuid, entity_id, CategoryName, sku, name, description, shortdesc, price, link, image, Brand, Rating, CaffeineType, Count, Flavored, Seasonal, Instock, Facebook, IsKCup ) VALUES ( 'zx0fIenN', '539', 'Tetley Tea', '144', 'Tetley''s Lemon Spice Black Tea 20 Drawstring Tea Bag', '', 'The fresh, tangy taste of ripe lemons is combined with premier black teas to deliver this invigorating, flavorful specialty tea drink. Every sip promises a full-bodied, rich taste and sweet, soothing aroma. This exceptional tea deserves an exceptional tea bag. That''s why Tetley brings you the drawstring tea bag. The distinctive design extracts every last drop of precious flavor. Just extend the double tag away from the bag and steep as usual. After brewing, separate the tag and pull the tabs apart to squeeze out all of that great Lemon Spice tea flavor. 20 bags in a box.', '5.5000', 'http://www.coffeeforless.com/tetley-s-lemon-spice-black-tea-20-drawstring-tea-bag.html', 'http://mcdn.coffeeforless.com/media/catalog/product/images/uploads/intro/tetley_lemonspice.gif', 'Tetley', '5', 'Caffeinated', '', '', 'No', 'No', '1', '0' );)  
[2024-07-13 06:25:27] local.ERROR: Error executing SQL statement: SQLSTATE[22001]: String data, right truncated: 1406 Data too long for column 'shortdesc' at row 1 (Connection: mysql, SQL: INSERT INTO item( uuid, entity_id, CategoryName, sku, name, description, shortdesc, price, link, image, Brand, Rating, CaffeineType, Count, Flavored, Seasonal, Instock, Facebook, IsKCup ) VALUES ( 'dPxb5m70', '539', 'Tetley Tea', '144', 'Tetley''s Lemon Spice Black Tea 20 Drawstring Tea Bag', '', 'The fresh, tangy taste of ripe lemons is combined with premier black teas to deliver this invigorating, flavorful specialty tea drink. Every sip promises a full-bodied, rich taste and sweet, soothing aroma. This exceptional tea deserves an exceptional tea bag. That''s why Tetley brings you the drawstring tea bag. The distinctive design extracts every last drop of precious flavor. Just extend the double tag away from the bag and steep as usual. After brewing, separate the tag and pull the tabs apart to squeeze out all of that great Lemon Spice tea flavor. 20 bags in a box.', '5.5000', 'http://www.coffeeforless.com/tetley-s-lemon-spice-black-tea-20-drawstring-tea-bag.html', 'http://mcdn.coffeeforless.com/media/catalog/product/images/uploads/intro/tetley_lemonspice.gif', 'Tetley', '5', 'Caffeinated', '', '', 'No', 'No', '1', '0' );)  
[2024-07-13 06:25:31] local.ERROR: Error executing SQL statement: SQLSTATE[22001]: String data, right truncated: 1406 Data too long for column 'shortdesc' at row 1 (Connection: mysql, SQL: INSERT INTO item( uuid, entity_id, CategoryName, sku, name, description, shortdesc, price, link, image, Brand, Rating, CaffeineType, Count, Flavored, Seasonal, Instock, Facebook, IsKCup ) VALUES ( 'S6nSYW9Q', '626', 'Green Mountain K-Cup&reg; Coffee', '6792C', 'Green Mountain Coffee Hazelnut K-Cup&reg; Coffee 96ct Flavored', '', 'Green Mountain Hazelnut K-Cup&amp;reg; coffee refills are available for your single serve coffee machine. These light roast coffee beans are enhanced with savory hazelnut in order to produce a quality flavored coffee with a mild buttery flavor. Green Mountain Coffee Hazelnut K-Cup&amp;reg; Pods flavored coffee brew every single cup fresh, ensuring your opportunity to enjoy the nutty hazelnut coffee aroma of this quality Green Mountain flavored coffee.', '59.9600', 'http://www.coffeeforless.com/green-mountain-coffee-hazelnut-k-cups-96ct-flavored.html', 'http://mcdn.coffeeforless.com/media/catalog/product//g/r/green-mountain-coffee-hazelnut-k-cups-96ct-flavored-914.jpg', 'Green Mountain Coffee', '5', 'Caffeinated', '96', 'Yes', 'No', 'Yes', '0', '1' );)  
[2024-07-13 06:26:21] local.ERROR: Error executing SQL statement: SQLSTATE[22001]: String data, right truncated: 1406 Data too long for column 'shortdesc' at row 1 (Connection: mysql, SQL: INSERT INTO item( uuid, entity_id, CategoryName, sku, name, description, shortdesc, price, link, image, Brand, Rating, CaffeineType, Count, Flavored, Seasonal, Instock, Facebook, IsKCup ) VALUES ( 'xtjq5qGE', '1944', 'Green Mountain K-Cup&reg; Coffee', '7792B', 'Green Mountain Coffee Hazelnut Decaffeinated K-Cup&reg; Coffee 24ct Flavored', '', 'Green Mountain Coffee Hazelnut Decaffeinated K-Cup&amp;reg; Pods offer a heavenly buttery flavor with an enjoyable light roast finish without the jitter inducing caffeine. These Green Mountain single serve coffee K-Cup&amp;reg; Pods are a homerun hit for light roast coffee lovers.', '15.9900', 'http://www.coffeeforless.com/green-mountain-coffee-hazelnut-decaffeinated-k-cups-24ct-flavored.html', 'http://mcdn.coffeeforless.com/media/catalog/product//g/r/green-mountain-coffee-hazelnut-decaffeinated-k-cups-24ct-flavored-914.jpg', 'Green Mountain Coffee', '5', 'Decaffeinated', '24', 'Yes', 'No', 'Yes', '0', '1' );)  
[2024-07-13 06:26:21] local.ERROR: Error executing SQL statement: SQLSTATE[22001]: String data, right truncated: 1406 Data too long for column 'shortdesc' at row 1 (Connection: mysql, SQL: INSERT INTO item( uuid, entity_id, CategoryName, sku, name, description, shortdesc, price, link, image, Brand, Rating, CaffeineType, Count, Flavored, Seasonal, Instock, Facebook, IsKCup ) VALUES ( 'YMJh04ds', '1945', 'Green Mountain K-Cup&reg; Coffee', '6792B', 'Green Mountain Coffee Hazelnut K-Cup&reg; Coffee 24ct Flavored', '', 'Green Mountain Coffee presents one of their most popular flavored coffees is now available in convenient single serve K-Cup&amp;reg; Pods. Green Mountain Hazelnut K-Cup&amp;reg; Pods is a bright and flavorful light roast coffee enhanced with the savory buttery flavor of hazelnuts. This delicious coffee produces a mesmerizing aroma and an enjoyable finish. Green Mountain Hazelnut K-Cup&amp;reg; coffee will delight with every single cup you brew in your Keurig or other K-Cup&amp;reg; Pod single serve hot beverage machine.', '15.9900', 'http://www.coffeeforless.com/green-mountain-coffee-hazelnut-k-cups-24ct-flavored.html', 'http://mcdn.coffeeforless.com/media/catalog/product//g/r/green-mountain-coffee-hazelnut-k-cups-24ct-flavored-914.jpg', 'Green Mountain Coffee', '5', 'Caffeinated', '24', 'Yes', 'No', 'Yes', '0', '1' );)  
[2024-07-13 06:26:21] local.ERROR: Error executing SQL statement: SQLSTATE[22001]: String data, right truncated: 1406 Data too long for column 'shortdesc' at row 1 (Connection: mysql, SQL: INSERT INTO item( uuid, entity_id, CategoryName, sku, name, description, shortdesc, price, link, image, Brand, Rating, CaffeineType, Count, Flavored, Seasonal, Instock, Facebook, IsKCup ) VALUES ( 'TeDV6nmJ', '1948', 'Green Mountain K-Cup&reg; Coffee', '6570B', 'Green Mountain Coffee Our Blend K-Cup&reg; Coffee 24ct Mild', '', 'Green Mountain Coffee Our Blend Keurig K-Cup&amp;reg; Pods box provides individual servings of delicious all American blended roast coffee.  These Green Mountain single serve coffee K-Cup&amp;reg; Pods are adored by java junkies nationwide for their mild flavor.', '15.9900', 'http://www.coffeeforless.com/green-mountain-coffee-our-blend-k-cups-24ct-mild.html', 'http://mcdn.coffeeforless.com/media/catalog/product//g/r/green-mountain-coffee-our-blend-k-cups-24ct-mild-914.jpg', 'Green Mountain Coffee', '5', 'Caffeinated', '24', 'No', 'No', 'Yes', '0', '1' );)  
[2024-07-13 06:26:26] local.ERROR: Error executing SQL statement: SQLSTATE[22001]: String data, right truncated: 1406 Data too long for column 'shortdesc' at row 1 (Connection: mysql, SQL: INSERT INTO item( uuid, entity_id, CategoryName, sku, name, description, shortdesc, price, link, image, Brand, Rating, CaffeineType, Count, Flavored, Seasonal, Instock, Facebook, IsKCup ) VALUES ( '0TlvNMZa', '2185', 'Green Mountain K-Cup&reg; Coffee', '6523B', 'Green Mountain Coffee Lake and Lodge K-Cup&reg; Coffee 24ct Dark', '', 'Green Mountain Coffee Lake and Lodge K-Cup&amp;reg; Pods instantly give you the feeling of a mountainous vacation with its earthy, dark roast and satisfying finish. Green Mountain single serve coffee K-Cup&amp;reg; Pods come in perfect individual servings.', '15.9900', 'http://www.coffeeforless.com/green-mountain-coffee-lake-lodge-k-cups-24ct-dark.html', 'http://mcdn.coffeeforless.com/media/catalog/product//g/r/green-mountain-coffee-lake-and-lodge-k-cups-24ct-dark-914.jpg', 'Green Mountain Coffee', '5', 'Caffeinated', '24', 'No', 'No', 'Yes', '0', '1' );)  
[2024-07-13 06:26:38] local.ERROR: Error executing SQL statement: SQLSTATE[22001]: String data, right truncated: 1406 Data too long for column 'shortdesc' at row 1 (Connection: mysql, SQL: INSERT INTO item( uuid, entity_id, CategoryName, sku, name, description, shortdesc, price, link, image, Brand, Rating, CaffeineType, Count, Flavored, Seasonal, Instock, Facebook, IsKCup ) VALUES ( '2Z5CUcou', '2542', 'Green Mountain K-Cup&reg; Coffee', '6999B', 'Green Mountain Coffee Half-Caff Blend K-Cup&reg; Coffee 24ct', '', 'Green Mountain Coffee Half-Caff Blend Keurig K-Cup&amp;reg; Pods provides a great tasting medium roast coffee with only half of the caffeine. Get all goodness of Green Mountain single serve coffee K-Cup&amp;reg; Pods without the caffeine shakes and jitters.', '15.9900', 'http://www.coffeeforless.com/green-mountain-coffee-half-caff-blend-k-cups-24ct.html', 'http://mcdn.coffeeforless.com/media/catalog/product//g/r/green-mountain-coffee-half-caff-blend-k-cups-24ct-914.jpg', 'Green Mountain Coffee', '5', 'Caffeinated', '24', 'No', 'No', 'Yes', '0', '1' );)  
[2024-07-13 07:02:29] local.ERROR: cURL error 6: Could not resolve host: test (see https://curl.haxx.se/libcurl/c/libcurl-errors.html) {"exception":"[object] (GuzzleHttp\\Exception\\ConnectException(code: 0): cURL error 6: Could not resolve host: test (see https://curl.haxx.se/libcurl/c/libcurl-errors.html) at D:\\kaufland-coding-test\\kaufland-data-feed\\vendor\\guzzlehttp\\guzzle\\src\\Handler\\CurlFactory.php:210)
[stacktrace]
#0 D:\\kaufland-coding-test\\kaufland-data-feed\\vendor\\guzzlehttp\\guzzle\\src\\Handler\\CurlFactory.php(158): GuzzleHttp\\Handler\\CurlFactory::createRejection()
#1 D:\\kaufland-coding-test\\kaufland-data-feed\\vendor\\guzzlehttp\\guzzle\\src\\Handler\\CurlFactory.php(110): GuzzleHttp\\Handler\\CurlFactory::finishError()
#2 D:\\kaufland-coding-test\\kaufland-data-feed\\vendor\\guzzlehttp\\guzzle\\src\\Handler\\CurlHandler.php(47): GuzzleHttp\\Handler\\CurlFactory::finish()
#3 D:\\kaufland-coding-test\\kaufland-data-feed\\vendor\\guzzlehttp\\guzzle\\src\\Handler\\Proxy.php(28): GuzzleHttp\\Handler\\CurlHandler->__invoke()
#4 D:\\kaufland-coding-test\\kaufland-data-feed\\vendor\\guzzlehttp\\guzzle\\src\\Handler\\Proxy.php(48): GuzzleHttp\\Handler\\Proxy::GuzzleHttp\\Handler\\{closure}()
#5 D:\\kaufland-coding-test\\kaufland-data-feed\\vendor\\guzzlehttp\\guzzle\\src\\PrepareBodyMiddleware.php(35): GuzzleHttp\\Handler\\Proxy::GuzzleHttp\\Handler\\{closure}()
#6 D:\\kaufland-coding-test\\kaufland-data-feed\\vendor\\guzzlehttp\\guzzle\\src\\Middleware.php(31): GuzzleHttp\\PrepareBodyMiddleware->__invoke()
#7 D:\\kaufland-coding-test\\kaufland-data-feed\\vendor\\guzzlehttp\\guzzle\\src\\RedirectMiddleware.php(71): GuzzleHttp\\Middleware::GuzzleHttp\\{closure}()
#8 D:\\kaufland-coding-test\\kaufland-data-feed\\vendor\\guzzlehttp\\guzzle\\src\\Middleware.php(66): GuzzleHttp\\RedirectMiddleware->__invoke()
#9 D:\\kaufland-coding-test\\kaufland-data-feed\\vendor\\guzzlehttp\\guzzle\\src\\HandlerStack.php(75): GuzzleHttp\\Middleware::GuzzleHttp\\{closure}()
#10 D:\\kaufland-coding-test\\kaufland-data-feed\\vendor\\guzzlehttp\\guzzle\\src\\Client.php(333): GuzzleHttp\\HandlerStack->__invoke()
#11 D:\\kaufland-coding-test\\kaufland-data-feed\\vendor\\guzzlehttp\\guzzle\\src\\Client.php(169): GuzzleHttp\\Client->transfer()
#12 D:\\kaufland-coding-test\\kaufland-data-feed\\vendor\\guzzlehttp\\guzzle\\src\\Client.php(189): GuzzleHttp\\Client->requestAsync()
#13 D:\\kaufland-coding-test\\kaufland-data-feed\\vendor\\guzzlehttp\\guzzle\\src\\ClientTrait.php(44): GuzzleHttp\\Client->request()
#14 D:\\kaufland-coding-test\\kaufland-data-feed\\app\\Console\\Commands\\processData.php(86): GuzzleHttp\\Client->get()
#15 D:\\kaufland-coding-test\\kaufland-data-feed\\vendor\\laravel\\framework\\src\\Illuminate\\Container\\BoundMethod.php(36): App\\Console\\Commands\\processData->handle()
#16 D:\\kaufland-coding-test\\kaufland-data-feed\\vendor\\laravel\\framework\\src\\Illuminate\\Container\\Util.php(41): Illuminate\\Container\\BoundMethod::Illuminate\\Container\\{closure}()
#17 D:\\kaufland-coding-test\\kaufland-data-feed\\vendor\\laravel\\framework\\src\\Illuminate\\Container\\BoundMethod.php(93): Illuminate\\Container\\Util::unwrapIfClosure()
#18 D:\\kaufland-coding-test\\kaufland-data-feed\\vendor\\laravel\\framework\\src\\Illuminate\\Container\\BoundMethod.php(35): Illuminate\\Container\\BoundMethod::callBoundMethod()
#19 D:\\kaufland-coding-test\\kaufland-data-feed\\vendor\\laravel\\framework\\src\\Illuminate\\Container\\Container.php(690): Illuminate\\Container\\BoundMethod::call()
#20 D:\\kaufland-coding-test\\kaufland-data-feed\\vendor\\laravel\\framework\\src\\Illuminate\\Console\\Command.php(213): Illuminate\\Container\\Container->call()
#21 D:\\kaufland-coding-test\\kaufland-data-feed\\vendor\\symfony\\console\\Command\\Command.php(279): Illuminate\\Console\\Command->execute()
#22 D:\\kaufland-coding-test\\kaufland-data-feed\\vendor\\laravel\\framework\\src\\Illuminate\\Console\\Command.php(182): Symfony\\Component\\Console\\Command\\Command->run()
#23 D:\\kaufland-coding-test\\kaufland-data-feed\\vendor\\symfony\\console\\Application.php(1047): Illuminate\\Console\\Command->run()
#24 D:\\kaufland-coding-test\\kaufland-data-feed\\vendor\\symfony\\console\\Application.php(316): Symfony\\Component\\Console\\Application->doRunCommand()
#25 D:\\kaufland-coding-test\\kaufland-data-feed\\vendor\\symfony\\console\\Application.php(167): Symfony\\Component\\Console\\Application->doRun()
#26 D:\\kaufland-coding-test\\kaufland-data-feed\\vendor\\laravel\\framework\\src\\Illuminate\\Foundation\\Console\\Kernel.php(196): Symfony\\Component\\Console\\Application->run()
#27 D:\\kaufland-coding-test\\kaufland-data-feed\\vendor\\laravel\\framework\\src\\Illuminate\\Foundation\\Application.php(1203): Illuminate\\Foundation\\Console\\Kernel->handle()
#28 D:\\kaufland-coding-test\\kaufland-data-feed\\artisan(13): Illuminate\\Foundation\\Application->handleCommand()
#29 {main}
"} 
[2024-07-13 07:04:01] local.ERROR: Undefined variable $xmlObject {"exception":"[object] (ErrorException(code: 0): Undefined variable $xmlObject at D:\\kaufland-coding-test\\kaufland-data-feed\\app\\Console\\Commands\\processData.php:101)
[stacktrace]
#0 D:\\kaufland-coding-test\\kaufland-data-feed\\vendor\\laravel\\framework\\src\\Illuminate\\Foundation\\Bootstrap\\HandleExceptions.php(256): Illuminate\\Foundation\\Bootstrap\\HandleExceptions->handleError()
#1 D:\\kaufland-coding-test\\kaufland-data-feed\\app\\Console\\Commands\\processData.php(101): Illuminate\\Foundation\\Bootstrap\\HandleExceptions->Illuminate\\Foundation\\Bootstrap\\{closure}()
#2 D:\\kaufland-coding-test\\kaufland-data-feed\\vendor\\laravel\\framework\\src\\Illuminate\\Container\\BoundMethod.php(36): App\\Console\\Commands\\processData->handle()
#3 D:\\kaufland-coding-test\\kaufland-data-feed\\vendor\\laravel\\framework\\src\\Illuminate\\Container\\Util.php(41): Illuminate\\Container\\BoundMethod::Illuminate\\Container\\{closure}()
#4 D:\\kaufland-coding-test\\kaufland-data-feed\\vendor\\laravel\\framework\\src\\Illuminate\\Container\\BoundMethod.php(93): Illuminate\\Container\\Util::unwrapIfClosure()
#5 D:\\kaufland-coding-test\\kaufland-data-feed\\vendor\\laravel\\framework\\src\\Illuminate\\Container\\BoundMethod.php(35): Illuminate\\Container\\BoundMethod::callBoundMethod()
#6 D:\\kaufland-coding-test\\kaufland-data-feed\\vendor\\laravel\\framework\\src\\Illuminate\\Container\\Container.php(690): Illuminate\\Container\\BoundMethod::call()
#7 D:\\kaufland-coding-test\\kaufland-data-feed\\vendor\\laravel\\framework\\src\\Illuminate\\Console\\Command.php(213): Illuminate\\Container\\Container->call()
#8 D:\\kaufland-coding-test\\kaufland-data-feed\\vendor\\symfony\\console\\Command\\Command.php(279): Illuminate\\Console\\Command->execute()
#9 D:\\kaufland-coding-test\\kaufland-data-feed\\vendor\\laravel\\framework\\src\\Illuminate\\Console\\Command.php(182): Symfony\\Component\\Console\\Command\\Command->run()
#10 D:\\kaufland-coding-test\\kaufland-data-feed\\vendor\\symfony\\console\\Application.php(1047): Illuminate\\Console\\Command->run()
#11 D:\\kaufland-coding-test\\kaufland-data-feed\\vendor\\symfony\\console\\Application.php(316): Symfony\\Component\\Console\\Application->doRunCommand()
#12 D:\\kaufland-coding-test\\kaufland-data-feed\\vendor\\symfony\\console\\Application.php(167): Symfony\\Component\\Console\\Application->doRun()
#13 D:\\kaufland-coding-test\\kaufland-data-feed\\vendor\\laravel\\framework\\src\\Illuminate\\Foundation\\Console\\Kernel.php(196): Symfony\\Component\\Console\\Application->run()
#14 D:\\kaufland-coding-test\\kaufland-data-feed\\vendor\\laravel\\framework\\src\\Illuminate\\Foundation\\Application.php(1203): Illuminate\\Foundation\\Console\\Kernel->handle()
#15 D:\\kaufland-coding-test\\kaufland-data-feed\\artisan(13): Illuminate\\Foundation\\Application->handleCommand()
#16 {main}
"} 
[2024-07-13 07:04:36] local.ERROR: Undefined variable $xmlObject {"exception":"[object] (ErrorException(code: 0): Undefined variable $xmlObject at D:\\kaufland-coding-test\\kaufland-data-feed\\app\\Console\\Commands\\processData.php:100)
[stacktrace]
#0 D:\\kaufland-coding-test\\kaufland-data-feed\\vendor\\laravel\\framework\\src\\Illuminate\\Foundation\\Bootstrap\\HandleExceptions.php(256): Illuminate\\Foundation\\Bootstrap\\HandleExceptions->handleError()
#1 D:\\kaufland-coding-test\\kaufland-data-feed\\app\\Console\\Commands\\processData.php(100): Illuminate\\Foundation\\Bootstrap\\HandleExceptions->Illuminate\\Foundation\\Bootstrap\\{closure}()
#2 D:\\kaufland-coding-test\\kaufland-data-feed\\vendor\\laravel\\framework\\src\\Illuminate\\Container\\BoundMethod.php(36): App\\Console\\Commands\\processData->handle()
#3 D:\\kaufland-coding-test\\kaufland-data-feed\\vendor\\laravel\\framework\\src\\Illuminate\\Container\\Util.php(41): Illuminate\\Container\\BoundMethod::Illuminate\\Container\\{closure}()
#4 D:\\kaufland-coding-test\\kaufland-data-feed\\vendor\\laravel\\framework\\src\\Illuminate\\Container\\BoundMethod.php(93): Illuminate\\Container\\Util::unwrapIfClosure()
#5 D:\\kaufland-coding-test\\kaufland-data-feed\\vendor\\laravel\\framework\\src\\Illuminate\\Container\\BoundMethod.php(35): Illuminate\\Container\\BoundMethod::callBoundMethod()
#6 D:\\kaufland-coding-test\\kaufland-data-feed\\vendor\\laravel\\framework\\src\\Illuminate\\Container\\Container.php(690): Illuminate\\Container\\BoundMethod::call()
#7 D:\\kaufland-coding-test\\kaufland-data-feed\\vendor\\laravel\\framework\\src\\Illuminate\\Console\\Command.php(213): Illuminate\\Container\\Container->call()
#8 D:\\kaufland-coding-test\\kaufland-data-feed\\vendor\\symfony\\console\\Command\\Command.php(279): Illuminate\\Console\\Command->execute()
#9 D:\\kaufland-coding-test\\kaufland-data-feed\\vendor\\laravel\\framework\\src\\Illuminate\\Console\\Command.php(182): Symfony\\Component\\Console\\Command\\Command->run()
#10 D:\\kaufland-coding-test\\kaufland-data-feed\\vendor\\symfony\\console\\Application.php(1047): Illuminate\\Console\\Command->run()
#11 D:\\kaufland-coding-test\\kaufland-data-feed\\vendor\\symfony\\console\\Application.php(316): Symfony\\Component\\Console\\Application->doRunCommand()
#12 D:\\kaufland-coding-test\\kaufland-data-feed\\vendor\\symfony\\console\\Application.php(167): Symfony\\Component\\Console\\Application->doRun()
#13 D:\\kaufland-coding-test\\kaufland-data-feed\\vendor\\laravel\\framework\\src\\Illuminate\\Foundation\\Console\\Kernel.php(196): Symfony\\Component\\Console\\Application->run()
#14 D:\\kaufland-coding-test\\kaufland-data-feed\\vendor\\laravel\\framework\\src\\Illuminate\\Foundation\\Application.php(1203): Illuminate\\Foundation\\Console\\Kernel->handle()
#15 D:\\kaufland-coding-test\\kaufland-data-feed\\artisan(13): Illuminate\\Foundation\\Application->handleCommand()
#16 {main}
"} 
[2024-07-13 07:06:59] local.ERROR: Undefined variable $response {"exception":"[object] (ErrorException(code: 0): Undefined variable $response at D:\\kaufland-coding-test\\kaufland-data-feed\\app\\Console\\Commands\\processData.php:98)
[stacktrace]
#0 D:\\kaufland-coding-test\\kaufland-data-feed\\vendor\\laravel\\framework\\src\\Illuminate\\Foundation\\Bootstrap\\HandleExceptions.php(256): Illuminate\\Foundation\\Bootstrap\\HandleExceptions->handleError()
#1 D:\\kaufland-coding-test\\kaufland-data-feed\\app\\Console\\Commands\\processData.php(98): Illuminate\\Foundation\\Bootstrap\\HandleExceptions->Illuminate\\Foundation\\Bootstrap\\{closure}()
#2 D:\\kaufland-coding-test\\kaufland-data-feed\\vendor\\laravel\\framework\\src\\Illuminate\\Container\\BoundMethod.php(36): App\\Console\\Commands\\processData->handle()
#3 D:\\kaufland-coding-test\\kaufland-data-feed\\vendor\\laravel\\framework\\src\\Illuminate\\Container\\Util.php(41): Illuminate\\Container\\BoundMethod::Illuminate\\Container\\{closure}()
#4 D:\\kaufland-coding-test\\kaufland-data-feed\\vendor\\laravel\\framework\\src\\Illuminate\\Container\\BoundMethod.php(93): Illuminate\\Container\\Util::unwrapIfClosure()
#5 D:\\kaufland-coding-test\\kaufland-data-feed\\vendor\\laravel\\framework\\src\\Illuminate\\Container\\BoundMethod.php(35): Illuminate\\Container\\BoundMethod::callBoundMethod()
#6 D:\\kaufland-coding-test\\kaufland-data-feed\\vendor\\laravel\\framework\\src\\Illuminate\\Container\\Container.php(690): Illuminate\\Container\\BoundMethod::call()
#7 D:\\kaufland-coding-test\\kaufland-data-feed\\vendor\\laravel\\framework\\src\\Illuminate\\Console\\Command.php(213): Illuminate\\Container\\Container->call()
#8 D:\\kaufland-coding-test\\kaufland-data-feed\\vendor\\symfony\\console\\Command\\Command.php(279): Illuminate\\Console\\Command->execute()
#9 D:\\kaufland-coding-test\\kaufland-data-feed\\vendor\\laravel\\framework\\src\\Illuminate\\Console\\Command.php(182): Symfony\\Component\\Console\\Command\\Command->run()
#10 D:\\kaufland-coding-test\\kaufland-data-feed\\vendor\\symfony\\console\\Application.php(1047): Illuminate\\Console\\Command->run()
#11 D:\\kaufland-coding-test\\kaufland-data-feed\\vendor\\symfony\\console\\Application.php(316): Symfony\\Component\\Console\\Application->doRunCommand()
#12 D:\\kaufland-coding-test\\kaufland-data-feed\\vendor\\symfony\\console\\Application.php(167): Symfony\\Component\\Console\\Application->doRun()
#13 D:\\kaufland-coding-test\\kaufland-data-feed\\vendor\\laravel\\framework\\src\\Illuminate\\Foundation\\Console\\Kernel.php(196): Symfony\\Component\\Console\\Application->run()
#14 D:\\kaufland-coding-test\\kaufland-data-feed\\vendor\\laravel\\framework\\src\\Illuminate\\Foundation\\Application.php(1203): Illuminate\\Foundation\\Console\\Kernel->handle()
#15 D:\\kaufland-coding-test\\kaufland-data-feed\\artisan(13): Illuminate\\Foundation\\Application->handleCommand()
#16 {main}
"} 
[2024-07-13 07:09:13] local.ERROR: Error executing SQL statement: SQLSTATE[42000]: Syntax error or access violation: 1064 You have an error in your SQL syntax; check the manual that corresponds to your MariaDB server version for the right syntax to use near '-id varchar(255), created-at varchar(255), updated-at varchar(255))' at line 1 (Connection: mysql, SQL: CREATE TABLE IF NOT EXISTS object ( uuid CHAR(8) PRIMARY KEY ,id varchar(255), title varchar(255), body varchar(255), views varchar(255), likes varchar(255), author-id varchar(255), created-at varchar(255), updated-at varchar(255));)  
[2024-07-13 07:09:13] local.ERROR: Error executing SQL statement: SQLSTATE[42000]: Syntax error or access violation: 1064 You have an error in your SQL syntax; check the manual that corresponds to your MariaDB server version for the right syntax to use near '-id, created-at, updated-at ) VALUES ( 'FnfZvemi', '1', '<p>Patre eorum, refi...' at line 1 (Connection: mysql, SQL: INSERT INTO object( uuid, id, title, body, views, likes, author-id, created-at, updated-at ) VALUES ( 'FnfZvemi', '1', '<p>Patre eorum, reficientes retia.</p>', '<p>Qui cum audissent regem, abierunt, et ecce stella, quam viderant in oriente, antecedebat eos, usque dum veniens staret supra, ubi erat puer. Videntes autem stellam gavisi sunt gaudio magno valde.</p><p>Et intrantes domum, invenerunt puerum cum Maria matre ejus, et procidentes adoraverunt eum et apertis thesauris suis obtulerunt ei munera, aurum, thus, et myrrham.</p>', '500', '540', '1', '2021-06-24T15:45:46.690Z', '2021-06-24T15:45:46.690Z' );)  
[2024-07-13 07:09:13] local.ERROR: Error executing SQL statement: SQLSTATE[42000]: Syntax error or access violation: 1064 You have an error in your SQL syntax; check the manual that corresponds to your MariaDB server version for the right syntax to use near '-id, created-at, updated-at ) VALUES ( 'HPLp1Nwb', '2', '<p>Mercedem suam. Te...' at line 1 (Connection: mysql, SQL: INSERT INTO object( uuid, id, title, body, views, likes, author-id, created-at, updated-at ) VALUES ( 'HPLp1Nwb', '2', '<p>Mercedem suam. Te autem.</p>', '<p>Non omnis who dicit mihi, Domine, Domine, intrabit in regnum Caelorum sed that facit voluntatem Patris mei, who is in Clis, ipse intrabit in regnum Caelorum. Multi dicent illa die in mihi Domine, Domine, in nomine tuo prophetavimus nun, and in nomine tuo Daemonia ejecimus and in nomine tuo virtutes multas fecimus? And tunc Confitebor illis numquam novi your Quia discedite was me who operamini iniquitatem.</p><p>Omnis ergo that audit verba mea CEST and facit Others assimilabitur viro Sapienti which dificavit domum suam petram supra, and down pluvia and venerunt flumina and flaverunt fan and irruerunt in domum illam, not cecidit Fundata enim erat super petram. And that omnis verba mea CEST audit and non facit Others similis erit viro stulto which dificavit domum suam super arenam and down pluvia and venerunt flumina and flaverunt fan and irruerunt in domum illam and cecidit and leaking ruined illius magna.</p>', '956', '608', '1', '2021-06-24T15:45:46.756Z', '2021-06-24T15:45:46.756Z' );)  
[2024-07-13 07:09:13] local.ERROR: Error executing SQL statement: SQLSTATE[42000]: Syntax error or access violation: 1064 You have an error in your SQL syntax; check the manual that corresponds to your MariaDB server version for the right syntax to use near '-id, created-at, updated-at ) VALUES ( 'W6K6731T', '3', '<p>In tenebris, vidi...' at line 1 (Connection: mysql, SQL: INSERT INTO object( uuid, id, title, body, views, likes, author-id, created-at, updated-at ) VALUES ( 'W6K6731T', '3', '<p>In tenebris, vidit lucem.</p>', '<p>Qui consurgens, accepit puerum, et matrem ejus, et venit in terram Isral. Audiens autem quod Archelaus regnaret in Juda pro Herode patre suo, timuit illo ire et admonitus in somnis, secessit in partes Galil.</p><p>Et veniens habitavit in civitate qu vocatur Nazareth ut adimpleretur quod dictum est per prophetas Quoniam Nazarus vocabitur. In diebus autem illis venit Joannes Baptista prdicans in deserto Jud, et dicens Pnitentiam agite appropinquavit enim regnum clorum.</p>', '407', '828', '1', '2021-06-24T15:45:46.772Z', '2021-06-24T15:45:46.772Z' );)  
[2024-07-13 07:09:13] local.ERROR: Error executing SQL statement: SQLSTATE[42000]: Syntax error or access violation: 1064 You have an error in your SQL syntax; check the manual that corresponds to your MariaDB server version for the right syntax to use near '-id, created-at, updated-at ) VALUES ( 'AzIOkIsJ', '4', '<p>Nomen tuum. Adven...' at line 1 (Connection: mysql, SQL: INSERT INTO object( uuid, id, title, body, views, likes, author-id, created-at, updated-at ) VALUES ( 'AzIOkIsJ', '4', '<p>Nomen tuum. Adveniat regnum.</p>', '<p>Qui cum audissent regem, abierunt, et ecce stella, quam viderant in oriente, antecedebat eos, usque dum veniens staret supra, ubi erat puer. Videntes autem stellam gavisi sunt gaudio magno valde.</p><p>Et intrantes domum, invenerunt puerum cum Maria matre ejus, et procidentes adoraverunt eum et apertis thesauris suis obtulerunt ei munera, aurum, thus, et myrrham.</p>', '725', '813', '1', '2021-06-24T15:45:46.797Z', '2021-06-24T15:45:46.797Z' );)  
[2024-07-13 07:09:13] local.ERROR: Error executing SQL statement: SQLSTATE[42000]: Syntax error or access violation: 1064 You have an error in your SQL syntax; check the manual that corresponds to your MariaDB server version for the right syntax to use near '-id, created-at, updated-at ) VALUES ( 'oPECHQQB', '5', '<p>Vobis thesauros i...' at line 1 (Connection: mysql, SQL: INSERT INTO object( uuid, id, title, body, views, likes, author-id, created-at, updated-at ) VALUES ( 'oPECHQQB', '5', '<p>Vobis thesauros in clo.</p>', '<p>Dico enim vobis, quia nisi abundaverit justitia vestra plus quam scribarum et pharisorum, non intrabitis in regnum clorum. Audistis quia dictum est antiquis Non occides qui autem occiderit, reus erit judicio.</p><p>Ego autem dico vobis quia omnis qui irascitur fratri suo, reus erit judicio. Qui autem dixerit fratri suo, raca reus erit concilio. Qui autem dixerit, fatue reus erit gehenn ignis.</p>', '761', '310', '1', '2021-06-24T15:45:46.864Z', '2021-06-24T15:45:46.864Z' );)  
[2024-07-13 07:09:13] local.ERROR: Error executing SQL statement: SQLSTATE[42000]: Syntax error or access violation: 1064 You have an error in your SQL syntax; check the manual that corresponds to your MariaDB server version for the right syntax to use near '-id, created-at, updated-at ) VALUES ( 'uhXRSZXk', '6', '<p>Sed super candela...' at line 1 (Connection: mysql, SQL: INSERT INTO object( uuid, id, title, body, views, likes, author-id, created-at, updated-at ) VALUES ( 'uhXRSZXk', '6', '<p>Sed super candelabrum, ut.</p>', '<p>Tunc adimpletum est quod dictum est per Jeremiam prophetam dicentem dicens Surge, et accipe puerum, et matrem ejus, et vade in terram Isral defuncti sunt enim qui qurebant animam pueri.</p><p>Qui consurgens, accepit puerum, et matrem ejus, et venit in terram Isral. Audiens autem quod Archelaus regnaret in Juda pro Herode patre suo, timuit illo ire et admonitus in somnis, secessit in partes Galil.</p>', '955', '430', '1', '2021-06-24T15:45:46.880Z', '2021-06-24T15:45:46.880Z' );)  
[2024-07-13 07:09:13] local.ERROR: Error executing SQL statement: SQLSTATE[42000]: Syntax error or access violation: 1064 You have an error in your SQL syntax; check the manual that corresponds to your MariaDB server version for the right syntax to use near '-id, created-at, updated-at ) VALUES ( 'LgIUfBgI', '7', '<p>Et Andream fratre...' at line 1 (Connection: mysql, SQL: INSERT INTO object( uuid, id, title, body, views, likes, author-id, created-at, updated-at ) VALUES ( 'LgIUfBgI', '7', '<p>Et Andream fratrem ejus.</p>', '<p>Et congregans omnes principes sacerdotum, et scribas populi, sciscitabatur ab eis ubi Christus nasceretur. At illi dixerunt In Bethlehem Jud sic enim scriptum est per prophetam Tunc Herodes clam vocatis magis diligenter didicit ab eis tempus stell, qu apparuit eis et mittens illos in Bethlehem, dixit Ite, et interrogate diligenter de puero et cum inveneritis, renuntiate mihi, ut et ego veniens adorem eum.</p><p>Qui cum audissent regem, abierunt, et ecce stella, quam viderant in oriente, antecedebat eos, usque dum veniens staret supra, ubi erat puer. Videntes autem stellam gavisi sunt gaudio magno valde.</p>', '607', '103', '1', '2021-06-24T15:45:46.920Z', '2021-06-24T15:45:46.920Z' );)  
[2024-07-13 07:09:13] local.ERROR: Error executing SQL statement: SQLSTATE[42000]: Syntax error or access violation: 1064 You have an error in your SQL syntax; check the manual that corresponds to your MariaDB server version for the right syntax to use near '-id, created-at, updated-at ) VALUES ( 'flsgJsF6', '8', '<p>Evangelium regni ...' at line 1 (Connection: mysql, SQL: INSERT INTO object( uuid, id, title, body, views, likes, author-id, created-at, updated-at ) VALUES ( 'flsgJsF6', '8', '<p>Evangelium regni et sanans.</p>', '<p>Si autem fnum agri, quod hodie est, et cras in clibanum mittitur, Deus sic vestit, quanto magis vos modic fidei? Nolite ergo solliciti esse, dicentes Quid manducabimus, aut quid bibemus, aut quo operiemur? hc enim omnia gentes inquirunt. Scit enim Pater vester, quia his omnibus indigetis.</p><p>Qurite ergo primum regnum Dei, et justitiam ejus et hc omnia adjicientur vobis. Nolite ergo solliciti esse in crastinum. Crastinus enim dies sollicitus erit sibi ipsi sufficit diei malitia sua.</p>', '974', '106', '1', '2021-06-24T15:45:46.940Z', '2021-06-24T15:45:46.940Z' );)  
[2024-07-13 07:09:13] local.ERROR: Error executing SQL statement: SQLSTATE[42000]: Syntax error or access violation: 1064 You have an error in your SQL syntax; check the manual that corresponds to your MariaDB server version for the right syntax to use near '-id, created-at, updated-at ) VALUES ( 'ZSdyHLeI', '9', '<p>Ex fructibus eoru...' at line 1 (Connection: mysql, SQL: INSERT INTO object( uuid, id, title, body, views, likes, author-id, created-at, updated-at ) VALUES ( 'ZSdyHLeI', '9', '<p>Ex fructibus eorum cognoscetis.</p>', '<p>Et procedens inde, vidit alios duos fratres, Jacobum Zebedi, et Joannem fratrem ejus, in navi cum Zebedo patre eorum, reficientes retia sua et vocavit eos. Illi autem statim relictis retibus et patre, secuti sunt eum.</p><p>Et circuibat Jesus totam Galilam, docens in synagogis eorum, et prdicans Evangelium regni et sanans omnem languorem, et omnem infirmitatem in populo.</p>', '586', '651', '1', '2021-06-24T15:45:46.964Z', '2021-06-24T15:45:46.964Z' );)  
[2024-07-13 07:09:13] local.ERROR: Error executing SQL statement: SQLSTATE[42000]: Syntax error or access violation: 1064 You have an error in your SQL syntax; check the manual that corresponds to your MariaDB server version for the right syntax to use near '-id, created-at, updated-at ) VALUES ( 'r81Z8nxm', '10', '<p>Mutuari a te, ne...' at line 1 (Connection: mysql, SQL: INSERT INTO object( uuid, id, title, body, views, likes, author-id, created-at, updated-at ) VALUES ( 'r81Z8nxm', '10', '<p>Mutuari a te, ne.</p>', '<p>Cum autem descendisset de monte, secut sunt eum turb mult et ecce leprosus veniens, adorabat eum, dicens Domine, si vis, potes me mundare. Et extendens Jesus manum, tetigit eum, dicens Volo mundare. Et confestim mundata est lepra ejus. Et ait illi Jesus Vide, nemini dixeris sed vade, ostende te sacerdoti, et offer munus, quod prcepit Moyses, in testimonium illis.</p><p>Cum autem introisset Capharnaum, accessit ad eum centurio, rogans eum, et dicens Domine, puer meus jacet in domo paralyticus, et male torquetur. Et ait illi Jesus Ego veniam, et curabo eum. Et respondens centurio, ait Domine, non sum dignus ut intres sub tectum meum sed tantum dic verbo, et sanabitur puer meus.</p>', '530', '365', '1', '2021-06-24T15:45:46.994Z', '2021-06-24T15:45:46.994Z' );)  
[2024-07-13 07:09:13] local.ERROR: Error executing SQL statement: SQLSTATE[42000]: Syntax error or access violation: 1064 You have an error in your SQL syntax; check the manual that corresponds to your MariaDB server version for the right syntax to use near '-id, created-at, updated-at ) VALUES ( 'gPHmMbbp', '11', '<p>Sic vestit, quan...' at line 1 (Connection: mysql, SQL: INSERT INTO object( uuid, id, title, body, views, likes, author-id, created-at, updated-at ) VALUES ( 'gPHmMbbp', '11', '<p>Sic vestit, quanto magis.</p>', '<p>Esto consentiens adversario tuo cito dum es in via cum eo ne forte tradat te adversarius judici, et judex tradat te ministro et in carcerem mittaris.</p><p>Amen dico tibi, non exies inde, donec reddas novissimum quadrantem. Audistis quia dictum est antiquis Non mchaberis. Ego autem dico vobis quia omnis qui viderit mulierem ad concupiscendum eam, jam mchatus est eam in corde suo.</p>', '615', '650', '1', '2021-06-24T15:45:47.002Z', '2021-06-24T15:45:47.002Z' );)  
[2024-07-13 07:09:13] local.ERROR: Error executing SQL statement: SQLSTATE[42000]: Syntax error or access violation: 1064 You have an error in your SQL syntax; check the manual that corresponds to your MariaDB server version for the right syntax to use near '-id, created-at, updated-at ) VALUES ( 'QpyTTA49', '12', '<p>Erit concilio. Q...' at line 1 (Connection: mysql, SQL: INSERT INTO object( uuid, id, title, body, views, likes, author-id, created-at, updated-at ) VALUES ( 'QpyTTA49', '12', '<p>Erit concilio. Qui autem.</p>', '<p>Esto consentiens adversario tuo cito dum es in via cum eo ne forte tradat te adversarius judici, et judex tradat te ministro et in carcerem mittaris.</p><p>Amen dico tibi, non exies inde, donec reddas novissimum quadrantem. Audistis quia dictum est antiquis Non mchaberis. Ego autem dico vobis quia omnis qui viderit mulierem ad concupiscendum eam, jam mchatus est eam in corde suo.</p>', '102', '527', '1', '2021-06-24T15:45:47.015Z', '2021-06-24T15:45:47.015Z' );)  
[2024-07-13 07:09:13] local.ERROR: Error executing SQL statement: SQLSTATE[42000]: Syntax error or access violation: 1064 You have an error in your SQL syntax; check the manual that corresponds to your MariaDB server version for the right syntax to use near '-id, created-at, updated-at ) VALUES ( 'yNnSDrHR', '13', '<p>Ejus neque per J...' at line 1 (Connection: mysql, SQL: INSERT INTO object( uuid, id, title, body, views, likes, author-id, created-at, updated-at ) VALUES ( 'yNnSDrHR', '13', '<p>Ejus neque per Jerosolymam.</p>', '<p>Exinde cpit Jesus prdicare, et dicere Pnitentiam agite appropinquavit enim regnum clorum.  Ambulans autem Jesus juxta mare Galil, vidit duos fratres, Simonem, qui vocatur Petrus, et Andream fratrem ejus, mittentes rete in mare (erant enim piscatores),</p><p>Et ait illis Venite post me, et faciam vos fieri piscatores hominum. At illi continuo relictis retibus secuti sunt eum.</p>', '440', '491', '1', '2021-06-24T15:45:47.023Z', '2021-06-24T15:45:47.023Z' );)  
[2024-07-13 07:09:13] local.ERROR: Error executing SQL statement: SQLSTATE[42000]: Syntax error or access violation: 1064 You have an error in your SQL syntax; check the manual that corresponds to your MariaDB server version for the right syntax to use near '-id, created-at, updated-at ) VALUES ( 'trO3hT4w', '14', '<p>Nos perimus. Et ...' at line 1 (Connection: mysql, SQL: INSERT INTO object( uuid, id, title, body, views, likes, author-id, created-at, updated-at ) VALUES ( 'trO3hT4w', '14', '<p>Nos perimus. Et dicit.</p>', '<p>Et ne velitis dicere intra vos Patrem habemus Abraham. Dico enim vobis quoniam potens est Deus de lapidibus istis suscitare filios Abrah. Jam enim securis ad radicem arborum posita est. Omnis ergo arbor, qu non facit fructum bonum, excidetur, et in ignem mittetur.</p><p>Ego quidem baptizo vos in aqua in pnitentiam qui autem post me venturus est, fortior me est, cujus non sum dignus calceamenta portare ipse vos baptizabit in Spiritu Sancto, et igni.</p>', '828', '898', '1', '2021-06-24T15:45:47.048Z', '2021-06-24T15:45:47.048Z' );)  
[2024-07-13 07:09:13] local.ERROR: Error executing SQL statement: SQLSTATE[42000]: Syntax error or access violation: 1064 You have an error in your SQL syntax; check the manual that corresponds to your MariaDB server version for the right syntax to use near '-id, created-at, updated-at ) VALUES ( 'W9sAsQpk', '15', '<p>Mihi Domine, Dom...' at line 1 (Connection: mysql, SQL: INSERT INTO object( uuid, id, title, body, views, likes, author-id, created-at, updated-at ) VALUES ( 'W9sAsQpk', '15', '<p>Mihi Domine, Domine, in.</p>', '<p>Ego autem dico vobis diligite inimicos vestros, benefacite his qui oderunt vos, et orate pro persequentibus et calumniantibus vos ut sitis filii Patris vestri, qui in clis est qui solem suum oriri facit super bonos et malos et pluit super justos et injustos.</p><p>Si enim diligitis eos qui vos diligunt, quam mercedem habebitis? nonne et publicani hoc faciunt?</p>', '218', '916', '1', '2021-06-24T15:45:47.061Z', '2021-06-24T15:45:47.061Z' );)  
[2024-07-13 07:09:13] local.ERROR: Error executing SQL statement: SQLSTATE[42000]: Syntax error or access violation: 1064 You have an error in your SQL syntax; check the manual that corresponds to your MariaDB server version for the right syntax to use near '-id, created-at, updated-at ) VALUES ( 'yTKjhWlB', '16', '<p>And in nomine tu...' at line 1 (Connection: mysql, SQL: INSERT INTO object( uuid, id, title, body, views, likes, author-id, created-at, updated-at ) VALUES ( 'yTKjhWlB', '16', '<p>And in nomine tuo.</p>', '<p>Qui petit a te, da ei et volenti mutuari a te, ne avertaris.  Audistis quia dictum est Diliges proximum tuum, et odio habebis inimicum tuum.</p><p>Ego autem dico vobis diligite inimicos vestros, benefacite his qui oderunt vos, et orate pro persequentibus et calumniantibus vos ut sitis filii Patris vestri, qui in clis est qui solem suum oriri facit super bonos et malos et pluit super justos et injustos.</p>', '607', '986', '1', '2021-06-24T15:45:47.078Z', '2021-06-24T15:45:47.078Z' );)  
[2024-07-13 07:09:13] local.ERROR: Error executing SQL statement: SQLSTATE[42000]: Syntax error or access violation: 1064 You have an error in your SQL syntax; check the manual that corresponds to your MariaDB server version for the right syntax to use near '-id, created-at, updated-at ) VALUES ( 'x62kQFLD', '17', '<p>Ei omnes male ha...' at line 1 (Connection: mysql, SQL: INSERT INTO object( uuid, id, title, body, views, likes, author-id, created-at, updated-at ) VALUES ( 'x62kQFLD', '17', '<p>Ei omnes male habentes.</p>', '<p>Ego autem dico vobis, non jurare omnino, neque per clum, quia thronus Dei est neque per terram, quia scabellum est pedum ejus neque per Jerosolymam, quia civitas est magni regis neque per caput tuum juraveris, quia non potes unum capillum album facere, aut nigrum.</p><p>Sit autem sermo vester, est, est non, non quod autem his abundantius est, a malo est. Audistis quia dictum est Oculum pro oculo, et dentem pro dente.</p>', '973', '388', '1', '2021-06-24T15:45:47.086Z', '2021-06-24T15:45:47.086Z' );)  
[2024-07-13 07:09:13] local.ERROR: Error executing SQL statement: SQLSTATE[42000]: Syntax error or access violation: 1064 You have an error in your SQL syntax; check the manual that corresponds to your MariaDB server version for the right syntax to use near '-id, created-at, updated-at ) VALUES ( 'kc7HOk4C', '18', '<p>Vade prius recon...' at line 1 (Connection: mysql, SQL: INSERT INTO object( uuid, id, title, body, views, likes, author-id, created-at, updated-at ) VALUES ( 'kc7HOk4C', '18', '<p>Vade prius reconciliari fratri.</p>', '<p>Ego autem dico vobis, non jurare omnino, neque per clum, quia thronus Dei est neque per terram, quia scabellum est pedum ejus neque per Jerosolymam, quia civitas est magni regis neque per caput tuum juraveris, quia non potes unum capillum album facere, aut nigrum.</p><p>Sit autem sermo vester, est, est non, non quod autem his abundantius est, a malo est. Audistis quia dictum est Oculum pro oculo, et dentem pro dente.</p>', '670', '632', '1', '2021-06-24T15:45:47.097Z', '2021-06-24T15:45:47.097Z' );)  
[2024-07-13 07:09:13] local.ERROR: Error executing SQL statement: SQLSTATE[42000]: Syntax error or access violation: 1064 You have an error in your SQL syntax; check the manual that corresponds to your MariaDB server version for the right syntax to use near '-id, created-at, updated-at ) VALUES ( 'mfxrnRgD', '19', '<p>Lux vestra coram...' at line 1 (Connection: mysql, SQL: INSERT INTO object( uuid, id, title, body, views, likes, author-id, created-at, updated-at ) VALUES ( 'mfxrnRgD', '19', '<p>Lux vestra coram hominibus.</p>', '<p>Ait illi Jesus Rursum scriptum est Non tentabis Dominum Deum tuum.</p><p>Iterum assumpsit eum diabolus in montem excelsum valde et ostendit ei omnia regna mundi, et gloriam eorum, et dixit ei Hc omnia tibi dabo, si cadens adoraveris me. Tunc dicit ei Jesus Vade Satana Scriptum est enim Dominum Deum tuum adorabis, et illi soli servies.</p>', '325', '220', '1', '2021-06-24T15:45:47.109Z', '2021-06-24T15:45:47.109Z' );)  
[2024-07-13 07:09:13] local.ERROR: Error executing SQL statement: SQLSTATE[42000]: Syntax error or access violation: 1064 You have an error in your SQL syntax; check the manual that corresponds to your MariaDB server version for the right syntax to use near '-id, created-at, updated-at ) VALUES ( 'aIve4fzs', '20', '<p>Regno clorum q...' at line 1 (Connection: mysql, SQL: INSERT INTO object( uuid, id, title, body, views, likes, author-id, created-at, updated-at ) VALUES ( 'aIve4fzs', '20', '<p>Regno clorum qui autem.</p>', '<p>Tunc reliquit eum diabolus et ecce angeli accesserunt, et ministrabant ei. Cum autem audisset Jesus quod Joannes traditus esset, secessit in Galilam et, relicta civitate Nazareth, venit, et habitavit in Capharnaum maritima, in finibus Zabulon et Nephthalim ut adimpleretur quod dictum est per Isaiam prophetam Terra Zabulon, et terra Nephthalim, via maris trans Jordanem, alila gentium populus, qui sedebat in tenebris, vidit lucem magnam et sedentibus in regione umbr mortis, lux orta est eis.</p><p>Exinde cpit Jesus prdicare, et dicere Pnitentiam agite appropinquavit enim regnum clorum.  Ambulans autem Jesus juxta mare Galil, vidit duos fratres, Simonem, qui vocatur Petrus, et Andream fratrem ejus, mittentes rete in mare (erant enim piscatores),</p>', '817', '950', '1', '2021-06-24T15:45:47.147Z', '2021-06-24T15:45:47.147Z' );)  
[2024-07-13 07:10:22] local.ERROR: Error executing SQL statement: SQLSTATE[42000]: Syntax error or access violation: 1064 You have an error in your SQL syntax; check the manual that corresponds to your MariaDB server version for the right syntax to use near '-id varchar(255), created-at varchar(255), updated-at varchar(255))' at line 1 (Connection: mysql, SQL: CREATE TABLE IF NOT EXISTS object ( uuid CHAR(8) PRIMARY KEY ,id varchar(255), title varchar(255), body varchar(255), views varchar(255), likes varchar(255), author-id varchar(255), created-at varchar(255), updated-at varchar(255));)  
[2024-07-13 07:10:22] local.ERROR: Error executing SQL statement: SQLSTATE[42000]: Syntax error or access violation: 1064 You have an error in your SQL syntax; check the manual that corresponds to your MariaDB server version for the right syntax to use near '-id, created-at, updated-at ) VALUES ( 'qR0JaO0S', '1', '<p>Patre eorum, refi...' at line 1 (Connection: mysql, SQL: INSERT INTO object( uuid, id, title, body, views, likes, author-id, created-at, updated-at ) VALUES ( 'qR0JaO0S', '1', '<p>Patre eorum, reficientes retia.</p>', '<p>Qui cum audissent regem, abierunt, et ecce stella, quam viderant in oriente, antecedebat eos, usque dum veniens staret supra, ubi erat puer. Videntes autem stellam gavisi sunt gaudio magno valde.</p><p>Et intrantes domum, invenerunt puerum cum Maria matre ejus, et procidentes adoraverunt eum et apertis thesauris suis obtulerunt ei munera, aurum, thus, et myrrham.</p>', '500', '540', '1', '2021-06-24T15:45:46.690Z', '2021-06-24T15:45:46.690Z' );)  
[2024-07-13 07:10:22] local.ERROR: Error executing SQL statement: SQLSTATE[42000]: Syntax error or access violation: 1064 You have an error in your SQL syntax; check the manual that corresponds to your MariaDB server version for the right syntax to use near '-id, created-at, updated-at ) VALUES ( 'QKkiKqXm', '2', '<p>Mercedem suam. Te...' at line 1 (Connection: mysql, SQL: INSERT INTO object( uuid, id, title, body, views, likes, author-id, created-at, updated-at ) VALUES ( 'QKkiKqXm', '2', '<p>Mercedem suam. Te autem.</p>', '<p>Non omnis who dicit mihi, Domine, Domine, intrabit in regnum Caelorum sed that facit voluntatem Patris mei, who is in Clis, ipse intrabit in regnum Caelorum. Multi dicent illa die in mihi Domine, Domine, in nomine tuo prophetavimus nun, and in nomine tuo Daemonia ejecimus and in nomine tuo virtutes multas fecimus? And tunc Confitebor illis numquam novi your Quia discedite was me who operamini iniquitatem.</p><p>Omnis ergo that audit verba mea CEST and facit Others assimilabitur viro Sapienti which dificavit domum suam petram supra, and down pluvia and venerunt flumina and flaverunt fan and irruerunt in domum illam, not cecidit Fundata enim erat super petram. And that omnis verba mea CEST audit and non facit Others similis erit viro stulto which dificavit domum suam super arenam and down pluvia and venerunt flumina and flaverunt fan and irruerunt in domum illam and cecidit and leaking ruined illius magna.</p>', '956', '608', '1', '2021-06-24T15:45:46.756Z', '2021-06-24T15:45:46.756Z' );)  
[2024-07-13 07:10:22] local.ERROR: Error executing SQL statement: SQLSTATE[42000]: Syntax error or access violation: 1064 You have an error in your SQL syntax; check the manual that corresponds to your MariaDB server version for the right syntax to use near '-id, created-at, updated-at ) VALUES ( 'GJheHKC6', '3', '<p>In tenebris, vidi...' at line 1 (Connection: mysql, SQL: INSERT INTO object( uuid, id, title, body, views, likes, author-id, created-at, updated-at ) VALUES ( 'GJheHKC6', '3', '<p>In tenebris, vidit lucem.</p>', '<p>Qui consurgens, accepit puerum, et matrem ejus, et venit in terram Isral. Audiens autem quod Archelaus regnaret in Juda pro Herode patre suo, timuit illo ire et admonitus in somnis, secessit in partes Galil.</p><p>Et veniens habitavit in civitate qu vocatur Nazareth ut adimpleretur quod dictum est per prophetas Quoniam Nazarus vocabitur. In diebus autem illis venit Joannes Baptista prdicans in deserto Jud, et dicens Pnitentiam agite appropinquavit enim regnum clorum.</p>', '407', '828', '1', '2021-06-24T15:45:46.772Z', '2021-06-24T15:45:46.772Z' );)  
[2024-07-13 07:10:22] local.ERROR: Error executing SQL statement: SQLSTATE[42000]: Syntax error or access violation: 1064 You have an error in your SQL syntax; check the manual that corresponds to your MariaDB server version for the right syntax to use near '-id, created-at, updated-at ) VALUES ( 'VwPxVrZ0', '4', '<p>Nomen tuum. Adven...' at line 1 (Connection: mysql, SQL: INSERT INTO object( uuid, id, title, body, views, likes, author-id, created-at, updated-at ) VALUES ( 'VwPxVrZ0', '4', '<p>Nomen tuum. Adveniat regnum.</p>', '<p>Qui cum audissent regem, abierunt, et ecce stella, quam viderant in oriente, antecedebat eos, usque dum veniens staret supra, ubi erat puer. Videntes autem stellam gavisi sunt gaudio magno valde.</p><p>Et intrantes domum, invenerunt puerum cum Maria matre ejus, et procidentes adoraverunt eum et apertis thesauris suis obtulerunt ei munera, aurum, thus, et myrrham.</p>', '725', '813', '1', '2021-06-24T15:45:46.797Z', '2021-06-24T15:45:46.797Z' );)  
[2024-07-13 07:10:22] local.ERROR: Error executing SQL statement: SQLSTATE[42000]: Syntax error or access violation: 1064 You have an error in your SQL syntax; check the manual that corresponds to your MariaDB server version for the right syntax to use near '-id, created-at, updated-at ) VALUES ( 'QAqHUTJw', '5', '<p>Vobis thesauros i...' at line 1 (Connection: mysql, SQL: INSERT INTO object( uuid, id, title, body, views, likes, author-id, created-at, updated-at ) VALUES ( 'QAqHUTJw', '5', '<p>Vobis thesauros in clo.</p>', '<p>Dico enim vobis, quia nisi abundaverit justitia vestra plus quam scribarum et pharisorum, non intrabitis in regnum clorum. Audistis quia dictum est antiquis Non occides qui autem occiderit, reus erit judicio.</p><p>Ego autem dico vobis quia omnis qui irascitur fratri suo, reus erit judicio. Qui autem dixerit fratri suo, raca reus erit concilio. Qui autem dixerit, fatue reus erit gehenn ignis.</p>', '761', '310', '1', '2021-06-24T15:45:46.864Z', '2021-06-24T15:45:46.864Z' );)  
[2024-07-13 07:10:22] local.ERROR: Error executing SQL statement: SQLSTATE[42000]: Syntax error or access violation: 1064 You have an error in your SQL syntax; check the manual that corresponds to your MariaDB server version for the right syntax to use near '-id, created-at, updated-at ) VALUES ( 'nGpE1pAJ', '6', '<p>Sed super candela...' at line 1 (Connection: mysql, SQL: INSERT INTO object( uuid, id, title, body, views, likes, author-id, created-at, updated-at ) VALUES ( 'nGpE1pAJ', '6', '<p>Sed super candelabrum, ut.</p>', '<p>Tunc adimpletum est quod dictum est per Jeremiam prophetam dicentem dicens Surge, et accipe puerum, et matrem ejus, et vade in terram Isral defuncti sunt enim qui qurebant animam pueri.</p><p>Qui consurgens, accepit puerum, et matrem ejus, et venit in terram Isral. Audiens autem quod Archelaus regnaret in Juda pro Herode patre suo, timuit illo ire et admonitus in somnis, secessit in partes Galil.</p>', '955', '430', '1', '2021-06-24T15:45:46.880Z', '2021-06-24T15:45:46.880Z' );)  
[2024-07-13 07:10:22] local.ERROR: Error executing SQL statement: SQLSTATE[42000]: Syntax error or access violation: 1064 You have an error in your SQL syntax; check the manual that corresponds to your MariaDB server version for the right syntax to use near '-id, created-at, updated-at ) VALUES ( 'CboYT7TC', '7', '<p>Et Andream fratre...' at line 1 (Connection: mysql, SQL: INSERT INTO object( uuid, id, title, body, views, likes, author-id, created-at, updated-at ) VALUES ( 'CboYT7TC', '7', '<p>Et Andream fratrem ejus.</p>', '<p>Et congregans omnes principes sacerdotum, et scribas populi, sciscitabatur ab eis ubi Christus nasceretur. At illi dixerunt In Bethlehem Jud sic enim scriptum est per prophetam Tunc Herodes clam vocatis magis diligenter didicit ab eis tempus stell, qu apparuit eis et mittens illos in Bethlehem, dixit Ite, et interrogate diligenter de puero et cum inveneritis, renuntiate mihi, ut et ego veniens adorem eum.</p><p>Qui cum audissent regem, abierunt, et ecce stella, quam viderant in oriente, antecedebat eos, usque dum veniens staret supra, ubi erat puer. Videntes autem stellam gavisi sunt gaudio magno valde.</p>', '607', '103', '1', '2021-06-24T15:45:46.920Z', '2021-06-24T15:45:46.920Z' );)  
[2024-07-13 07:10:22] local.ERROR: Error executing SQL statement: SQLSTATE[42000]: Syntax error or access violation: 1064 You have an error in your SQL syntax; check the manual that corresponds to your MariaDB server version for the right syntax to use near '-id, created-at, updated-at ) VALUES ( 'Tedh3Qj3', '8', '<p>Evangelium regni ...' at line 1 (Connection: mysql, SQL: INSERT INTO object( uuid, id, title, body, views, likes, author-id, created-at, updated-at ) VALUES ( 'Tedh3Qj3', '8', '<p>Evangelium regni et sanans.</p>', '<p>Si autem fnum agri, quod hodie est, et cras in clibanum mittitur, Deus sic vestit, quanto magis vos modic fidei? Nolite ergo solliciti esse, dicentes Quid manducabimus, aut quid bibemus, aut quo operiemur? hc enim omnia gentes inquirunt. Scit enim Pater vester, quia his omnibus indigetis.</p><p>Qurite ergo primum regnum Dei, et justitiam ejus et hc omnia adjicientur vobis. Nolite ergo solliciti esse in crastinum. Crastinus enim dies sollicitus erit sibi ipsi sufficit diei malitia sua.</p>', '974', '106', '1', '2021-06-24T15:45:46.940Z', '2021-06-24T15:45:46.940Z' );)  
[2024-07-13 07:10:22] local.ERROR: Error executing SQL statement: SQLSTATE[42000]: Syntax error or access violation: 1064 You have an error in your SQL syntax; check the manual that corresponds to your MariaDB server version for the right syntax to use near '-id, created-at, updated-at ) VALUES ( 'Okkuwpqp', '9', '<p>Ex fructibus eoru...' at line 1 (Connection: mysql, SQL: INSERT INTO object( uuid, id, title, body, views, likes, author-id, created-at, updated-at ) VALUES ( 'Okkuwpqp', '9', '<p>Ex fructibus eorum cognoscetis.</p>', '<p>Et procedens inde, vidit alios duos fratres, Jacobum Zebedi, et Joannem fratrem ejus, in navi cum Zebedo patre eorum, reficientes retia sua et vocavit eos. Illi autem statim relictis retibus et patre, secuti sunt eum.</p><p>Et circuibat Jesus totam Galilam, docens in synagogis eorum, et prdicans Evangelium regni et sanans omnem languorem, et omnem infirmitatem in populo.</p>', '586', '651', '1', '2021-06-24T15:45:46.964Z', '2021-06-24T15:45:46.964Z' );)  
[2024-07-13 07:10:22] local.ERROR: Error executing SQL statement: SQLSTATE[42000]: Syntax error or access violation: 1064 You have an error in your SQL syntax; check the manual that corresponds to your MariaDB server version for the right syntax to use near '-id, created-at, updated-at ) VALUES ( 'f54Opkaq', '10', '<p>Mutuari a te, ne...' at line 1 (Connection: mysql, SQL: INSERT INTO object( uuid, id, title, body, views, likes, author-id, created-at, updated-at ) VALUES ( 'f54Opkaq', '10', '<p>Mutuari a te, ne.</p>', '<p>Cum autem descendisset de monte, secut sunt eum turb mult et ecce leprosus veniens, adorabat eum, dicens Domine, si vis, potes me mundare. Et extendens Jesus manum, tetigit eum, dicens Volo mundare. Et confestim mundata est lepra ejus. Et ait illi Jesus Vide, nemini dixeris sed vade, ostende te sacerdoti, et offer munus, quod prcepit Moyses, in testimonium illis.</p><p>Cum autem introisset Capharnaum, accessit ad eum centurio, rogans eum, et dicens Domine, puer meus jacet in domo paralyticus, et male torquetur. Et ait illi Jesus Ego veniam, et curabo eum. Et respondens centurio, ait Domine, non sum dignus ut intres sub tectum meum sed tantum dic verbo, et sanabitur puer meus.</p>', '530', '365', '1', '2021-06-24T15:45:46.994Z', '2021-06-24T15:45:46.994Z' );)  
[2024-07-13 07:10:22] local.ERROR: Error executing SQL statement: SQLSTATE[42000]: Syntax error or access violation: 1064 You have an error in your SQL syntax; check the manual that corresponds to your MariaDB server version for the right syntax to use near '-id, created-at, updated-at ) VALUES ( 'MwU6tcxw', '11', '<p>Sic vestit, quan...' at line 1 (Connection: mysql, SQL: INSERT INTO object( uuid, id, title, body, views, likes, author-id, created-at, updated-at ) VALUES ( 'MwU6tcxw', '11', '<p>Sic vestit, quanto magis.</p>', '<p>Esto consentiens adversario tuo cito dum es in via cum eo ne forte tradat te adversarius judici, et judex tradat te ministro et in carcerem mittaris.</p><p>Amen dico tibi, non exies inde, donec reddas novissimum quadrantem. Audistis quia dictum est antiquis Non mchaberis. Ego autem dico vobis quia omnis qui viderit mulierem ad concupiscendum eam, jam mchatus est eam in corde suo.</p>', '615', '650', '1', '2021-06-24T15:45:47.002Z', '2021-06-24T15:45:47.002Z' );)  
[2024-07-13 07:10:22] local.ERROR: Error executing SQL statement: SQLSTATE[42000]: Syntax error or access violation: 1064 You have an error in your SQL syntax; check the manual that corresponds to your MariaDB server version for the right syntax to use near '-id, created-at, updated-at ) VALUES ( 'RjLQSMtu', '12', '<p>Erit concilio. Q...' at line 1 (Connection: mysql, SQL: INSERT INTO object( uuid, id, title, body, views, likes, author-id, created-at, updated-at ) VALUES ( 'RjLQSMtu', '12', '<p>Erit concilio. Qui autem.</p>', '<p>Esto consentiens adversario tuo cito dum es in via cum eo ne forte tradat te adversarius judici, et judex tradat te ministro et in carcerem mittaris.</p><p>Amen dico tibi, non exies inde, donec reddas novissimum quadrantem. Audistis quia dictum est antiquis Non mchaberis. Ego autem dico vobis quia omnis qui viderit mulierem ad concupiscendum eam, jam mchatus est eam in corde suo.</p>', '102', '527', '1', '2021-06-24T15:45:47.015Z', '2021-06-24T15:45:47.015Z' );)  
[2024-07-13 07:10:22] local.ERROR: Error executing SQL statement: SQLSTATE[42000]: Syntax error or access violation: 1064 You have an error in your SQL syntax; check the manual that corresponds to your MariaDB server version for the right syntax to use near '-id, created-at, updated-at ) VALUES ( 'JQKI46yn', '13', '<p>Ejus neque per J...' at line 1 (Connection: mysql, SQL: INSERT INTO object( uuid, id, title, body, views, likes, author-id, created-at, updated-at ) VALUES ( 'JQKI46yn', '13', '<p>Ejus neque per Jerosolymam.</p>', '<p>Exinde cpit Jesus prdicare, et dicere Pnitentiam agite appropinquavit enim regnum clorum.  Ambulans autem Jesus juxta mare Galil, vidit duos fratres, Simonem, qui vocatur Petrus, et Andream fratrem ejus, mittentes rete in mare (erant enim piscatores),</p><p>Et ait illis Venite post me, et faciam vos fieri piscatores hominum. At illi continuo relictis retibus secuti sunt eum.</p>', '440', '491', '1', '2021-06-24T15:45:47.023Z', '2021-06-24T15:45:47.023Z' );)  
[2024-07-13 07:10:22] local.ERROR: Error executing SQL statement: SQLSTATE[42000]: Syntax error or access violation: 1064 You have an error in your SQL syntax; check the manual that corresponds to your MariaDB server version for the right syntax to use near '-id, created-at, updated-at ) VALUES ( 'QVRJPzEo', '14', '<p>Nos perimus. Et ...' at line 1 (Connection: mysql, SQL: INSERT INTO object( uuid, id, title, body, views, likes, author-id, created-at, updated-at ) VALUES ( 'QVRJPzEo', '14', '<p>Nos perimus. Et dicit.</p>', '<p>Et ne velitis dicere intra vos Patrem habemus Abraham. Dico enim vobis quoniam potens est Deus de lapidibus istis suscitare filios Abrah. Jam enim securis ad radicem arborum posita est. Omnis ergo arbor, qu non facit fructum bonum, excidetur, et in ignem mittetur.</p><p>Ego quidem baptizo vos in aqua in pnitentiam qui autem post me venturus est, fortior me est, cujus non sum dignus calceamenta portare ipse vos baptizabit in Spiritu Sancto, et igni.</p>', '828', '898', '1', '2021-06-24T15:45:47.048Z', '2021-06-24T15:45:47.048Z' );)  
[2024-07-13 07:10:22] local.ERROR: Error executing SQL statement: SQLSTATE[42000]: Syntax error or access violation: 1064 You have an error in your SQL syntax; check the manual that corresponds to your MariaDB server version for the right syntax to use near '-id, created-at, updated-at ) VALUES ( 'oZ8GkxSC', '15', '<p>Mihi Domine, Dom...' at line 1 (Connection: mysql, SQL: INSERT INTO object( uuid, id, title, body, views, likes, author-id, created-at, updated-at ) VALUES ( 'oZ8GkxSC', '15', '<p>Mihi Domine, Domine, in.</p>', '<p>Ego autem dico vobis diligite inimicos vestros, benefacite his qui oderunt vos, et orate pro persequentibus et calumniantibus vos ut sitis filii Patris vestri, qui in clis est qui solem suum oriri facit super bonos et malos et pluit super justos et injustos.</p><p>Si enim diligitis eos qui vos diligunt, quam mercedem habebitis? nonne et publicani hoc faciunt?</p>', '218', '916', '1', '2021-06-24T15:45:47.061Z', '2021-06-24T15:45:47.061Z' );)  
[2024-07-13 07:10:22] local.ERROR: Error executing SQL statement: SQLSTATE[42000]: Syntax error or access violation: 1064 You have an error in your SQL syntax; check the manual that corresponds to your MariaDB server version for the right syntax to use near '-id, created-at, updated-at ) VALUES ( 'V18nGnKy', '16', '<p>And in nomine tu...' at line 1 (Connection: mysql, SQL: INSERT INTO object( uuid, id, title, body, views, likes, author-id, created-at, updated-at ) VALUES ( 'V18nGnKy', '16', '<p>And in nomine tuo.</p>', '<p>Qui petit a te, da ei et volenti mutuari a te, ne avertaris.  Audistis quia dictum est Diliges proximum tuum, et odio habebis inimicum tuum.</p><p>Ego autem dico vobis diligite inimicos vestros, benefacite his qui oderunt vos, et orate pro persequentibus et calumniantibus vos ut sitis filii Patris vestri, qui in clis est qui solem suum oriri facit super bonos et malos et pluit super justos et injustos.</p>', '607', '986', '1', '2021-06-24T15:45:47.078Z', '2021-06-24T15:45:47.078Z' );)  
[2024-07-13 07:10:22] local.ERROR: Error executing SQL statement: SQLSTATE[42000]: Syntax error or access violation: 1064 You have an error in your SQL syntax; check the manual that corresponds to your MariaDB server version for the right syntax to use near '-id, created-at, updated-at ) VALUES ( 'EgaxsRnU', '17', '<p>Ei omnes male ha...' at line 1 (Connection: mysql, SQL: INSERT INTO object( uuid, id, title, body, views, likes, author-id, created-at, updated-at ) VALUES ( 'EgaxsRnU', '17', '<p>Ei omnes male habentes.</p>', '<p>Ego autem dico vobis, non jurare omnino, neque per clum, quia thronus Dei est neque per terram, quia scabellum est pedum ejus neque per Jerosolymam, quia civitas est magni regis neque per caput tuum juraveris, quia non potes unum capillum album facere, aut nigrum.</p><p>Sit autem sermo vester, est, est non, non quod autem his abundantius est, a malo est. Audistis quia dictum est Oculum pro oculo, et dentem pro dente.</p>', '973', '388', '1', '2021-06-24T15:45:47.086Z', '2021-06-24T15:45:47.086Z' );)  
[2024-07-13 07:10:22] local.ERROR: Error executing SQL statement: SQLSTATE[42000]: Syntax error or access violation: 1064 You have an error in your SQL syntax; check the manual that corresponds to your MariaDB server version for the right syntax to use near '-id, created-at, updated-at ) VALUES ( 'ABEP4zsy', '18', '<p>Vade prius recon...' at line 1 (Connection: mysql, SQL: INSERT INTO object( uuid, id, title, body, views, likes, author-id, created-at, updated-at ) VALUES ( 'ABEP4zsy', '18', '<p>Vade prius reconciliari fratri.</p>', '<p>Ego autem dico vobis, non jurare omnino, neque per clum, quia thronus Dei est neque per terram, quia scabellum est pedum ejus neque per Jerosolymam, quia civitas est magni regis neque per caput tuum juraveris, quia non potes unum capillum album facere, aut nigrum.</p><p>Sit autem sermo vester, est, est non, non quod autem his abundantius est, a malo est. Audistis quia dictum est Oculum pro oculo, et dentem pro dente.</p>', '670', '632', '1', '2021-06-24T15:45:47.097Z', '2021-06-24T15:45:47.097Z' );)  
[2024-07-13 07:10:22] local.ERROR: Error executing SQL statement: SQLSTATE[42000]: Syntax error or access violation: 1064 You have an error in your SQL syntax; check the manual that corresponds to your MariaDB server version for the right syntax to use near '-id, created-at, updated-at ) VALUES ( 'qhxxLsG7', '19', '<p>Lux vestra coram...' at line 1 (Connection: mysql, SQL: INSERT INTO object( uuid, id, title, body, views, likes, author-id, created-at, updated-at ) VALUES ( 'qhxxLsG7', '19', '<p>Lux vestra coram hominibus.</p>', '<p>Ait illi Jesus Rursum scriptum est Non tentabis Dominum Deum tuum.</p><p>Iterum assumpsit eum diabolus in montem excelsum valde et ostendit ei omnia regna mundi, et gloriam eorum, et dixit ei Hc omnia tibi dabo, si cadens adoraveris me. Tunc dicit ei Jesus Vade Satana Scriptum est enim Dominum Deum tuum adorabis, et illi soli servies.</p>', '325', '220', '1', '2021-06-24T15:45:47.109Z', '2021-06-24T15:45:47.109Z' );)  
[2024-07-13 07:10:22] local.ERROR: Error executing SQL statement: SQLSTATE[42000]: Syntax error or access violation: 1064 You have an error in your SQL syntax; check the manual that corresponds to your MariaDB server version for the right syntax to use near '-id, created-at, updated-at ) VALUES ( 'Rs5H8RMc', '20', '<p>Regno clorum q...' at line 1 (Connection: mysql, SQL: INSERT INTO object( uuid, id, title, body, views, likes, author-id, created-at, updated-at ) VALUES ( 'Rs5H8RMc', '20', '<p>Regno clorum qui autem.</p>', '<p>Tunc reliquit eum diabolus et ecce angeli accesserunt, et ministrabant ei. Cum autem audisset Jesus quod Joannes traditus esset, secessit in Galilam et, relicta civitate Nazareth, venit, et habitavit in Capharnaum maritima, in finibus Zabulon et Nephthalim ut adimpleretur quod dictum est per Isaiam prophetam Terra Zabulon, et terra Nephthalim, via maris trans Jordanem, alila gentium populus, qui sedebat in tenebris, vidit lucem magnam et sedentibus in regione umbr mortis, lux orta est eis.</p><p>Exinde cpit Jesus prdicare, et dicere Pnitentiam agite appropinquavit enim regnum clorum.  Ambulans autem Jesus juxta mare Galil, vidit duos fratres, Simonem, qui vocatur Petrus, et Andream fratrem ejus, mittentes rete in mare (erant enim piscatores),</p>', '817', '950', '1', '2021-06-24T15:45:47.147Z', '2021-06-24T15:45:47.147Z' );)  
[2024-07-13 07:12:09] local.ERROR: Error executing SQL statement: SQLSTATE[42000]: Syntax error or access violation: 1064 You have an error in your SQL syntax; check the manual that corresponds to your MariaDB server version for the right syntax to use near '-id varchar(255), created-at varchar(255), updated-at varchar(255))' at line 1 (Connection: mysql, SQL: CREATE TABLE IF NOT EXISTS object ( uuid CHAR(8) PRIMARY KEY ,id varchar(255), title varchar(255), body varchar(255), views varchar(255), likes varchar(255), author-id varchar(255), created-at varchar(255), updated-at varchar(255));)  
[2024-07-13 07:12:09] local.ERROR: Error executing SQL statement: SQLSTATE[42000]: Syntax error or access violation: 1064 You have an error in your SQL syntax; check the manual that corresponds to your MariaDB server version for the right syntax to use near '-id, created-at, updated-at ) VALUES ( 'erkYNlw5', '1', '<p>Patre eorum, refi...' at line 1 (Connection: mysql, SQL: INSERT INTO object( uuid, id, title, body, views, likes, author-id, created-at, updated-at ) VALUES ( 'erkYNlw5', '1', '<p>Patre eorum, reficientes retia.</p>', '<p>Qui cum audissent regem, abierunt, et ecce stella, quam viderant in oriente, antecedebat eos, usque dum veniens staret supra, ubi erat puer. Videntes autem stellam gavisi sunt gaudio magno valde.</p><p>Et intrantes domum, invenerunt puerum cum Maria matre ejus, et procidentes adoraverunt eum et apertis thesauris suis obtulerunt ei munera, aurum, thus, et myrrham.</p>', '500', '540', '1', '2021-06-24T15:45:46.690Z', '2021-06-24T15:45:46.690Z' );)  
[2024-07-13 07:12:09] local.ERROR: Error executing SQL statement: SQLSTATE[42000]: Syntax error or access violation: 1064 You have an error in your SQL syntax; check the manual that corresponds to your MariaDB server version for the right syntax to use near '-id, created-at, updated-at ) VALUES ( 't7YVvAIN', '2', '<p>Mercedem suam. Te...' at line 1 (Connection: mysql, SQL: INSERT INTO object( uuid, id, title, body, views, likes, author-id, created-at, updated-at ) VALUES ( 't7YVvAIN', '2', '<p>Mercedem suam. Te autem.</p>', '<p>Non omnis who dicit mihi, Domine, Domine, intrabit in regnum Caelorum sed that facit voluntatem Patris mei, who is in Clis, ipse intrabit in regnum Caelorum. Multi dicent illa die in mihi Domine, Domine, in nomine tuo prophetavimus nun, and in nomine tuo Daemonia ejecimus and in nomine tuo virtutes multas fecimus? And tunc Confitebor illis numquam novi your Quia discedite was me who operamini iniquitatem.</p><p>Omnis ergo that audit verba mea CEST and facit Others assimilabitur viro Sapienti which dificavit domum suam petram supra, and down pluvia and venerunt flumina and flaverunt fan and irruerunt in domum illam, not cecidit Fundata enim erat super petram. And that omnis verba mea CEST audit and non facit Others similis erit viro stulto which dificavit domum suam super arenam and down pluvia and venerunt flumina and flaverunt fan and irruerunt in domum illam and cecidit and leaking ruined illius magna.</p>', '956', '608', '1', '2021-06-24T15:45:46.756Z', '2021-06-24T15:45:46.756Z' );)  
[2024-07-13 07:12:09] local.ERROR: Error executing SQL statement: SQLSTATE[42000]: Syntax error or access violation: 1064 You have an error in your SQL syntax; check the manual that corresponds to your MariaDB server version for the right syntax to use near '-id, created-at, updated-at ) VALUES ( 'axmAOIzN', '3', '<p>In tenebris, vidi...' at line 1 (Connection: mysql, SQL: INSERT INTO object( uuid, id, title, body, views, likes, author-id, created-at, updated-at ) VALUES ( 'axmAOIzN', '3', '<p>In tenebris, vidit lucem.</p>', '<p>Qui consurgens, accepit puerum, et matrem ejus, et venit in terram Isral. Audiens autem quod Archelaus regnaret in Juda pro Herode patre suo, timuit illo ire et admonitus in somnis, secessit in partes Galil.</p><p>Et veniens habitavit in civitate qu vocatur Nazareth ut adimpleretur quod dictum est per prophetas Quoniam Nazarus vocabitur. In diebus autem illis venit Joannes Baptista prdicans in deserto Jud, et dicens Pnitentiam agite appropinquavit enim regnum clorum.</p>', '407', '828', '1', '2021-06-24T15:45:46.772Z', '2021-06-24T15:45:46.772Z' );)  
[2024-07-13 07:12:09] local.ERROR: Error executing SQL statement: SQLSTATE[42000]: Syntax error or access violation: 1064 You have an error in your SQL syntax; check the manual that corresponds to your MariaDB server version for the right syntax to use near '-id, created-at, updated-at ) VALUES ( 'A6uXBdSu', '4', '<p>Nomen tuum. Adven...' at line 1 (Connection: mysql, SQL: INSERT INTO object( uuid, id, title, body, views, likes, author-id, created-at, updated-at ) VALUES ( 'A6uXBdSu', '4', '<p>Nomen tuum. Adveniat regnum.</p>', '<p>Qui cum audissent regem, abierunt, et ecce stella, quam viderant in oriente, antecedebat eos, usque dum veniens staret supra, ubi erat puer. Videntes autem stellam gavisi sunt gaudio magno valde.</p><p>Et intrantes domum, invenerunt puerum cum Maria matre ejus, et procidentes adoraverunt eum et apertis thesauris suis obtulerunt ei munera, aurum, thus, et myrrham.</p>', '725', '813', '1', '2021-06-24T15:45:46.797Z', '2021-06-24T15:45:46.797Z' );)  
[2024-07-13 07:12:09] local.ERROR: Error executing SQL statement: SQLSTATE[42000]: Syntax error or access violation: 1064 You have an error in your SQL syntax; check the manual that corresponds to your MariaDB server version for the right syntax to use near '-id, created-at, updated-at ) VALUES ( '4TAFA7Pk', '5', '<p>Vobis thesauros i...' at line 1 (Connection: mysql, SQL: INSERT INTO object( uuid, id, title, body, views, likes, author-id, created-at, updated-at ) VALUES ( '4TAFA7Pk', '5', '<p>Vobis thesauros in clo.</p>', '<p>Dico enim vobis, quia nisi abundaverit justitia vestra plus quam scribarum et pharisorum, non intrabitis in regnum clorum. Audistis quia dictum est antiquis Non occides qui autem occiderit, reus erit judicio.</p><p>Ego autem dico vobis quia omnis qui irascitur fratri suo, reus erit judicio. Qui autem dixerit fratri suo, raca reus erit concilio. Qui autem dixerit, fatue reus erit gehenn ignis.</p>', '761', '310', '1', '2021-06-24T15:45:46.864Z', '2021-06-24T15:45:46.864Z' );)  
[2024-07-13 07:12:09] local.ERROR: Error executing SQL statement: SQLSTATE[42000]: Syntax error or access violation: 1064 You have an error in your SQL syntax; check the manual that corresponds to your MariaDB server version for the right syntax to use near '-id, created-at, updated-at ) VALUES ( '7JnJJegl', '6', '<p>Sed super candela...' at line 1 (Connection: mysql, SQL: INSERT INTO object( uuid, id, title, body, views, likes, author-id, created-at, updated-at ) VALUES ( '7JnJJegl', '6', '<p>Sed super candelabrum, ut.</p>', '<p>Tunc adimpletum est quod dictum est per Jeremiam prophetam dicentem dicens Surge, et accipe puerum, et matrem ejus, et vade in terram Isral defuncti sunt enim qui qurebant animam pueri.</p><p>Qui consurgens, accepit puerum, et matrem ejus, et venit in terram Isral. Audiens autem quod Archelaus regnaret in Juda pro Herode patre suo, timuit illo ire et admonitus in somnis, secessit in partes Galil.</p>', '955', '430', '1', '2021-06-24T15:45:46.880Z', '2021-06-24T15:45:46.880Z' );)  
[2024-07-13 07:12:09] local.ERROR: Error executing SQL statement: SQLSTATE[42000]: Syntax error or access violation: 1064 You have an error in your SQL syntax; check the manual that corresponds to your MariaDB server version for the right syntax to use near '-id, created-at, updated-at ) VALUES ( '2HdyXPEE', '7', '<p>Et Andream fratre...' at line 1 (Connection: mysql, SQL: INSERT INTO object( uuid, id, title, body, views, likes, author-id, created-at, updated-at ) VALUES ( '2HdyXPEE', '7', '<p>Et Andream fratrem ejus.</p>', '<p>Et congregans omnes principes sacerdotum, et scribas populi, sciscitabatur ab eis ubi Christus nasceretur. At illi dixerunt In Bethlehem Jud sic enim scriptum est per prophetam Tunc Herodes clam vocatis magis diligenter didicit ab eis tempus stell, qu apparuit eis et mittens illos in Bethlehem, dixit Ite, et interrogate diligenter de puero et cum inveneritis, renuntiate mihi, ut et ego veniens adorem eum.</p><p>Qui cum audissent regem, abierunt, et ecce stella, quam viderant in oriente, antecedebat eos, usque dum veniens staret supra, ubi erat puer. Videntes autem stellam gavisi sunt gaudio magno valde.</p>', '607', '103', '1', '2021-06-24T15:45:46.920Z', '2021-06-24T15:45:46.920Z' );)  
[2024-07-13 07:12:09] local.ERROR: Error executing SQL statement: SQLSTATE[42000]: Syntax error or access violation: 1064 You have an error in your SQL syntax; check the manual that corresponds to your MariaDB server version for the right syntax to use near '-id, created-at, updated-at ) VALUES ( 'QX0kyb3e', '8', '<p>Evangelium regni ...' at line 1 (Connection: mysql, SQL: INSERT INTO object( uuid, id, title, body, views, likes, author-id, created-at, updated-at ) VALUES ( 'QX0kyb3e', '8', '<p>Evangelium regni et sanans.</p>', '<p>Si autem fnum agri, quod hodie est, et cras in clibanum mittitur, Deus sic vestit, quanto magis vos modic fidei? Nolite ergo solliciti esse, dicentes Quid manducabimus, aut quid bibemus, aut quo operiemur? hc enim omnia gentes inquirunt. Scit enim Pater vester, quia his omnibus indigetis.</p><p>Qurite ergo primum regnum Dei, et justitiam ejus et hc omnia adjicientur vobis. Nolite ergo solliciti esse in crastinum. Crastinus enim dies sollicitus erit sibi ipsi sufficit diei malitia sua.</p>', '974', '106', '1', '2021-06-24T15:45:46.940Z', '2021-06-24T15:45:46.940Z' );)  
[2024-07-13 07:12:09] local.ERROR: Error executing SQL statement: SQLSTATE[42000]: Syntax error or access violation: 1064 You have an error in your SQL syntax; check the manual that corresponds to your MariaDB server version for the right syntax to use near '-id, created-at, updated-at ) VALUES ( 'DA9veAT8', '9', '<p>Ex fructibus eoru...' at line 1 (Connection: mysql, SQL: INSERT INTO object( uuid, id, title, body, views, likes, author-id, created-at, updated-at ) VALUES ( 'DA9veAT8', '9', '<p>Ex fructibus eorum cognoscetis.</p>', '<p>Et procedens inde, vidit alios duos fratres, Jacobum Zebedi, et Joannem fratrem ejus, in navi cum Zebedo patre eorum, reficientes retia sua et vocavit eos. Illi autem statim relictis retibus et patre, secuti sunt eum.</p><p>Et circuibat Jesus totam Galilam, docens in synagogis eorum, et prdicans Evangelium regni et sanans omnem languorem, et omnem infirmitatem in populo.</p>', '586', '651', '1', '2021-06-24T15:45:46.964Z', '2021-06-24T15:45:46.964Z' );)  
[2024-07-13 07:12:09] local.ERROR: Error executing SQL statement: SQLSTATE[42000]: Syntax error or access violation: 1064 You have an error in your SQL syntax; check the manual that corresponds to your MariaDB server version for the right syntax to use near '-id, created-at, updated-at ) VALUES ( 'axyfVZzY', '10', '<p>Mutuari a te, ne...' at line 1 (Connection: mysql, SQL: INSERT INTO object( uuid, id, title, body, views, likes, author-id, created-at, updated-at ) VALUES ( 'axyfVZzY', '10', '<p>Mutuari a te, ne.</p>', '<p>Cum autem descendisset de monte, secut sunt eum turb mult et ecce leprosus veniens, adorabat eum, dicens Domine, si vis, potes me mundare. Et extendens Jesus manum, tetigit eum, dicens Volo mundare. Et confestim mundata est lepra ejus. Et ait illi Jesus Vide, nemini dixeris sed vade, ostende te sacerdoti, et offer munus, quod prcepit Moyses, in testimonium illis.</p><p>Cum autem introisset Capharnaum, accessit ad eum centurio, rogans eum, et dicens Domine, puer meus jacet in domo paralyticus, et male torquetur. Et ait illi Jesus Ego veniam, et curabo eum. Et respondens centurio, ait Domine, non sum dignus ut intres sub tectum meum sed tantum dic verbo, et sanabitur puer meus.</p>', '530', '365', '1', '2021-06-24T15:45:46.994Z', '2021-06-24T15:45:46.994Z' );)  
[2024-07-13 07:12:09] local.ERROR: Error executing SQL statement: SQLSTATE[42000]: Syntax error or access violation: 1064 You have an error in your SQL syntax; check the manual that corresponds to your MariaDB server version for the right syntax to use near '-id, created-at, updated-at ) VALUES ( 'mcZRse8I', '11', '<p>Sic vestit, quan...' at line 1 (Connection: mysql, SQL: INSERT INTO object( uuid, id, title, body, views, likes, author-id, created-at, updated-at ) VALUES ( 'mcZRse8I', '11', '<p>Sic vestit, quanto magis.</p>', '<p>Esto consentiens adversario tuo cito dum es in via cum eo ne forte tradat te adversarius judici, et judex tradat te ministro et in carcerem mittaris.</p><p>Amen dico tibi, non exies inde, donec reddas novissimum quadrantem. Audistis quia dictum est antiquis Non mchaberis. Ego autem dico vobis quia omnis qui viderit mulierem ad concupiscendum eam, jam mchatus est eam in corde suo.</p>', '615', '650', '1', '2021-06-24T15:45:47.002Z', '2021-06-24T15:45:47.002Z' );)  
[2024-07-13 07:12:09] local.ERROR: Error executing SQL statement: SQLSTATE[42000]: Syntax error or access violation: 1064 You have an error in your SQL syntax; check the manual that corresponds to your MariaDB server version for the right syntax to use near '-id, created-at, updated-at ) VALUES ( 'MAlTiN76', '12', '<p>Erit concilio. Q...' at line 1 (Connection: mysql, SQL: INSERT INTO object( uuid, id, title, body, views, likes, author-id, created-at, updated-at ) VALUES ( 'MAlTiN76', '12', '<p>Erit concilio. Qui autem.</p>', '<p>Esto consentiens adversario tuo cito dum es in via cum eo ne forte tradat te adversarius judici, et judex tradat te ministro et in carcerem mittaris.</p><p>Amen dico tibi, non exies inde, donec reddas novissimum quadrantem. Audistis quia dictum est antiquis Non mchaberis. Ego autem dico vobis quia omnis qui viderit mulierem ad concupiscendum eam, jam mchatus est eam in corde suo.</p>', '102', '527', '1', '2021-06-24T15:45:47.015Z', '2021-06-24T15:45:47.015Z' );)  
[2024-07-13 07:12:09] local.ERROR: Error executing SQL statement: SQLSTATE[42000]: Syntax error or access violation: 1064 You have an error in your SQL syntax; check the manual that corresponds to your MariaDB server version for the right syntax to use near '-id, created-at, updated-at ) VALUES ( 'vqTAR1oh', '13', '<p>Ejus neque per J...' at line 1 (Connection: mysql, SQL: INSERT INTO object( uuid, id, title, body, views, likes, author-id, created-at, updated-at ) VALUES ( 'vqTAR1oh', '13', '<p>Ejus neque per Jerosolymam.</p>', '<p>Exinde cpit Jesus prdicare, et dicere Pnitentiam agite appropinquavit enim regnum clorum.  Ambulans autem Jesus juxta mare Galil, vidit duos fratres, Simonem, qui vocatur Petrus, et Andream fratrem ejus, mittentes rete in mare (erant enim piscatores),</p><p>Et ait illis Venite post me, et faciam vos fieri piscatores hominum. At illi continuo relictis retibus secuti sunt eum.</p>', '440', '491', '1', '2021-06-24T15:45:47.023Z', '2021-06-24T15:45:47.023Z' );)  
[2024-07-13 07:12:09] local.ERROR: Error executing SQL statement: SQLSTATE[42000]: Syntax error or access violation: 1064 You have an error in your SQL syntax; check the manual that corresponds to your MariaDB server version for the right syntax to use near '-id, created-at, updated-at ) VALUES ( 'kjPLYb5Z', '14', '<p>Nos perimus. Et ...' at line 1 (Connection: mysql, SQL: INSERT INTO object( uuid, id, title, body, views, likes, author-id, created-at, updated-at ) VALUES ( 'kjPLYb5Z', '14', '<p>Nos perimus. Et dicit.</p>', '<p>Et ne velitis dicere intra vos Patrem habemus Abraham. Dico enim vobis quoniam potens est Deus de lapidibus istis suscitare filios Abrah. Jam enim securis ad radicem arborum posita est. Omnis ergo arbor, qu non facit fructum bonum, excidetur, et in ignem mittetur.</p><p>Ego quidem baptizo vos in aqua in pnitentiam qui autem post me venturus est, fortior me est, cujus non sum dignus calceamenta portare ipse vos baptizabit in Spiritu Sancto, et igni.</p>', '828', '898', '1', '2021-06-24T15:45:47.048Z', '2021-06-24T15:45:47.048Z' );)  
[2024-07-13 07:12:09] local.ERROR: Error executing SQL statement: SQLSTATE[42000]: Syntax error or access violation: 1064 You have an error in your SQL syntax; check the manual that corresponds to your MariaDB server version for the right syntax to use near '-id, created-at, updated-at ) VALUES ( 'uC4Xp9uL', '15', '<p>Mihi Domine, Dom...' at line 1 (Connection: mysql, SQL: INSERT INTO object( uuid, id, title, body, views, likes, author-id, created-at, updated-at ) VALUES ( 'uC4Xp9uL', '15', '<p>Mihi Domine, Domine, in.</p>', '<p>Ego autem dico vobis diligite inimicos vestros, benefacite his qui oderunt vos, et orate pro persequentibus et calumniantibus vos ut sitis filii Patris vestri, qui in clis est qui solem suum oriri facit super bonos et malos et pluit super justos et injustos.</p><p>Si enim diligitis eos qui vos diligunt, quam mercedem habebitis? nonne et publicani hoc faciunt?</p>', '218', '916', '1', '2021-06-24T15:45:47.061Z', '2021-06-24T15:45:47.061Z' );)  
[2024-07-13 07:12:09] local.ERROR: Error executing SQL statement: SQLSTATE[42000]: Syntax error or access violation: 1064 You have an error in your SQL syntax; check the manual that corresponds to your MariaDB server version for the right syntax to use near '-id, created-at, updated-at ) VALUES ( 'aGfLf5qj', '16', '<p>And in nomine tu...' at line 1 (Connection: mysql, SQL: INSERT INTO object( uuid, id, title, body, views, likes, author-id, created-at, updated-at ) VALUES ( 'aGfLf5qj', '16', '<p>And in nomine tuo.</p>', '<p>Qui petit a te, da ei et volenti mutuari a te, ne avertaris.  Audistis quia dictum est Diliges proximum tuum, et odio habebis inimicum tuum.</p><p>Ego autem dico vobis diligite inimicos vestros, benefacite his qui oderunt vos, et orate pro persequentibus et calumniantibus vos ut sitis filii Patris vestri, qui in clis est qui solem suum oriri facit super bonos et malos et pluit super justos et injustos.</p>', '607', '986', '1', '2021-06-24T15:45:47.078Z', '2021-06-24T15:45:47.078Z' );)  
[2024-07-13 07:12:09] local.ERROR: Error executing SQL statement: SQLSTATE[42000]: Syntax error or access violation: 1064 You have an error in your SQL syntax; check the manual that corresponds to your MariaDB server version for the right syntax to use near '-id, created-at, updated-at ) VALUES ( '8LxidCXM', '17', '<p>Ei omnes male ha...' at line 1 (Connection: mysql, SQL: INSERT INTO object( uuid, id, title, body, views, likes, author-id, created-at, updated-at ) VALUES ( '8LxidCXM', '17', '<p>Ei omnes male habentes.</p>', '<p>Ego autem dico vobis, non jurare omnino, neque per clum, quia thronus Dei est neque per terram, quia scabellum est pedum ejus neque per Jerosolymam, quia civitas est magni regis neque per caput tuum juraveris, quia non potes unum capillum album facere, aut nigrum.</p><p>Sit autem sermo vester, est, est non, non quod autem his abundantius est, a malo est. Audistis quia dictum est Oculum pro oculo, et dentem pro dente.</p>', '973', '388', '1', '2021-06-24T15:45:47.086Z', '2021-06-24T15:45:47.086Z' );)  
[2024-07-13 07:12:09] local.ERROR: Error executing SQL statement: SQLSTATE[42000]: Syntax error or access violation: 1064 You have an error in your SQL syntax; check the manual that corresponds to your MariaDB server version for the right syntax to use near '-id, created-at, updated-at ) VALUES ( 'u5JFXaYZ', '18', '<p>Vade prius recon...' at line 1 (Connection: mysql, SQL: INSERT INTO object( uuid, id, title, body, views, likes, author-id, created-at, updated-at ) VALUES ( 'u5JFXaYZ', '18', '<p>Vade prius reconciliari fratri.</p>', '<p>Ego autem dico vobis, non jurare omnino, neque per clum, quia thronus Dei est neque per terram, quia scabellum est pedum ejus neque per Jerosolymam, quia civitas est magni regis neque per caput tuum juraveris, quia non potes unum capillum album facere, aut nigrum.</p><p>Sit autem sermo vester, est, est non, non quod autem his abundantius est, a malo est. Audistis quia dictum est Oculum pro oculo, et dentem pro dente.</p>', '670', '632', '1', '2021-06-24T15:45:47.097Z', '2021-06-24T15:45:47.097Z' );)  
[2024-07-13 07:12:09] local.ERROR: Error executing SQL statement: SQLSTATE[42000]: Syntax error or access violation: 1064 You have an error in your SQL syntax; check the manual that corresponds to your MariaDB server version for the right syntax to use near '-id, created-at, updated-at ) VALUES ( 'eGATQ2JZ', '19', '<p>Lux vestra coram...' at line 1 (Connection: mysql, SQL: INSERT INTO object( uuid, id, title, body, views, likes, author-id, created-at, updated-at ) VALUES ( 'eGATQ2JZ', '19', '<p>Lux vestra coram hominibus.</p>', '<p>Ait illi Jesus Rursum scriptum est Non tentabis Dominum Deum tuum.</p><p>Iterum assumpsit eum diabolus in montem excelsum valde et ostendit ei omnia regna mundi, et gloriam eorum, et dixit ei Hc omnia tibi dabo, si cadens adoraveris me. Tunc dicit ei Jesus Vade Satana Scriptum est enim Dominum Deum tuum adorabis, et illi soli servies.</p>', '325', '220', '1', '2021-06-24T15:45:47.109Z', '2021-06-24T15:45:47.109Z' );)  
[2024-07-13 07:12:09] local.ERROR: Error executing SQL statement: SQLSTATE[42000]: Syntax error or access violation: 1064 You have an error in your SQL syntax; check the manual that corresponds to your MariaDB server version for the right syntax to use near '-id, created-at, updated-at ) VALUES ( '9fBreqHN', '20', '<p>Regno clorum q...' at line 1 (Connection: mysql, SQL: INSERT INTO object( uuid, id, title, body, views, likes, author-id, created-at, updated-at ) VALUES ( '9fBreqHN', '20', '<p>Regno clorum qui autem.</p>', '<p>Tunc reliquit eum diabolus et ecce angeli accesserunt, et ministrabant ei. Cum autem audisset Jesus quod Joannes traditus esset, secessit in Galilam et, relicta civitate Nazareth, venit, et habitavit in Capharnaum maritima, in finibus Zabulon et Nephthalim ut adimpleretur quod dictum est per Isaiam prophetam Terra Zabulon, et terra Nephthalim, via maris trans Jordanem, alila gentium populus, qui sedebat in tenebris, vidit lucem magnam et sedentibus in regione umbr mortis, lux orta est eis.</p><p>Exinde cpit Jesus prdicare, et dicere Pnitentiam agite appropinquavit enim regnum clorum.  Ambulans autem Jesus juxta mare Galil, vidit duos fratres, Simonem, qui vocatur Petrus, et Andream fratrem ejus, mittentes rete in mare (erant enim piscatores),</p>', '817', '950', '1', '2021-06-24T15:45:47.147Z', '2021-06-24T15:45:47.147Z' );)  
[2024-07-13 07:12:52] local.ERROR: Error executing SQL statement: SQLSTATE[42000]: Syntax error or access violation: 1064 You have an error in your SQL syntax; check the manual that corresponds to your MariaDB server version for the right syntax to use near '-id varchar(255), created-at varchar(255), updated-at varchar(255))' at line 1 (Connection: mysql, SQL: CREATE TABLE IF NOT EXISTS object ( uuid CHAR(8) PRIMARY KEY ,id varchar(255), title varchar(255), body varchar(255), views varchar(255), likes varchar(255), author-id varchar(255), created-at varchar(255), updated-at varchar(255));)  
[2024-07-13 07:12:52] local.ERROR: Error executing SQL statement: SQLSTATE[42000]: Syntax error or access violation: 1064 You have an error in your SQL syntax; check the manual that corresponds to your MariaDB server version for the right syntax to use near '-id, created-at, updated-at ) VALUES ( 'aBNZjxZN', '1', '<p>Patre eorum, refi...' at line 1 (Connection: mysql, SQL: INSERT INTO object( uuid, id, title, body, views, likes, author-id, created-at, updated-at ) VALUES ( 'aBNZjxZN', '1', '<p>Patre eorum, reficientes retia.</p>', '<p>Qui cum audissent regem, abierunt, et ecce stella, quam viderant in oriente, antecedebat eos, usque dum veniens staret supra, ubi erat puer. Videntes autem stellam gavisi sunt gaudio magno valde.</p><p>Et intrantes domum, invenerunt puerum cum Maria matre ejus, et procidentes adoraverunt eum et apertis thesauris suis obtulerunt ei munera, aurum, thus, et myrrham.</p>', '500', '540', '1', '2021-06-24T15:45:46.690Z', '2021-06-24T15:45:46.690Z' );)  
[2024-07-13 07:12:52] local.ERROR: Error executing SQL statement: SQLSTATE[42000]: Syntax error or access violation: 1064 You have an error in your SQL syntax; check the manual that corresponds to your MariaDB server version for the right syntax to use near '-id, created-at, updated-at ) VALUES ( 'ipL9vZK8', '2', '<p>Mercedem suam. Te...' at line 1 (Connection: mysql, SQL: INSERT INTO object( uuid, id, title, body, views, likes, author-id, created-at, updated-at ) VALUES ( 'ipL9vZK8', '2', '<p>Mercedem suam. Te autem.</p>', '<p>Non omnis who dicit mihi, Domine, Domine, intrabit in regnum Caelorum sed that facit voluntatem Patris mei, who is in Clis, ipse intrabit in regnum Caelorum. Multi dicent illa die in mihi Domine, Domine, in nomine tuo prophetavimus nun, and in nomine tuo Daemonia ejecimus and in nomine tuo virtutes multas fecimus? And tunc Confitebor illis numquam novi your Quia discedite was me who operamini iniquitatem.</p><p>Omnis ergo that audit verba mea CEST and facit Others assimilabitur viro Sapienti which dificavit domum suam petram supra, and down pluvia and venerunt flumina and flaverunt fan and irruerunt in domum illam, not cecidit Fundata enim erat super petram. And that omnis verba mea CEST audit and non facit Others similis erit viro stulto which dificavit domum suam super arenam and down pluvia and venerunt flumina and flaverunt fan and irruerunt in domum illam and cecidit and leaking ruined illius magna.</p>', '956', '608', '1', '2021-06-24T15:45:46.756Z', '2021-06-24T15:45:46.756Z' );)  
[2024-07-13 07:12:52] local.ERROR: Error executing SQL statement: SQLSTATE[42000]: Syntax error or access violation: 1064 You have an error in your SQL syntax; check the manual that corresponds to your MariaDB server version for the right syntax to use near '-id, created-at, updated-at ) VALUES ( 'XFbdeJYy', '3', '<p>In tenebris, vidi...' at line 1 (Connection: mysql, SQL: INSERT INTO object( uuid, id, title, body, views, likes, author-id, created-at, updated-at ) VALUES ( 'XFbdeJYy', '3', '<p>In tenebris, vidit lucem.</p>', '<p>Qui consurgens, accepit puerum, et matrem ejus, et venit in terram Isral. Audiens autem quod Archelaus regnaret in Juda pro Herode patre suo, timuit illo ire et admonitus in somnis, secessit in partes Galil.</p><p>Et veniens habitavit in civitate qu vocatur Nazareth ut adimpleretur quod dictum est per prophetas Quoniam Nazarus vocabitur. In diebus autem illis venit Joannes Baptista prdicans in deserto Jud, et dicens Pnitentiam agite appropinquavit enim regnum clorum.</p>', '407', '828', '1', '2021-06-24T15:45:46.772Z', '2021-06-24T15:45:46.772Z' );)  
[2024-07-13 07:12:52] local.ERROR: Error executing SQL statement: SQLSTATE[42000]: Syntax error or access violation: 1064 You have an error in your SQL syntax; check the manual that corresponds to your MariaDB server version for the right syntax to use near '-id, created-at, updated-at ) VALUES ( 'rPPoQ4O8', '4', '<p>Nomen tuum. Adven...' at line 1 (Connection: mysql, SQL: INSERT INTO object( uuid, id, title, body, views, likes, author-id, created-at, updated-at ) VALUES ( 'rPPoQ4O8', '4', '<p>Nomen tuum. Adveniat regnum.</p>', '<p>Qui cum audissent regem, abierunt, et ecce stella, quam viderant in oriente, antecedebat eos, usque dum veniens staret supra, ubi erat puer. Videntes autem stellam gavisi sunt gaudio magno valde.</p><p>Et intrantes domum, invenerunt puerum cum Maria matre ejus, et procidentes adoraverunt eum et apertis thesauris suis obtulerunt ei munera, aurum, thus, et myrrham.</p>', '725', '813', '1', '2021-06-24T15:45:46.797Z', '2021-06-24T15:45:46.797Z' );)  
[2024-07-13 07:12:52] local.ERROR: Error executing SQL statement: SQLSTATE[42000]: Syntax error or access violation: 1064 You have an error in your SQL syntax; check the manual that corresponds to your MariaDB server version for the right syntax to use near '-id, created-at, updated-at ) VALUES ( 'XmotHKwW', '5', '<p>Vobis thesauros i...' at line 1 (Connection: mysql, SQL: INSERT INTO object( uuid, id, title, body, views, likes, author-id, created-at, updated-at ) VALUES ( 'XmotHKwW', '5', '<p>Vobis thesauros in clo.</p>', '<p>Dico enim vobis, quia nisi abundaverit justitia vestra plus quam scribarum et pharisorum, non intrabitis in regnum clorum. Audistis quia dictum est antiquis Non occides qui autem occiderit, reus erit judicio.</p><p>Ego autem dico vobis quia omnis qui irascitur fratri suo, reus erit judicio. Qui autem dixerit fratri suo, raca reus erit concilio. Qui autem dixerit, fatue reus erit gehenn ignis.</p>', '761', '310', '1', '2021-06-24T15:45:46.864Z', '2021-06-24T15:45:46.864Z' );)  
[2024-07-13 07:12:52] local.ERROR: Error executing SQL statement: SQLSTATE[42000]: Syntax error or access violation: 1064 You have an error in your SQL syntax; check the manual that corresponds to your MariaDB server version for the right syntax to use near '-id, created-at, updated-at ) VALUES ( 'ArvC9xVC', '6', '<p>Sed super candela...' at line 1 (Connection: mysql, SQL: INSERT INTO object( uuid, id, title, body, views, likes, author-id, created-at, updated-at ) VALUES ( 'ArvC9xVC', '6', '<p>Sed super candelabrum, ut.</p>', '<p>Tunc adimpletum est quod dictum est per Jeremiam prophetam dicentem dicens Surge, et accipe puerum, et matrem ejus, et vade in terram Isral defuncti sunt enim qui qurebant animam pueri.</p><p>Qui consurgens, accepit puerum, et matrem ejus, et venit in terram Isral. Audiens autem quod Archelaus regnaret in Juda pro Herode patre suo, timuit illo ire et admonitus in somnis, secessit in partes Galil.</p>', '955', '430', '1', '2021-06-24T15:45:46.880Z', '2021-06-24T15:45:46.880Z' );)  
[2024-07-13 07:12:52] local.ERROR: Error executing SQL statement: SQLSTATE[42000]: Syntax error or access violation: 1064 You have an error in your SQL syntax; check the manual that corresponds to your MariaDB server version for the right syntax to use near '-id, created-at, updated-at ) VALUES ( 'P59OON1s', '7', '<p>Et Andream fratre...' at line 1 (Connection: mysql, SQL: INSERT INTO object( uuid, id, title, body, views, likes, author-id, created-at, updated-at ) VALUES ( 'P59OON1s', '7', '<p>Et Andream fratrem ejus.</p>', '<p>Et congregans omnes principes sacerdotum, et scribas populi, sciscitabatur ab eis ubi Christus nasceretur. At illi dixerunt In Bethlehem Jud sic enim scriptum est per prophetam Tunc Herodes clam vocatis magis diligenter didicit ab eis tempus stell, qu apparuit eis et mittens illos in Bethlehem, dixit Ite, et interrogate diligenter de puero et cum inveneritis, renuntiate mihi, ut et ego veniens adorem eum.</p><p>Qui cum audissent regem, abierunt, et ecce stella, quam viderant in oriente, antecedebat eos, usque dum veniens staret supra, ubi erat puer. Videntes autem stellam gavisi sunt gaudio magno valde.</p>', '607', '103', '1', '2021-06-24T15:45:46.920Z', '2021-06-24T15:45:46.920Z' );)  
[2024-07-13 07:12:52] local.ERROR: Error executing SQL statement: SQLSTATE[42000]: Syntax error or access violation: 1064 You have an error in your SQL syntax; check the manual that corresponds to your MariaDB server version for the right syntax to use near '-id, created-at, updated-at ) VALUES ( 'EN6s1hDO', '8', '<p>Evangelium regni ...' at line 1 (Connection: mysql, SQL: INSERT INTO object( uuid, id, title, body, views, likes, author-id, created-at, updated-at ) VALUES ( 'EN6s1hDO', '8', '<p>Evangelium regni et sanans.</p>', '<p>Si autem fnum agri, quod hodie est, et cras in clibanum mittitur, Deus sic vestit, quanto magis vos modic fidei? Nolite ergo solliciti esse, dicentes Quid manducabimus, aut quid bibemus, aut quo operiemur? hc enim omnia gentes inquirunt. Scit enim Pater vester, quia his omnibus indigetis.</p><p>Qurite ergo primum regnum Dei, et justitiam ejus et hc omnia adjicientur vobis. Nolite ergo solliciti esse in crastinum. Crastinus enim dies sollicitus erit sibi ipsi sufficit diei malitia sua.</p>', '974', '106', '1', '2021-06-24T15:45:46.940Z', '2021-06-24T15:45:46.940Z' );)  
[2024-07-13 07:12:52] local.ERROR: Error executing SQL statement: SQLSTATE[42000]: Syntax error or access violation: 1064 You have an error in your SQL syntax; check the manual that corresponds to your MariaDB server version for the right syntax to use near '-id, created-at, updated-at ) VALUES ( 'QZlFFw9r', '9', '<p>Ex fructibus eoru...' at line 1 (Connection: mysql, SQL: INSERT INTO object( uuid, id, title, body, views, likes, author-id, created-at, updated-at ) VALUES ( 'QZlFFw9r', '9', '<p>Ex fructibus eorum cognoscetis.</p>', '<p>Et procedens inde, vidit alios duos fratres, Jacobum Zebedi, et Joannem fratrem ejus, in navi cum Zebedo patre eorum, reficientes retia sua et vocavit eos. Illi autem statim relictis retibus et patre, secuti sunt eum.</p><p>Et circuibat Jesus totam Galilam, docens in synagogis eorum, et prdicans Evangelium regni et sanans omnem languorem, et omnem infirmitatem in populo.</p>', '586', '651', '1', '2021-06-24T15:45:46.964Z', '2021-06-24T15:45:46.964Z' );)  
[2024-07-13 07:12:52] local.ERROR: Error executing SQL statement: SQLSTATE[42000]: Syntax error or access violation: 1064 You have an error in your SQL syntax; check the manual that corresponds to your MariaDB server version for the right syntax to use near '-id, created-at, updated-at ) VALUES ( 'xE5uwCjo', '10', '<p>Mutuari a te, ne...' at line 1 (Connection: mysql, SQL: INSERT INTO object( uuid, id, title, body, views, likes, author-id, created-at, updated-at ) VALUES ( 'xE5uwCjo', '10', '<p>Mutuari a te, ne.</p>', '<p>Cum autem descendisset de monte, secut sunt eum turb mult et ecce leprosus veniens, adorabat eum, dicens Domine, si vis, potes me mundare. Et extendens Jesus manum, tetigit eum, dicens Volo mundare. Et confestim mundata est lepra ejus. Et ait illi Jesus Vide, nemini dixeris sed vade, ostende te sacerdoti, et offer munus, quod prcepit Moyses, in testimonium illis.</p><p>Cum autem introisset Capharnaum, accessit ad eum centurio, rogans eum, et dicens Domine, puer meus jacet in domo paralyticus, et male torquetur. Et ait illi Jesus Ego veniam, et curabo eum. Et respondens centurio, ait Domine, non sum dignus ut intres sub tectum meum sed tantum dic verbo, et sanabitur puer meus.</p>', '530', '365', '1', '2021-06-24T15:45:46.994Z', '2021-06-24T15:45:46.994Z' );)  
[2024-07-13 07:12:52] local.ERROR: Error executing SQL statement: SQLSTATE[42000]: Syntax error or access violation: 1064 You have an error in your SQL syntax; check the manual that corresponds to your MariaDB server version for the right syntax to use near '-id, created-at, updated-at ) VALUES ( 'mELFbYZL', '11', '<p>Sic vestit, quan...' at line 1 (Connection: mysql, SQL: INSERT INTO object( uuid, id, title, body, views, likes, author-id, created-at, updated-at ) VALUES ( 'mELFbYZL', '11', '<p>Sic vestit, quanto magis.</p>', '<p>Esto consentiens adversario tuo cito dum es in via cum eo ne forte tradat te adversarius judici, et judex tradat te ministro et in carcerem mittaris.</p><p>Amen dico tibi, non exies inde, donec reddas novissimum quadrantem. Audistis quia dictum est antiquis Non mchaberis. Ego autem dico vobis quia omnis qui viderit mulierem ad concupiscendum eam, jam mchatus est eam in corde suo.</p>', '615', '650', '1', '2021-06-24T15:45:47.002Z', '2021-06-24T15:45:47.002Z' );)  
[2024-07-13 07:12:52] local.ERROR: Error executing SQL statement: SQLSTATE[42000]: Syntax error or access violation: 1064 You have an error in your SQL syntax; check the manual that corresponds to your MariaDB server version for the right syntax to use near '-id, created-at, updated-at ) VALUES ( 'D0BFQDr2', '12', '<p>Erit concilio. Q...' at line 1 (Connection: mysql, SQL: INSERT INTO object( uuid, id, title, body, views, likes, author-id, created-at, updated-at ) VALUES ( 'D0BFQDr2', '12', '<p>Erit concilio. Qui autem.</p>', '<p>Esto consentiens adversario tuo cito dum es in via cum eo ne forte tradat te adversarius judici, et judex tradat te ministro et in carcerem mittaris.</p><p>Amen dico tibi, non exies inde, donec reddas novissimum quadrantem. Audistis quia dictum est antiquis Non mchaberis. Ego autem dico vobis quia omnis qui viderit mulierem ad concupiscendum eam, jam mchatus est eam in corde suo.</p>', '102', '527', '1', '2021-06-24T15:45:47.015Z', '2021-06-24T15:45:47.015Z' );)  
[2024-07-13 07:12:52] local.ERROR: Error executing SQL statement: SQLSTATE[42000]: Syntax error or access violation: 1064 You have an error in your SQL syntax; check the manual that corresponds to your MariaDB server version for the right syntax to use near '-id, created-at, updated-at ) VALUES ( 'bTQhb3GN', '13', '<p>Ejus neque per J...' at line 1 (Connection: mysql, SQL: INSERT INTO object( uuid, id, title, body, views, likes, author-id, created-at, updated-at ) VALUES ( 'bTQhb3GN', '13', '<p>Ejus neque per Jerosolymam.</p>', '<p>Exinde cpit Jesus prdicare, et dicere Pnitentiam agite appropinquavit enim regnum clorum.  Ambulans autem Jesus juxta mare Galil, vidit duos fratres, Simonem, qui vocatur Petrus, et Andream fratrem ejus, mittentes rete in mare (erant enim piscatores),</p><p>Et ait illis Venite post me, et faciam vos fieri piscatores hominum. At illi continuo relictis retibus secuti sunt eum.</p>', '440', '491', '1', '2021-06-24T15:45:47.023Z', '2021-06-24T15:45:47.023Z' );)  
[2024-07-13 07:12:52] local.ERROR: Error executing SQL statement: SQLSTATE[42000]: Syntax error or access violation: 1064 You have an error in your SQL syntax; check the manual that corresponds to your MariaDB server version for the right syntax to use near '-id, created-at, updated-at ) VALUES ( '5gQYJOSF', '14', '<p>Nos perimus. Et ...' at line 1 (Connection: mysql, SQL: INSERT INTO object( uuid, id, title, body, views, likes, author-id, created-at, updated-at ) VALUES ( '5gQYJOSF', '14', '<p>Nos perimus. Et dicit.</p>', '<p>Et ne velitis dicere intra vos Patrem habemus Abraham. Dico enim vobis quoniam potens est Deus de lapidibus istis suscitare filios Abrah. Jam enim securis ad radicem arborum posita est. Omnis ergo arbor, qu non facit fructum bonum, excidetur, et in ignem mittetur.</p><p>Ego quidem baptizo vos in aqua in pnitentiam qui autem post me venturus est, fortior me est, cujus non sum dignus calceamenta portare ipse vos baptizabit in Spiritu Sancto, et igni.</p>', '828', '898', '1', '2021-06-24T15:45:47.048Z', '2021-06-24T15:45:47.048Z' );)  
[2024-07-13 07:12:52] local.ERROR: Error executing SQL statement: SQLSTATE[42000]: Syntax error or access violation: 1064 You have an error in your SQL syntax; check the manual that corresponds to your MariaDB server version for the right syntax to use near '-id, created-at, updated-at ) VALUES ( '7UObJJZY', '15', '<p>Mihi Domine, Dom...' at line 1 (Connection: mysql, SQL: INSERT INTO object( uuid, id, title, body, views, likes, author-id, created-at, updated-at ) VALUES ( '7UObJJZY', '15', '<p>Mihi Domine, Domine, in.</p>', '<p>Ego autem dico vobis diligite inimicos vestros, benefacite his qui oderunt vos, et orate pro persequentibus et calumniantibus vos ut sitis filii Patris vestri, qui in clis est qui solem suum oriri facit super bonos et malos et pluit super justos et injustos.</p><p>Si enim diligitis eos qui vos diligunt, quam mercedem habebitis? nonne et publicani hoc faciunt?</p>', '218', '916', '1', '2021-06-24T15:45:47.061Z', '2021-06-24T15:45:47.061Z' );)  
[2024-07-13 07:12:52] local.ERROR: Error executing SQL statement: SQLSTATE[42000]: Syntax error or access violation: 1064 You have an error in your SQL syntax; check the manual that corresponds to your MariaDB server version for the right syntax to use near '-id, created-at, updated-at ) VALUES ( 'FPBqXxx1', '16', '<p>And in nomine tu...' at line 1 (Connection: mysql, SQL: INSERT INTO object( uuid, id, title, body, views, likes, author-id, created-at, updated-at ) VALUES ( 'FPBqXxx1', '16', '<p>And in nomine tuo.</p>', '<p>Qui petit a te, da ei et volenti mutuari a te, ne avertaris.  Audistis quia dictum est Diliges proximum tuum, et odio habebis inimicum tuum.</p><p>Ego autem dico vobis diligite inimicos vestros, benefacite his qui oderunt vos, et orate pro persequentibus et calumniantibus vos ut sitis filii Patris vestri, qui in clis est qui solem suum oriri facit super bonos et malos et pluit super justos et injustos.</p>', '607', '986', '1', '2021-06-24T15:45:47.078Z', '2021-06-24T15:45:47.078Z' );)  
[2024-07-13 07:12:52] local.ERROR: Error executing SQL statement: SQLSTATE[42000]: Syntax error or access violation: 1064 You have an error in your SQL syntax; check the manual that corresponds to your MariaDB server version for the right syntax to use near '-id, created-at, updated-at ) VALUES ( 'LwPIuSPD', '17', '<p>Ei omnes male ha...' at line 1 (Connection: mysql, SQL: INSERT INTO object( uuid, id, title, body, views, likes, author-id, created-at, updated-at ) VALUES ( 'LwPIuSPD', '17', '<p>Ei omnes male habentes.</p>', '<p>Ego autem dico vobis, non jurare omnino, neque per clum, quia thronus Dei est neque per terram, quia scabellum est pedum ejus neque per Jerosolymam, quia civitas est magni regis neque per caput tuum juraveris, quia non potes unum capillum album facere, aut nigrum.</p><p>Sit autem sermo vester, est, est non, non quod autem his abundantius est, a malo est. Audistis quia dictum est Oculum pro oculo, et dentem pro dente.</p>', '973', '388', '1', '2021-06-24T15:45:47.086Z', '2021-06-24T15:45:47.086Z' );)  
[2024-07-13 07:12:52] local.ERROR: Error executing SQL statement: SQLSTATE[42000]: Syntax error or access violation: 1064 You have an error in your SQL syntax; check the manual that corresponds to your MariaDB server version for the right syntax to use near '-id, created-at, updated-at ) VALUES ( 'nG00fPiq', '18', '<p>Vade prius recon...' at line 1 (Connection: mysql, SQL: INSERT INTO object( uuid, id, title, body, views, likes, author-id, created-at, updated-at ) VALUES ( 'nG00fPiq', '18', '<p>Vade prius reconciliari fratri.</p>', '<p>Ego autem dico vobis, non jurare omnino, neque per clum, quia thronus Dei est neque per terram, quia scabellum est pedum ejus neque per Jerosolymam, quia civitas est magni regis neque per caput tuum juraveris, quia non potes unum capillum album facere, aut nigrum.</p><p>Sit autem sermo vester, est, est non, non quod autem his abundantius est, a malo est. Audistis quia dictum est Oculum pro oculo, et dentem pro dente.</p>', '670', '632', '1', '2021-06-24T15:45:47.097Z', '2021-06-24T15:45:47.097Z' );)  
[2024-07-13 07:12:52] local.ERROR: Error executing SQL statement: SQLSTATE[42000]: Syntax error or access violation: 1064 You have an error in your SQL syntax; check the manual that corresponds to your MariaDB server version for the right syntax to use near '-id, created-at, updated-at ) VALUES ( '2lCVVmR5', '19', '<p>Lux vestra coram...' at line 1 (Connection: mysql, SQL: INSERT INTO object( uuid, id, title, body, views, likes, author-id, created-at, updated-at ) VALUES ( '2lCVVmR5', '19', '<p>Lux vestra coram hominibus.</p>', '<p>Ait illi Jesus Rursum scriptum est Non tentabis Dominum Deum tuum.</p><p>Iterum assumpsit eum diabolus in montem excelsum valde et ostendit ei omnia regna mundi, et gloriam eorum, et dixit ei Hc omnia tibi dabo, si cadens adoraveris me. Tunc dicit ei Jesus Vade Satana Scriptum est enim Dominum Deum tuum adorabis, et illi soli servies.</p>', '325', '220', '1', '2021-06-24T15:45:47.109Z', '2021-06-24T15:45:47.109Z' );)  
[2024-07-13 07:12:52] local.ERROR: Error executing SQL statement: SQLSTATE[42000]: Syntax error or access violation: 1064 You have an error in your SQL syntax; check the manual that corresponds to your MariaDB server version for the right syntax to use near '-id, created-at, updated-at ) VALUES ( 'WctDsK7W', '20', '<p>Regno clorum q...' at line 1 (Connection: mysql, SQL: INSERT INTO object( uuid, id, title, body, views, likes, author-id, created-at, updated-at ) VALUES ( 'WctDsK7W', '20', '<p>Regno clorum qui autem.</p>', '<p>Tunc reliquit eum diabolus et ecce angeli accesserunt, et ministrabant ei. Cum autem audisset Jesus quod Joannes traditus esset, secessit in Galilam et, relicta civitate Nazareth, venit, et habitavit in Capharnaum maritima, in finibus Zabulon et Nephthalim ut adimpleretur quod dictum est per Isaiam prophetam Terra Zabulon, et terra Nephthalim, via maris trans Jordanem, alila gentium populus, qui sedebat in tenebris, vidit lucem magnam et sedentibus in regione umbr mortis, lux orta est eis.</p><p>Exinde cpit Jesus prdicare, et dicere Pnitentiam agite appropinquavit enim regnum clorum.  Ambulans autem Jesus juxta mare Galil, vidit duos fratres, Simonem, qui vocatur Petrus, et Andream fratrem ejus, mittentes rete in mare (erant enim piscatores),</p>', '817', '950', '1', '2021-06-24T15:45:47.147Z', '2021-06-24T15:45:47.147Z' );)  
[2024-07-13 07:13:53] local.ERROR: Error executing SQL statement: SQLSTATE[42000]: Syntax error or access violation: 1064 You have an error in your SQL syntax; check the manual that corresponds to your MariaDB server version for the right syntax to use near '-id, created-at, updated-at ) VALUES ( 'oTnzVcN0', '1', '<p>Patre eorum, refi...' at line 1 (Connection: mysql, SQL: INSERT INTO object( uuid, id, title, body, views, likes, author-id, created-at, updated-at ) VALUES ( 'oTnzVcN0', '1', '<p>Patre eorum, reficientes retia.</p>', '<p>Qui cum audissent regem, abierunt, et ecce stella, quam viderant in oriente, antecedebat eos, usque dum veniens staret supra, ubi erat puer. Videntes autem stellam gavisi sunt gaudio magno valde.</p><p>Et intrantes domum, invenerunt puerum cum Maria matre ejus, et procidentes adoraverunt eum et apertis thesauris suis obtulerunt ei munera, aurum, thus, et myrrham.</p>', '500', '540', '1', '2021-06-24T15:45:46.690Z', '2021-06-24T15:45:46.690Z' );)  
[2024-07-13 07:13:53] local.ERROR: Error executing SQL statement: SQLSTATE[42000]: Syntax error or access violation: 1064 You have an error in your SQL syntax; check the manual that corresponds to your MariaDB server version for the right syntax to use near '-id, created-at, updated-at ) VALUES ( 'XzyzIRCU', '2', '<p>Mercedem suam. Te...' at line 1 (Connection: mysql, SQL: INSERT INTO object( uuid, id, title, body, views, likes, author-id, created-at, updated-at ) VALUES ( 'XzyzIRCU', '2', '<p>Mercedem suam. Te autem.</p>', '<p>Non omnis who dicit mihi, Domine, Domine, intrabit in regnum Caelorum sed that facit voluntatem Patris mei, who is in Clis, ipse intrabit in regnum Caelorum. Multi dicent illa die in mihi Domine, Domine, in nomine tuo prophetavimus nun, and in nomine tuo Daemonia ejecimus and in nomine tuo virtutes multas fecimus? And tunc Confitebor illis numquam novi your Quia discedite was me who operamini iniquitatem.</p><p>Omnis ergo that audit verba mea CEST and facit Others assimilabitur viro Sapienti which dificavit domum suam petram supra, and down pluvia and venerunt flumina and flaverunt fan and irruerunt in domum illam, not cecidit Fundata enim erat super petram. And that omnis verba mea CEST audit and non facit Others similis erit viro stulto which dificavit domum suam super arenam and down pluvia and venerunt flumina and flaverunt fan and irruerunt in domum illam and cecidit and leaking ruined illius magna.</p>', '956', '608', '1', '2021-06-24T15:45:46.756Z', '2021-06-24T15:45:46.756Z' );)  
[2024-07-13 07:13:53] local.ERROR: Error executing SQL statement: SQLSTATE[42000]: Syntax error or access violation: 1064 You have an error in your SQL syntax; check the manual that corresponds to your MariaDB server version for the right syntax to use near '-id, created-at, updated-at ) VALUES ( 'ratx6hPF', '3', '<p>In tenebris, vidi...' at line 1 (Connection: mysql, SQL: INSERT INTO object( uuid, id, title, body, views, likes, author-id, created-at, updated-at ) VALUES ( 'ratx6hPF', '3', '<p>In tenebris, vidit lucem.</p>', '<p>Qui consurgens, accepit puerum, et matrem ejus, et venit in terram Isral. Audiens autem quod Archelaus regnaret in Juda pro Herode patre suo, timuit illo ire et admonitus in somnis, secessit in partes Galil.</p><p>Et veniens habitavit in civitate qu vocatur Nazareth ut adimpleretur quod dictum est per prophetas Quoniam Nazarus vocabitur. In diebus autem illis venit Joannes Baptista prdicans in deserto Jud, et dicens Pnitentiam agite appropinquavit enim regnum clorum.</p>', '407', '828', '1', '2021-06-24T15:45:46.772Z', '2021-06-24T15:45:46.772Z' );)  
[2024-07-13 07:13:53] local.ERROR: Error executing SQL statement: SQLSTATE[42000]: Syntax error or access violation: 1064 You have an error in your SQL syntax; check the manual that corresponds to your MariaDB server version for the right syntax to use near '-id, created-at, updated-at ) VALUES ( '21juIyZ8', '4', '<p>Nomen tuum. Adven...' at line 1 (Connection: mysql, SQL: INSERT INTO object( uuid, id, title, body, views, likes, author-id, created-at, updated-at ) VALUES ( '21juIyZ8', '4', '<p>Nomen tuum. Adveniat regnum.</p>', '<p>Qui cum audissent regem, abierunt, et ecce stella, quam viderant in oriente, antecedebat eos, usque dum veniens staret supra, ubi erat puer. Videntes autem stellam gavisi sunt gaudio magno valde.</p><p>Et intrantes domum, invenerunt puerum cum Maria matre ejus, et procidentes adoraverunt eum et apertis thesauris suis obtulerunt ei munera, aurum, thus, et myrrham.</p>', '725', '813', '1', '2021-06-24T15:45:46.797Z', '2021-06-24T15:45:46.797Z' );)  
[2024-07-13 07:13:53] local.ERROR: Error executing SQL statement: SQLSTATE[42000]: Syntax error or access violation: 1064 You have an error in your SQL syntax; check the manual that corresponds to your MariaDB server version for the right syntax to use near '-id, created-at, updated-at ) VALUES ( 'FziFueXC', '5', '<p>Vobis thesauros i...' at line 1 (Connection: mysql, SQL: INSERT INTO object( uuid, id, title, body, views, likes, author-id, created-at, updated-at ) VALUES ( 'FziFueXC', '5', '<p>Vobis thesauros in clo.</p>', '<p>Dico enim vobis, quia nisi abundaverit justitia vestra plus quam scribarum et pharisorum, non intrabitis in regnum clorum. Audistis quia dictum est antiquis Non occides qui autem occiderit, reus erit judicio.</p><p>Ego autem dico vobis quia omnis qui irascitur fratri suo, reus erit judicio. Qui autem dixerit fratri suo, raca reus erit concilio. Qui autem dixerit, fatue reus erit gehenn ignis.</p>', '761', '310', '1', '2021-06-24T15:45:46.864Z', '2021-06-24T15:45:46.864Z' );)  
[2024-07-13 07:13:53] local.ERROR: Error executing SQL statement: SQLSTATE[42000]: Syntax error or access violation: 1064 You have an error in your SQL syntax; check the manual that corresponds to your MariaDB server version for the right syntax to use near '-id, created-at, updated-at ) VALUES ( 'RTOCoRF1', '6', '<p>Sed super candela...' at line 1 (Connection: mysql, SQL: INSERT INTO object( uuid, id, title, body, views, likes, author-id, created-at, updated-at ) VALUES ( 'RTOCoRF1', '6', '<p>Sed super candelabrum, ut.</p>', '<p>Tunc adimpletum est quod dictum est per Jeremiam prophetam dicentem dicens Surge, et accipe puerum, et matrem ejus, et vade in terram Isral defuncti sunt enim qui qurebant animam pueri.</p><p>Qui consurgens, accepit puerum, et matrem ejus, et venit in terram Isral. Audiens autem quod Archelaus regnaret in Juda pro Herode patre suo, timuit illo ire et admonitus in somnis, secessit in partes Galil.</p>', '955', '430', '1', '2021-06-24T15:45:46.880Z', '2021-06-24T15:45:46.880Z' );)  
[2024-07-13 07:13:53] local.ERROR: Error executing SQL statement: SQLSTATE[42000]: Syntax error or access violation: 1064 You have an error in your SQL syntax; check the manual that corresponds to your MariaDB server version for the right syntax to use near '-id, created-at, updated-at ) VALUES ( 'Avwjf9Cb', '7', '<p>Et Andream fratre...' at line 1 (Connection: mysql, SQL: INSERT INTO object( uuid, id, title, body, views, likes, author-id, created-at, updated-at ) VALUES ( 'Avwjf9Cb', '7', '<p>Et Andream fratrem ejus.</p>', '<p>Et congregans omnes principes sacerdotum, et scribas populi, sciscitabatur ab eis ubi Christus nasceretur. At illi dixerunt In Bethlehem Jud sic enim scriptum est per prophetam Tunc Herodes clam vocatis magis diligenter didicit ab eis tempus stell, qu apparuit eis et mittens illos in Bethlehem, dixit Ite, et interrogate diligenter de puero et cum inveneritis, renuntiate mihi, ut et ego veniens adorem eum.</p><p>Qui cum audissent regem, abierunt, et ecce stella, quam viderant in oriente, antecedebat eos, usque dum veniens staret supra, ubi erat puer. Videntes autem stellam gavisi sunt gaudio magno valde.</p>', '607', '103', '1', '2021-06-24T15:45:46.920Z', '2021-06-24T15:45:46.920Z' );)  
[2024-07-13 07:13:53] local.ERROR: Error executing SQL statement: SQLSTATE[42000]: Syntax error or access violation: 1064 You have an error in your SQL syntax; check the manual that corresponds to your MariaDB server version for the right syntax to use near '-id, created-at, updated-at ) VALUES ( 'tyi4HuB7', '8', '<p>Evangelium regni ...' at line 1 (Connection: mysql, SQL: INSERT INTO object( uuid, id, title, body, views, likes, author-id, created-at, updated-at ) VALUES ( 'tyi4HuB7', '8', '<p>Evangelium regni et sanans.</p>', '<p>Si autem fnum agri, quod hodie est, et cras in clibanum mittitur, Deus sic vestit, quanto magis vos modic fidei? Nolite ergo solliciti esse, dicentes Quid manducabimus, aut quid bibemus, aut quo operiemur? hc enim omnia gentes inquirunt. Scit enim Pater vester, quia his omnibus indigetis.</p><p>Qurite ergo primum regnum Dei, et justitiam ejus et hc omnia adjicientur vobis. Nolite ergo solliciti esse in crastinum. Crastinus enim dies sollicitus erit sibi ipsi sufficit diei malitia sua.</p>', '974', '106', '1', '2021-06-24T15:45:46.940Z', '2021-06-24T15:45:46.940Z' );)  
[2024-07-13 07:13:53] local.ERROR: Error executing SQL statement: SQLSTATE[42000]: Syntax error or access violation: 1064 You have an error in your SQL syntax; check the manual that corresponds to your MariaDB server version for the right syntax to use near '-id, created-at, updated-at ) VALUES ( 'jv3eV632', '9', '<p>Ex fructibus eoru...' at line 1 (Connection: mysql, SQL: INSERT INTO object( uuid, id, title, body, views, likes, author-id, created-at, updated-at ) VALUES ( 'jv3eV632', '9', '<p>Ex fructibus eorum cognoscetis.</p>', '<p>Et procedens inde, vidit alios duos fratres, Jacobum Zebedi, et Joannem fratrem ejus, in navi cum Zebedo patre eorum, reficientes retia sua et vocavit eos. Illi autem statim relictis retibus et patre, secuti sunt eum.</p><p>Et circuibat Jesus totam Galilam, docens in synagogis eorum, et prdicans Evangelium regni et sanans omnem languorem, et omnem infirmitatem in populo.</p>', '586', '651', '1', '2021-06-24T15:45:46.964Z', '2021-06-24T15:45:46.964Z' );)  
[2024-07-13 07:13:53] local.ERROR: Error executing SQL statement: SQLSTATE[42000]: Syntax error or access violation: 1064 You have an error in your SQL syntax; check the manual that corresponds to your MariaDB server version for the right syntax to use near '-id, created-at, updated-at ) VALUES ( 'EAiiH7xG', '10', '<p>Mutuari a te, ne...' at line 1 (Connection: mysql, SQL: INSERT INTO object( uuid, id, title, body, views, likes, author-id, created-at, updated-at ) VALUES ( 'EAiiH7xG', '10', '<p>Mutuari a te, ne.</p>', '<p>Cum autem descendisset de monte, secut sunt eum turb mult et ecce leprosus veniens, adorabat eum, dicens Domine, si vis, potes me mundare. Et extendens Jesus manum, tetigit eum, dicens Volo mundare. Et confestim mundata est lepra ejus. Et ait illi Jesus Vide, nemini dixeris sed vade, ostende te sacerdoti, et offer munus, quod prcepit Moyses, in testimonium illis.</p><p>Cum autem introisset Capharnaum, accessit ad eum centurio, rogans eum, et dicens Domine, puer meus jacet in domo paralyticus, et male torquetur. Et ait illi Jesus Ego veniam, et curabo eum. Et respondens centurio, ait Domine, non sum dignus ut intres sub tectum meum sed tantum dic verbo, et sanabitur puer meus.</p>', '530', '365', '1', '2021-06-24T15:45:46.994Z', '2021-06-24T15:45:46.994Z' );)  
[2024-07-13 07:13:53] local.ERROR: Error executing SQL statement: SQLSTATE[42000]: Syntax error or access violation: 1064 You have an error in your SQL syntax; check the manual that corresponds to your MariaDB server version for the right syntax to use near '-id, created-at, updated-at ) VALUES ( 'iBNisWBd', '11', '<p>Sic vestit, quan...' at line 1 (Connection: mysql, SQL: INSERT INTO object( uuid, id, title, body, views, likes, author-id, created-at, updated-at ) VALUES ( 'iBNisWBd', '11', '<p>Sic vestit, quanto magis.</p>', '<p>Esto consentiens adversario tuo cito dum es in via cum eo ne forte tradat te adversarius judici, et judex tradat te ministro et in carcerem mittaris.</p><p>Amen dico tibi, non exies inde, donec reddas novissimum quadrantem. Audistis quia dictum est antiquis Non mchaberis. Ego autem dico vobis quia omnis qui viderit mulierem ad concupiscendum eam, jam mchatus est eam in corde suo.</p>', '615', '650', '1', '2021-06-24T15:45:47.002Z', '2021-06-24T15:45:47.002Z' );)  
[2024-07-13 07:13:53] local.ERROR: Error executing SQL statement: SQLSTATE[42000]: Syntax error or access violation: 1064 You have an error in your SQL syntax; check the manual that corresponds to your MariaDB server version for the right syntax to use near '-id, created-at, updated-at ) VALUES ( 'obKUxoOu', '12', '<p>Erit concilio. Q...' at line 1 (Connection: mysql, SQL: INSERT INTO object( uuid, id, title, body, views, likes, author-id, created-at, updated-at ) VALUES ( 'obKUxoOu', '12', '<p>Erit concilio. Qui autem.</p>', '<p>Esto consentiens adversario tuo cito dum es in via cum eo ne forte tradat te adversarius judici, et judex tradat te ministro et in carcerem mittaris.</p><p>Amen dico tibi, non exies inde, donec reddas novissimum quadrantem. Audistis quia dictum est antiquis Non mchaberis. Ego autem dico vobis quia omnis qui viderit mulierem ad concupiscendum eam, jam mchatus est eam in corde suo.</p>', '102', '527', '1', '2021-06-24T15:45:47.015Z', '2021-06-24T15:45:47.015Z' );)  
[2024-07-13 07:13:53] local.ERROR: Error executing SQL statement: SQLSTATE[42000]: Syntax error or access violation: 1064 You have an error in your SQL syntax; check the manual that corresponds to your MariaDB server version for the right syntax to use near '-id, created-at, updated-at ) VALUES ( 'cmBwd13r', '13', '<p>Ejus neque per J...' at line 1 (Connection: mysql, SQL: INSERT INTO object( uuid, id, title, body, views, likes, author-id, created-at, updated-at ) VALUES ( 'cmBwd13r', '13', '<p>Ejus neque per Jerosolymam.</p>', '<p>Exinde cpit Jesus prdicare, et dicere Pnitentiam agite appropinquavit enim regnum clorum.  Ambulans autem Jesus juxta mare Galil, vidit duos fratres, Simonem, qui vocatur Petrus, et Andream fratrem ejus, mittentes rete in mare (erant enim piscatores),</p><p>Et ait illis Venite post me, et faciam vos fieri piscatores hominum. At illi continuo relictis retibus secuti sunt eum.</p>', '440', '491', '1', '2021-06-24T15:45:47.023Z', '2021-06-24T15:45:47.023Z' );)  
[2024-07-13 07:13:53] local.ERROR: Error executing SQL statement: SQLSTATE[42000]: Syntax error or access violation: 1064 You have an error in your SQL syntax; check the manual that corresponds to your MariaDB server version for the right syntax to use near '-id, created-at, updated-at ) VALUES ( 'tSczBgRl', '14', '<p>Nos perimus. Et ...' at line 1 (Connection: mysql, SQL: INSERT INTO object( uuid, id, title, body, views, likes, author-id, created-at, updated-at ) VALUES ( 'tSczBgRl', '14', '<p>Nos perimus. Et dicit.</p>', '<p>Et ne velitis dicere intra vos Patrem habemus Abraham. Dico enim vobis quoniam potens est Deus de lapidibus istis suscitare filios Abrah. Jam enim securis ad radicem arborum posita est. Omnis ergo arbor, qu non facit fructum bonum, excidetur, et in ignem mittetur.</p><p>Ego quidem baptizo vos in aqua in pnitentiam qui autem post me venturus est, fortior me est, cujus non sum dignus calceamenta portare ipse vos baptizabit in Spiritu Sancto, et igni.</p>', '828', '898', '1', '2021-06-24T15:45:47.048Z', '2021-06-24T15:45:47.048Z' );)  
[2024-07-13 07:13:53] local.ERROR: Error executing SQL statement: SQLSTATE[42000]: Syntax error or access violation: 1064 You have an error in your SQL syntax; check the manual that corresponds to your MariaDB server version for the right syntax to use near '-id, created-at, updated-at ) VALUES ( 'HEIBHk1l', '15', '<p>Mihi Domine, Dom...' at line 1 (Connection: mysql, SQL: INSERT INTO object( uuid, id, title, body, views, likes, author-id, created-at, updated-at ) VALUES ( 'HEIBHk1l', '15', '<p>Mihi Domine, Domine, in.</p>', '<p>Ego autem dico vobis diligite inimicos vestros, benefacite his qui oderunt vos, et orate pro persequentibus et calumniantibus vos ut sitis filii Patris vestri, qui in clis est qui solem suum oriri facit super bonos et malos et pluit super justos et injustos.</p><p>Si enim diligitis eos qui vos diligunt, quam mercedem habebitis? nonne et publicani hoc faciunt?</p>', '218', '916', '1', '2021-06-24T15:45:47.061Z', '2021-06-24T15:45:47.061Z' );)  
[2024-07-13 07:13:53] local.ERROR: Error executing SQL statement: SQLSTATE[42000]: Syntax error or access violation: 1064 You have an error in your SQL syntax; check the manual that corresponds to your MariaDB server version for the right syntax to use near '-id, created-at, updated-at ) VALUES ( 'Lgm7w23L', '16', '<p>And in nomine tu...' at line 1 (Connection: mysql, SQL: INSERT INTO object( uuid, id, title, body, views, likes, author-id, created-at, updated-at ) VALUES ( 'Lgm7w23L', '16', '<p>And in nomine tuo.</p>', '<p>Qui petit a te, da ei et volenti mutuari a te, ne avertaris.  Audistis quia dictum est Diliges proximum tuum, et odio habebis inimicum tuum.</p><p>Ego autem dico vobis diligite inimicos vestros, benefacite his qui oderunt vos, et orate pro persequentibus et calumniantibus vos ut sitis filii Patris vestri, qui in clis est qui solem suum oriri facit super bonos et malos et pluit super justos et injustos.</p>', '607', '986', '1', '2021-06-24T15:45:47.078Z', '2021-06-24T15:45:47.078Z' );)  
[2024-07-13 07:13:53] local.ERROR: Error executing SQL statement: SQLSTATE[42000]: Syntax error or access violation: 1064 You have an error in your SQL syntax; check the manual that corresponds to your MariaDB server version for the right syntax to use near '-id, created-at, updated-at ) VALUES ( 'V1VtUfPk', '17', '<p>Ei omnes male ha...' at line 1 (Connection: mysql, SQL: INSERT INTO object( uuid, id, title, body, views, likes, author-id, created-at, updated-at ) VALUES ( 'V1VtUfPk', '17', '<p>Ei omnes male habentes.</p>', '<p>Ego autem dico vobis, non jurare omnino, neque per clum, quia thronus Dei est neque per terram, quia scabellum est pedum ejus neque per Jerosolymam, quia civitas est magni regis neque per caput tuum juraveris, quia non potes unum capillum album facere, aut nigrum.</p><p>Sit autem sermo vester, est, est non, non quod autem his abundantius est, a malo est. Audistis quia dictum est Oculum pro oculo, et dentem pro dente.</p>', '973', '388', '1', '2021-06-24T15:45:47.086Z', '2021-06-24T15:45:47.086Z' );)  
[2024-07-13 07:13:53] local.ERROR: Error executing SQL statement: SQLSTATE[42000]: Syntax error or access violation: 1064 You have an error in your SQL syntax; check the manual that corresponds to your MariaDB server version for the right syntax to use near '-id, created-at, updated-at ) VALUES ( 'GgObx6FP', '18', '<p>Vade prius recon...' at line 1 (Connection: mysql, SQL: INSERT INTO object( uuid, id, title, body, views, likes, author-id, created-at, updated-at ) VALUES ( 'GgObx6FP', '18', '<p>Vade prius reconciliari fratri.</p>', '<p>Ego autem dico vobis, non jurare omnino, neque per clum, quia thronus Dei est neque per terram, quia scabellum est pedum ejus neque per Jerosolymam, quia civitas est magni regis neque per caput tuum juraveris, quia non potes unum capillum album facere, aut nigrum.</p><p>Sit autem sermo vester, est, est non, non quod autem his abundantius est, a malo est. Audistis quia dictum est Oculum pro oculo, et dentem pro dente.</p>', '670', '632', '1', '2021-06-24T15:45:47.097Z', '2021-06-24T15:45:47.097Z' );)  
[2024-07-13 07:13:53] local.ERROR: Error executing SQL statement: SQLSTATE[42000]: Syntax error or access violation: 1064 You have an error in your SQL syntax; check the manual that corresponds to your MariaDB server version for the right syntax to use near '-id, created-at, updated-at ) VALUES ( 'KENV4su6', '19', '<p>Lux vestra coram...' at line 1 (Connection: mysql, SQL: INSERT INTO object( uuid, id, title, body, views, likes, author-id, created-at, updated-at ) VALUES ( 'KENV4su6', '19', '<p>Lux vestra coram hominibus.</p>', '<p>Ait illi Jesus Rursum scriptum est Non tentabis Dominum Deum tuum.</p><p>Iterum assumpsit eum diabolus in montem excelsum valde et ostendit ei omnia regna mundi, et gloriam eorum, et dixit ei Hc omnia tibi dabo, si cadens adoraveris me. Tunc dicit ei Jesus Vade Satana Scriptum est enim Dominum Deum tuum adorabis, et illi soli servies.</p>', '325', '220', '1', '2021-06-24T15:45:47.109Z', '2021-06-24T15:45:47.109Z' );)  
[2024-07-13 07:13:53] local.ERROR: Error executing SQL statement: SQLSTATE[42000]: Syntax error or access violation: 1064 You have an error in your SQL syntax; check the manual that corresponds to your MariaDB server version for the right syntax to use near '-id, created-at, updated-at ) VALUES ( 'fDOxqKpD', '20', '<p>Regno clorum q...' at line 1 (Connection: mysql, SQL: INSERT INTO object( uuid, id, title, body, views, likes, author-id, created-at, updated-at ) VALUES ( 'fDOxqKpD', '20', '<p>Regno clorum qui autem.</p>', '<p>Tunc reliquit eum diabolus et ecce angeli accesserunt, et ministrabant ei. Cum autem audisset Jesus quod Joannes traditus esset, secessit in Galilam et, relicta civitate Nazareth, venit, et habitavit in Capharnaum maritima, in finibus Zabulon et Nephthalim ut adimpleretur quod dictum est per Isaiam prophetam Terra Zabulon, et terra Nephthalim, via maris trans Jordanem, alila gentium populus, qui sedebat in tenebris, vidit lucem magnam et sedentibus in regione umbr mortis, lux orta est eis.</p><p>Exinde cpit Jesus prdicare, et dicere Pnitentiam agite appropinquavit enim regnum clorum.  Ambulans autem Jesus juxta mare Galil, vidit duos fratres, Simonem, qui vocatur Petrus, et Andream fratrem ejus, mittentes rete in mare (erant enim piscatores),</p>', '817', '950', '1', '2021-06-24T15:45:47.147Z', '2021-06-24T15:45:47.147Z' );)  
[2024-07-13 07:15:35] local.ERROR: An Error has occured: ErrorException: Undefined array key "root" in D:\kaufland-coding-test\kaufland-data-feed\app\Services\ParseData.php:54
Stack trace:
#0 D:\kaufland-coding-test\kaufland-data-feed\vendor\laravel\framework\src\Illuminate\Foundation\Bootstrap\HandleExceptions.php(256): Illuminate\Foundation\Bootstrap\HandleExceptions->handleError()
#1 D:\kaufland-coding-test\kaufland-data-feed\app\Services\ParseData.php(54): Illuminate\Foundation\Bootstrap\HandleExceptions->Illuminate\Foundation\Bootstrap\{closure}()
#2 D:\kaufland-coding-test\kaufland-data-feed\app\Services\ParseData.php(19): App\Services\ParseData->trackParentRelationships()
#3 D:\kaufland-coding-test\kaufland-data-feed\app\Console\Commands\processData.php(98): App\Services\ParseData->getTagNamesWithRelationships()
#4 D:\kaufland-coding-test\kaufland-data-feed\vendor\laravel\framework\src\Illuminate\Container\BoundMethod.php(36): App\Console\Commands\processData->handle()
#5 D:\kaufland-coding-test\kaufland-data-feed\vendor\laravel\framework\src\Illuminate\Container\Util.php(41): Illuminate\Container\BoundMethod::Illuminate\Container\{closure}()
#6 D:\kaufland-coding-test\kaufland-data-feed\vendor\laravel\framework\src\Illuminate\Container\BoundMethod.php(93): Illuminate\Container\Util::unwrapIfClosure()
#7 D:\kaufland-coding-test\kaufland-data-feed\vendor\laravel\framework\src\Illuminate\Container\BoundMethod.php(35): Illuminate\Container\BoundMethod::callBoundMethod()
#8 D:\kaufland-coding-test\kaufland-data-feed\vendor\laravel\framework\src\Illuminate\Container\Container.php(690): Illuminate\Container\BoundMethod::call()
#9 D:\kaufland-coding-test\kaufland-data-feed\vendor\laravel\framework\src\Illuminate\Console\Command.php(213): Illuminate\Container\Container->call()
#10 D:\kaufland-coding-test\kaufland-data-feed\vendor\symfony\console\Command\Command.php(279): Illuminate\Console\Command->execute()
#11 D:\kaufland-coding-test\kaufland-data-feed\vendor\laravel\framework\src\Illuminate\Console\Command.php(182): Symfony\Component\Console\Command\Command->run()
#12 D:\kaufland-coding-test\kaufland-data-feed\vendor\symfony\console\Application.php(1047): Illuminate\Console\Command->run()
#13 D:\kaufland-coding-test\kaufland-data-feed\vendor\symfony\console\Application.php(316): Symfony\Component\Console\Application->doRunCommand()
#14 D:\kaufland-coding-test\kaufland-data-feed\vendor\symfony\console\Application.php(167): Symfony\Component\Console\Application->doRun()
#15 D:\kaufland-coding-test\kaufland-data-feed\vendor\laravel\framework\src\Illuminate\Foundation\Console\Kernel.php(196): Symfony\Component\Console\Application->run()
#16 D:\kaufland-coding-test\kaufland-data-feed\vendor\laravel\framework\src\Illuminate\Foundation\Application.php(1203): Illuminate\Foundation\Console\Kernel->handle()
#17 D:\kaufland-coding-test\kaufland-data-feed\artisan(13): Illuminate\Foundation\Application->handleCommand()
#18 {main}  
[2024-07-13 07:15:35] local.ERROR: foreach() argument must be of type array|object, int given {"exception":"[object] (ErrorException(code: 0): foreach() argument must be of type array|object, int given at D:\\kaufland-coding-test\\kaufland-data-feed\\app\\Services\\DatabaseConstruct.php:15)
[stacktrace]
#0 D:\\kaufland-coding-test\\kaufland-data-feed\\vendor\\laravel\\framework\\src\\Illuminate\\Foundation\\Bootstrap\\HandleExceptions.php(256): Illuminate\\Foundation\\Bootstrap\\HandleExceptions->handleError()
#1 D:\\kaufland-coding-test\\kaufland-data-feed\\app\\Services\\DatabaseConstruct.php(15): Illuminate\\Foundation\\Bootstrap\\HandleExceptions->Illuminate\\Foundation\\Bootstrap\\{closure}()
#2 D:\\kaufland-coding-test\\kaufland-data-feed\\app\\Console\\Commands\\processData.php(99): App\\Services\\DatabaseConstruct->createDataBaseFile()
#3 D:\\kaufland-coding-test\\kaufland-data-feed\\vendor\\laravel\\framework\\src\\Illuminate\\Container\\BoundMethod.php(36): App\\Console\\Commands\\processData->handle()
#4 D:\\kaufland-coding-test\\kaufland-data-feed\\vendor\\laravel\\framework\\src\\Illuminate\\Container\\Util.php(41): Illuminate\\Container\\BoundMethod::Illuminate\\Container\\{closure}()
#5 D:\\kaufland-coding-test\\kaufland-data-feed\\vendor\\laravel\\framework\\src\\Illuminate\\Container\\BoundMethod.php(93): Illuminate\\Container\\Util::unwrapIfClosure()
#6 D:\\kaufland-coding-test\\kaufland-data-feed\\vendor\\laravel\\framework\\src\\Illuminate\\Container\\BoundMethod.php(35): Illuminate\\Container\\BoundMethod::callBoundMethod()
#7 D:\\kaufland-coding-test\\kaufland-data-feed\\vendor\\laravel\\framework\\src\\Illuminate\\Container\\Container.php(690): Illuminate\\Container\\BoundMethod::call()
#8 D:\\kaufland-coding-test\\kaufland-data-feed\\vendor\\laravel\\framework\\src\\Illuminate\\Console\\Command.php(213): Illuminate\\Container\\Container->call()
#9 D:\\kaufland-coding-test\\kaufland-data-feed\\vendor\\symfony\\console\\Command\\Command.php(279): Illuminate\\Console\\Command->execute()
#10 D:\\kaufland-coding-test\\kaufland-data-feed\\vendor\\laravel\\framework\\src\\Illuminate\\Console\\Command.php(182): Symfony\\Component\\Console\\Command\\Command->run()
#11 D:\\kaufland-coding-test\\kaufland-data-feed\\vendor\\symfony\\console\\Application.php(1047): Illuminate\\Console\\Command->run()
#12 D:\\kaufland-coding-test\\kaufland-data-feed\\vendor\\symfony\\console\\Application.php(316): Symfony\\Component\\Console\\Application->doRunCommand()
#13 D:\\kaufland-coding-test\\kaufland-data-feed\\vendor\\symfony\\console\\Application.php(167): Symfony\\Component\\Console\\Application->doRun()
#14 D:\\kaufland-coding-test\\kaufland-data-feed\\vendor\\laravel\\framework\\src\\Illuminate\\Foundation\\Console\\Kernel.php(196): Symfony\\Component\\Console\\Application->run()
#15 D:\\kaufland-coding-test\\kaufland-data-feed\\vendor\\laravel\\framework\\src\\Illuminate\\Foundation\\Application.php(1203): Illuminate\\Foundation\\Console\\Kernel->handle()
#16 D:\\kaufland-coding-test\\kaufland-data-feed\\artisan(13): Illuminate\\Foundation\\Application->handleCommand()
#17 {main}
"} 
[2024-07-13 07:16:18] local.ERROR: Error executing SQL statement: SQLSTATE[42000]: Syntax error or access violation: 1064 You have an error in your SQL syntax; check the manual that corresponds to your MariaDB server version for the right syntax to use near '-id, created-at, updated-at ) VALUES ( 'OvYuqMuj', '1', '<p>Patre eorum, refi...' at line 1 (Connection: mysql, SQL: INSERT INTO object( uuid, id, title, body, views, likes, author-id, created-at, updated-at ) VALUES ( 'OvYuqMuj', '1', '<p>Patre eorum, reficientes retia.</p>', '<p>Qui cum audissent regem, abierunt, et ecce stella, quam viderant in oriente, antecedebat eos, usque dum veniens staret supra, ubi erat puer. Videntes autem stellam gavisi sunt gaudio magno valde.</p><p>Et intrantes domum, invenerunt puerum cum Maria matre ejus, et procidentes adoraverunt eum et apertis thesauris suis obtulerunt ei munera, aurum, thus, et myrrham.</p>', '500', '540', '1', '2021-06-24T15:45:46.690Z', '2021-06-24T15:45:46.690Z' );)  
[2024-07-13 07:16:18] local.ERROR: Error executing SQL statement: SQLSTATE[42000]: Syntax error or access violation: 1064 You have an error in your SQL syntax; check the manual that corresponds to your MariaDB server version for the right syntax to use near '-id, created-at, updated-at ) VALUES ( 'G9jY6om2', '2', '<p>Mercedem suam. Te...' at line 1 (Connection: mysql, SQL: INSERT INTO object( uuid, id, title, body, views, likes, author-id, created-at, updated-at ) VALUES ( 'G9jY6om2', '2', '<p>Mercedem suam. Te autem.</p>', '<p>Non omnis who dicit mihi, Domine, Domine, intrabit in regnum Caelorum sed that facit voluntatem Patris mei, who is in Clis, ipse intrabit in regnum Caelorum. Multi dicent illa die in mihi Domine, Domine, in nomine tuo prophetavimus nun, and in nomine tuo Daemonia ejecimus and in nomine tuo virtutes multas fecimus? And tunc Confitebor illis numquam novi your Quia discedite was me who operamini iniquitatem.</p><p>Omnis ergo that audit verba mea CEST and facit Others assimilabitur viro Sapienti which dificavit domum suam petram supra, and down pluvia and venerunt flumina and flaverunt fan and irruerunt in domum illam, not cecidit Fundata enim erat super petram. And that omnis verba mea CEST audit and non facit Others similis erit viro stulto which dificavit domum suam super arenam and down pluvia and venerunt flumina and flaverunt fan and irruerunt in domum illam and cecidit and leaking ruined illius magna.</p>', '956', '608', '1', '2021-06-24T15:45:46.756Z', '2021-06-24T15:45:46.756Z' );)  
[2024-07-13 07:16:18] local.ERROR: Error executing SQL statement: SQLSTATE[42000]: Syntax error or access violation: 1064 You have an error in your SQL syntax; check the manual that corresponds to your MariaDB server version for the right syntax to use near '-id, created-at, updated-at ) VALUES ( 'yLNshH3Y', '3', '<p>In tenebris, vidi...' at line 1 (Connection: mysql, SQL: INSERT INTO object( uuid, id, title, body, views, likes, author-id, created-at, updated-at ) VALUES ( 'yLNshH3Y', '3', '<p>In tenebris, vidit lucem.</p>', '<p>Qui consurgens, accepit puerum, et matrem ejus, et venit in terram Isral. Audiens autem quod Archelaus regnaret in Juda pro Herode patre suo, timuit illo ire et admonitus in somnis, secessit in partes Galil.</p><p>Et veniens habitavit in civitate qu vocatur Nazareth ut adimpleretur quod dictum est per prophetas Quoniam Nazarus vocabitur. In diebus autem illis venit Joannes Baptista prdicans in deserto Jud, et dicens Pnitentiam agite appropinquavit enim regnum clorum.</p>', '407', '828', '1', '2021-06-24T15:45:46.772Z', '2021-06-24T15:45:46.772Z' );)  
[2024-07-13 07:16:18] local.ERROR: Error executing SQL statement: SQLSTATE[42000]: Syntax error or access violation: 1064 You have an error in your SQL syntax; check the manual that corresponds to your MariaDB server version for the right syntax to use near '-id, created-at, updated-at ) VALUES ( 'I2aUSOXF', '4', '<p>Nomen tuum. Adven...' at line 1 (Connection: mysql, SQL: INSERT INTO object( uuid, id, title, body, views, likes, author-id, created-at, updated-at ) VALUES ( 'I2aUSOXF', '4', '<p>Nomen tuum. Adveniat regnum.</p>', '<p>Qui cum audissent regem, abierunt, et ecce stella, quam viderant in oriente, antecedebat eos, usque dum veniens staret supra, ubi erat puer. Videntes autem stellam gavisi sunt gaudio magno valde.</p><p>Et intrantes domum, invenerunt puerum cum Maria matre ejus, et procidentes adoraverunt eum et apertis thesauris suis obtulerunt ei munera, aurum, thus, et myrrham.</p>', '725', '813', '1', '2021-06-24T15:45:46.797Z', '2021-06-24T15:45:46.797Z' );)  
[2024-07-13 07:16:18] local.ERROR: Error executing SQL statement: SQLSTATE[42000]: Syntax error or access violation: 1064 You have an error in your SQL syntax; check the manual that corresponds to your MariaDB server version for the right syntax to use near '-id, created-at, updated-at ) VALUES ( 'vdFR8cfi', '5', '<p>Vobis thesauros i...' at line 1 (Connection: mysql, SQL: INSERT INTO object( uuid, id, title, body, views, likes, author-id, created-at, updated-at ) VALUES ( 'vdFR8cfi', '5', '<p>Vobis thesauros in clo.</p>', '<p>Dico enim vobis, quia nisi abundaverit justitia vestra plus quam scribarum et pharisorum, non intrabitis in regnum clorum. Audistis quia dictum est antiquis Non occides qui autem occiderit, reus erit judicio.</p><p>Ego autem dico vobis quia omnis qui irascitur fratri suo, reus erit judicio. Qui autem dixerit fratri suo, raca reus erit concilio. Qui autem dixerit, fatue reus erit gehenn ignis.</p>', '761', '310', '1', '2021-06-24T15:45:46.864Z', '2021-06-24T15:45:46.864Z' );)  
[2024-07-13 07:16:18] local.ERROR: Error executing SQL statement: SQLSTATE[42000]: Syntax error or access violation: 1064 You have an error in your SQL syntax; check the manual that corresponds to your MariaDB server version for the right syntax to use near '-id, created-at, updated-at ) VALUES ( 'SoWKybol', '6', '<p>Sed super candela...' at line 1 (Connection: mysql, SQL: INSERT INTO object( uuid, id, title, body, views, likes, author-id, created-at, updated-at ) VALUES ( 'SoWKybol', '6', '<p>Sed super candelabrum, ut.</p>', '<p>Tunc adimpletum est quod dictum est per Jeremiam prophetam dicentem dicens Surge, et accipe puerum, et matrem ejus, et vade in terram Isral defuncti sunt enim qui qurebant animam pueri.</p><p>Qui consurgens, accepit puerum, et matrem ejus, et venit in terram Isral. Audiens autem quod Archelaus regnaret in Juda pro Herode patre suo, timuit illo ire et admonitus in somnis, secessit in partes Galil.</p>', '955', '430', '1', '2021-06-24T15:45:46.880Z', '2021-06-24T15:45:46.880Z' );)  
[2024-07-13 07:16:18] local.ERROR: Error executing SQL statement: SQLSTATE[42000]: Syntax error or access violation: 1064 You have an error in your SQL syntax; check the manual that corresponds to your MariaDB server version for the right syntax to use near '-id, created-at, updated-at ) VALUES ( 'MEi35Y2p', '7', '<p>Et Andream fratre...' at line 1 (Connection: mysql, SQL: INSERT INTO object( uuid, id, title, body, views, likes, author-id, created-at, updated-at ) VALUES ( 'MEi35Y2p', '7', '<p>Et Andream fratrem ejus.</p>', '<p>Et congregans omnes principes sacerdotum, et scribas populi, sciscitabatur ab eis ubi Christus nasceretur. At illi dixerunt In Bethlehem Jud sic enim scriptum est per prophetam Tunc Herodes clam vocatis magis diligenter didicit ab eis tempus stell, qu apparuit eis et mittens illos in Bethlehem, dixit Ite, et interrogate diligenter de puero et cum inveneritis, renuntiate mihi, ut et ego veniens adorem eum.</p><p>Qui cum audissent regem, abierunt, et ecce stella, quam viderant in oriente, antecedebat eos, usque dum veniens staret supra, ubi erat puer. Videntes autem stellam gavisi sunt gaudio magno valde.</p>', '607', '103', '1', '2021-06-24T15:45:46.920Z', '2021-06-24T15:45:46.920Z' );)  
[2024-07-13 07:16:18] local.ERROR: Error executing SQL statement: SQLSTATE[42000]: Syntax error or access violation: 1064 You have an error in your SQL syntax; check the manual that corresponds to your MariaDB server version for the right syntax to use near '-id, created-at, updated-at ) VALUES ( '0jR5ZyUd', '8', '<p>Evangelium regni ...' at line 1 (Connection: mysql, SQL: INSERT INTO object( uuid, id, title, body, views, likes, author-id, created-at, updated-at ) VALUES ( '0jR5ZyUd', '8', '<p>Evangelium regni et sanans.</p>', '<p>Si autem fnum agri, quod hodie est, et cras in clibanum mittitur, Deus sic vestit, quanto magis vos modic fidei? Nolite ergo solliciti esse, dicentes Quid manducabimus, aut quid bibemus, aut quo operiemur? hc enim omnia gentes inquirunt. Scit enim Pater vester, quia his omnibus indigetis.</p><p>Qurite ergo primum regnum Dei, et justitiam ejus et hc omnia adjicientur vobis. Nolite ergo solliciti esse in crastinum. Crastinus enim dies sollicitus erit sibi ipsi sufficit diei malitia sua.</p>', '974', '106', '1', '2021-06-24T15:45:46.940Z', '2021-06-24T15:45:46.940Z' );)  
[2024-07-13 07:16:18] local.ERROR: Error executing SQL statement: SQLSTATE[42000]: Syntax error or access violation: 1064 You have an error in your SQL syntax; check the manual that corresponds to your MariaDB server version for the right syntax to use near '-id, created-at, updated-at ) VALUES ( 'ISeMUQbx', '9', '<p>Ex fructibus eoru...' at line 1 (Connection: mysql, SQL: INSERT INTO object( uuid, id, title, body, views, likes, author-id, created-at, updated-at ) VALUES ( 'ISeMUQbx', '9', '<p>Ex fructibus eorum cognoscetis.</p>', '<p>Et procedens inde, vidit alios duos fratres, Jacobum Zebedi, et Joannem fratrem ejus, in navi cum Zebedo patre eorum, reficientes retia sua et vocavit eos. Illi autem statim relictis retibus et patre, secuti sunt eum.</p><p>Et circuibat Jesus totam Galilam, docens in synagogis eorum, et prdicans Evangelium regni et sanans omnem languorem, et omnem infirmitatem in populo.</p>', '586', '651', '1', '2021-06-24T15:45:46.964Z', '2021-06-24T15:45:46.964Z' );)  
[2024-07-13 07:16:18] local.ERROR: Error executing SQL statement: SQLSTATE[42000]: Syntax error or access violation: 1064 You have an error in your SQL syntax; check the manual that corresponds to your MariaDB server version for the right syntax to use near '-id, created-at, updated-at ) VALUES ( 'PYs8jv0a', '10', '<p>Mutuari a te, ne...' at line 1 (Connection: mysql, SQL: INSERT INTO object( uuid, id, title, body, views, likes, author-id, created-at, updated-at ) VALUES ( 'PYs8jv0a', '10', '<p>Mutuari a te, ne.</p>', '<p>Cum autem descendisset de monte, secut sunt eum turb mult et ecce leprosus veniens, adorabat eum, dicens Domine, si vis, potes me mundare. Et extendens Jesus manum, tetigit eum, dicens Volo mundare. Et confestim mundata est lepra ejus. Et ait illi Jesus Vide, nemini dixeris sed vade, ostende te sacerdoti, et offer munus, quod prcepit Moyses, in testimonium illis.</p><p>Cum autem introisset Capharnaum, accessit ad eum centurio, rogans eum, et dicens Domine, puer meus jacet in domo paralyticus, et male torquetur. Et ait illi Jesus Ego veniam, et curabo eum. Et respondens centurio, ait Domine, non sum dignus ut intres sub tectum meum sed tantum dic verbo, et sanabitur puer meus.</p>', '530', '365', '1', '2021-06-24T15:45:46.994Z', '2021-06-24T15:45:46.994Z' );)  
[2024-07-13 07:16:18] local.ERROR: Error executing SQL statement: SQLSTATE[42000]: Syntax error or access violation: 1064 You have an error in your SQL syntax; check the manual that corresponds to your MariaDB server version for the right syntax to use near '-id, created-at, updated-at ) VALUES ( 'vYrTEhGr', '11', '<p>Sic vestit, quan...' at line 1 (Connection: mysql, SQL: INSERT INTO object( uuid, id, title, body, views, likes, author-id, created-at, updated-at ) VALUES ( 'vYrTEhGr', '11', '<p>Sic vestit, quanto magis.</p>', '<p>Esto consentiens adversario tuo cito dum es in via cum eo ne forte tradat te adversarius judici, et judex tradat te ministro et in carcerem mittaris.</p><p>Amen dico tibi, non exies inde, donec reddas novissimum quadrantem. Audistis quia dictum est antiquis Non mchaberis. Ego autem dico vobis quia omnis qui viderit mulierem ad concupiscendum eam, jam mchatus est eam in corde suo.</p>', '615', '650', '1', '2021-06-24T15:45:47.002Z', '2021-06-24T15:45:47.002Z' );)  
[2024-07-13 07:16:18] local.ERROR: Error executing SQL statement: SQLSTATE[42000]: Syntax error or access violation: 1064 You have an error in your SQL syntax; check the manual that corresponds to your MariaDB server version for the right syntax to use near '-id, created-at, updated-at ) VALUES ( 'nIMZmkft', '12', '<p>Erit concilio. Q...' at line 1 (Connection: mysql, SQL: INSERT INTO object( uuid, id, title, body, views, likes, author-id, created-at, updated-at ) VALUES ( 'nIMZmkft', '12', '<p>Erit concilio. Qui autem.</p>', '<p>Esto consentiens adversario tuo cito dum es in via cum eo ne forte tradat te adversarius judici, et judex tradat te ministro et in carcerem mittaris.</p><p>Amen dico tibi, non exies inde, donec reddas novissimum quadrantem. Audistis quia dictum est antiquis Non mchaberis. Ego autem dico vobis quia omnis qui viderit mulierem ad concupiscendum eam, jam mchatus est eam in corde suo.</p>', '102', '527', '1', '2021-06-24T15:45:47.015Z', '2021-06-24T15:45:47.015Z' );)  
[2024-07-13 07:16:18] local.ERROR: Error executing SQL statement: SQLSTATE[42000]: Syntax error or access violation: 1064 You have an error in your SQL syntax; check the manual that corresponds to your MariaDB server version for the right syntax to use near '-id, created-at, updated-at ) VALUES ( 'xPElCRzq', '13', '<p>Ejus neque per J...' at line 1 (Connection: mysql, SQL: INSERT INTO object( uuid, id, title, body, views, likes, author-id, created-at, updated-at ) VALUES ( 'xPElCRzq', '13', '<p>Ejus neque per Jerosolymam.</p>', '<p>Exinde cpit Jesus prdicare, et dicere Pnitentiam agite appropinquavit enim regnum clorum.  Ambulans autem Jesus juxta mare Galil, vidit duos fratres, Simonem, qui vocatur Petrus, et Andream fratrem ejus, mittentes rete in mare (erant enim piscatores),</p><p>Et ait illis Venite post me, et faciam vos fieri piscatores hominum. At illi continuo relictis retibus secuti sunt eum.</p>', '440', '491', '1', '2021-06-24T15:45:47.023Z', '2021-06-24T15:45:47.023Z' );)  
[2024-07-13 07:16:18] local.ERROR: Error executing SQL statement: SQLSTATE[42000]: Syntax error or access violation: 1064 You have an error in your SQL syntax; check the manual that corresponds to your MariaDB server version for the right syntax to use near '-id, created-at, updated-at ) VALUES ( '5uTiDKNM', '14', '<p>Nos perimus. Et ...' at line 1 (Connection: mysql, SQL: INSERT INTO object( uuid, id, title, body, views, likes, author-id, created-at, updated-at ) VALUES ( '5uTiDKNM', '14', '<p>Nos perimus. Et dicit.</p>', '<p>Et ne velitis dicere intra vos Patrem habemus Abraham. Dico enim vobis quoniam potens est Deus de lapidibus istis suscitare filios Abrah. Jam enim securis ad radicem arborum posita est. Omnis ergo arbor, qu non facit fructum bonum, excidetur, et in ignem mittetur.</p><p>Ego quidem baptizo vos in aqua in pnitentiam qui autem post me venturus est, fortior me est, cujus non sum dignus calceamenta portare ipse vos baptizabit in Spiritu Sancto, et igni.</p>', '828', '898', '1', '2021-06-24T15:45:47.048Z', '2021-06-24T15:45:47.048Z' );)  
[2024-07-13 07:16:18] local.ERROR: Error executing SQL statement: SQLSTATE[42000]: Syntax error or access violation: 1064 You have an error in your SQL syntax; check the manual that corresponds to your MariaDB server version for the right syntax to use near '-id, created-at, updated-at ) VALUES ( 'XR2K1Klp', '15', '<p>Mihi Domine, Dom...' at line 1 (Connection: mysql, SQL: INSERT INTO object( uuid, id, title, body, views, likes, author-id, created-at, updated-at ) VALUES ( 'XR2K1Klp', '15', '<p>Mihi Domine, Domine, in.</p>', '<p>Ego autem dico vobis diligite inimicos vestros, benefacite his qui oderunt vos, et orate pro persequentibus et calumniantibus vos ut sitis filii Patris vestri, qui in clis est qui solem suum oriri facit super bonos et malos et pluit super justos et injustos.</p><p>Si enim diligitis eos qui vos diligunt, quam mercedem habebitis? nonne et publicani hoc faciunt?</p>', '218', '916', '1', '2021-06-24T15:45:47.061Z', '2021-06-24T15:45:47.061Z' );)  
[2024-07-13 07:16:18] local.ERROR: Error executing SQL statement: SQLSTATE[42000]: Syntax error or access violation: 1064 You have an error in your SQL syntax; check the manual that corresponds to your MariaDB server version for the right syntax to use near '-id, created-at, updated-at ) VALUES ( 'Z3Ch5HO4', '16', '<p>And in nomine tu...' at line 1 (Connection: mysql, SQL: INSERT INTO object( uuid, id, title, body, views, likes, author-id, created-at, updated-at ) VALUES ( 'Z3Ch5HO4', '16', '<p>And in nomine tuo.</p>', '<p>Qui petit a te, da ei et volenti mutuari a te, ne avertaris.  Audistis quia dictum est Diliges proximum tuum, et odio habebis inimicum tuum.</p><p>Ego autem dico vobis diligite inimicos vestros, benefacite his qui oderunt vos, et orate pro persequentibus et calumniantibus vos ut sitis filii Patris vestri, qui in clis est qui solem suum oriri facit super bonos et malos et pluit super justos et injustos.</p>', '607', '986', '1', '2021-06-24T15:45:47.078Z', '2021-06-24T15:45:47.078Z' );)  
[2024-07-13 07:16:18] local.ERROR: Error executing SQL statement: SQLSTATE[42000]: Syntax error or access violation: 1064 You have an error in your SQL syntax; check the manual that corresponds to your MariaDB server version for the right syntax to use near '-id, created-at, updated-at ) VALUES ( 'wxsoNc2b', '17', '<p>Ei omnes male ha...' at line 1 (Connection: mysql, SQL: INSERT INTO object( uuid, id, title, body, views, likes, author-id, created-at, updated-at ) VALUES ( 'wxsoNc2b', '17', '<p>Ei omnes male habentes.</p>', '<p>Ego autem dico vobis, non jurare omnino, neque per clum, quia thronus Dei est neque per terram, quia scabellum est pedum ejus neque per Jerosolymam, quia civitas est magni regis neque per caput tuum juraveris, quia non potes unum capillum album facere, aut nigrum.</p><p>Sit autem sermo vester, est, est non, non quod autem his abundantius est, a malo est. Audistis quia dictum est Oculum pro oculo, et dentem pro dente.</p>', '973', '388', '1', '2021-06-24T15:45:47.086Z', '2021-06-24T15:45:47.086Z' );)  
[2024-07-13 07:16:18] local.ERROR: Error executing SQL statement: SQLSTATE[42000]: Syntax error or access violation: 1064 You have an error in your SQL syntax; check the manual that corresponds to your MariaDB server version for the right syntax to use near '-id, created-at, updated-at ) VALUES ( 'yv8e1AUY', '18', '<p>Vade prius recon...' at line 1 (Connection: mysql, SQL: INSERT INTO object( uuid, id, title, body, views, likes, author-id, created-at, updated-at ) VALUES ( 'yv8e1AUY', '18', '<p>Vade prius reconciliari fratri.</p>', '<p>Ego autem dico vobis, non jurare omnino, neque per clum, quia thronus Dei est neque per terram, quia scabellum est pedum ejus neque per Jerosolymam, quia civitas est magni regis neque per caput tuum juraveris, quia non potes unum capillum album facere, aut nigrum.</p><p>Sit autem sermo vester, est, est non, non quod autem his abundantius est, a malo est. Audistis quia dictum est Oculum pro oculo, et dentem pro dente.</p>', '670', '632', '1', '2021-06-24T15:45:47.097Z', '2021-06-24T15:45:47.097Z' );)  
[2024-07-13 07:16:18] local.ERROR: Error executing SQL statement: SQLSTATE[42000]: Syntax error or access violation: 1064 You have an error in your SQL syntax; check the manual that corresponds to your MariaDB server version for the right syntax to use near '-id, created-at, updated-at ) VALUES ( 'myTLD6KB', '19', '<p>Lux vestra coram...' at line 1 (Connection: mysql, SQL: INSERT INTO object( uuid, id, title, body, views, likes, author-id, created-at, updated-at ) VALUES ( 'myTLD6KB', '19', '<p>Lux vestra coram hominibus.</p>', '<p>Ait illi Jesus Rursum scriptum est Non tentabis Dominum Deum tuum.</p><p>Iterum assumpsit eum diabolus in montem excelsum valde et ostendit ei omnia regna mundi, et gloriam eorum, et dixit ei Hc omnia tibi dabo, si cadens adoraveris me. Tunc dicit ei Jesus Vade Satana Scriptum est enim Dominum Deum tuum adorabis, et illi soli servies.</p>', '325', '220', '1', '2021-06-24T15:45:47.109Z', '2021-06-24T15:45:47.109Z' );)  
[2024-07-13 07:16:18] local.ERROR: Error executing SQL statement: SQLSTATE[42000]: Syntax error or access violation: 1064 You have an error in your SQL syntax; check the manual that corresponds to your MariaDB server version for the right syntax to use near '-id, created-at, updated-at ) VALUES ( 'jiP3FG6k', '20', '<p>Regno clorum q...' at line 1 (Connection: mysql, SQL: INSERT INTO object( uuid, id, title, body, views, likes, author-id, created-at, updated-at ) VALUES ( 'jiP3FG6k', '20', '<p>Regno clorum qui autem.</p>', '<p>Tunc reliquit eum diabolus et ecce angeli accesserunt, et ministrabant ei. Cum autem audisset Jesus quod Joannes traditus esset, secessit in Galilam et, relicta civitate Nazareth, venit, et habitavit in Capharnaum maritima, in finibus Zabulon et Nephthalim ut adimpleretur quod dictum est per Isaiam prophetam Terra Zabulon, et terra Nephthalim, via maris trans Jordanem, alila gentium populus, qui sedebat in tenebris, vidit lucem magnam et sedentibus in regione umbr mortis, lux orta est eis.</p><p>Exinde cpit Jesus prdicare, et dicere Pnitentiam agite appropinquavit enim regnum clorum.  Ambulans autem Jesus juxta mare Galil, vidit duos fratres, Simonem, qui vocatur Petrus, et Andream fratrem ejus, mittentes rete in mare (erant enim piscatores),</p>', '817', '950', '1', '2021-06-24T15:45:47.147Z', '2021-06-24T15:45:47.147Z' );)  
[2024-07-13 07:30:17] local.ERROR: simplexml_load_string(): Entity: line 31: parser error : Opening and ending tag mismatch: items line 3 and item {"exception":"[object] (ErrorException(code: 0): simplexml_load_string(): Entity: line 31: parser error : Opening and ending tag mismatch: items line 3 and item at D:\\kaufland-coding-test\\kaufland-data-feed\\app\\Console\\Commands\\processData.php:77)
[stacktrace]
#0 D:\\kaufland-coding-test\\kaufland-data-feed\\vendor\\laravel\\framework\\src\\Illuminate\\Foundation\\Bootstrap\\HandleExceptions.php(256): Illuminate\\Foundation\\Bootstrap\\HandleExceptions->handleError()
#1 [internal function]: Illuminate\\Foundation\\Bootstrap\\HandleExceptions->Illuminate\\Foundation\\Bootstrap\\{closure}()
#2 D:\\kaufland-coding-test\\kaufland-data-feed\\app\\Console\\Commands\\processData.php(77): simplexml_load_string()
#3 D:\\kaufland-coding-test\\kaufland-data-feed\\vendor\\laravel\\framework\\src\\Illuminate\\Container\\BoundMethod.php(36): App\\Console\\Commands\\processData->handle()
#4 D:\\kaufland-coding-test\\kaufland-data-feed\\vendor\\laravel\\framework\\src\\Illuminate\\Container\\Util.php(41): Illuminate\\Container\\BoundMethod::Illuminate\\Container\\{closure}()
#5 D:\\kaufland-coding-test\\kaufland-data-feed\\vendor\\laravel\\framework\\src\\Illuminate\\Container\\BoundMethod.php(93): Illuminate\\Container\\Util::unwrapIfClosure()
#6 D:\\kaufland-coding-test\\kaufland-data-feed\\vendor\\laravel\\framework\\src\\Illuminate\\Container\\BoundMethod.php(35): Illuminate\\Container\\BoundMethod::callBoundMethod()
#7 D:\\kaufland-coding-test\\kaufland-data-feed\\vendor\\laravel\\framework\\src\\Illuminate\\Container\\Container.php(690): Illuminate\\Container\\BoundMethod::call()
#8 D:\\kaufland-coding-test\\kaufland-data-feed\\vendor\\laravel\\framework\\src\\Illuminate\\Console\\Command.php(213): Illuminate\\Container\\Container->call()
#9 D:\\kaufland-coding-test\\kaufland-data-feed\\vendor\\symfony\\console\\Command\\Command.php(279): Illuminate\\Console\\Command->execute()
#10 D:\\kaufland-coding-test\\kaufland-data-feed\\vendor\\laravel\\framework\\src\\Illuminate\\Console\\Command.php(182): Symfony\\Component\\Console\\Command\\Command->run()
#11 D:\\kaufland-coding-test\\kaufland-data-feed\\vendor\\symfony\\console\\Application.php(1047): Illuminate\\Console\\Command->run()
#12 D:\\kaufland-coding-test\\kaufland-data-feed\\vendor\\symfony\\console\\Application.php(316): Symfony\\Component\\Console\\Application->doRunCommand()
#13 D:\\kaufland-coding-test\\kaufland-data-feed\\vendor\\symfony\\console\\Application.php(167): Symfony\\Component\\Console\\Application->doRun()
#14 D:\\kaufland-coding-test\\kaufland-data-feed\\vendor\\laravel\\framework\\src\\Illuminate\\Foundation\\Console\\Kernel.php(196): Symfony\\Component\\Console\\Application->run()
#15 D:\\kaufland-coding-test\\kaufland-data-feed\\vendor\\laravel\\framework\\src\\Illuminate\\Foundation\\Application.php(1203): Illuminate\\Foundation\\Console\\Kernel->handle()
#16 D:\\kaufland-coding-test\\kaufland-data-feed\\artisan(13): Illuminate\\Foundation\\Application->handleCommand()
#17 {main}
"} 
[2024-07-13 07:38:13] local.ERROR: file_get_contents(dd): Failed to open stream: No such file or directory {"exception":"[object] (ErrorException(code: 0): file_get_contents(dd): Failed to open stream: No such file or directory at D:\\kaufland-coding-test\\kaufland-data-feed\\app\\Console\\Commands\\processData.php:76)
[stacktrace]
#0 D:\\kaufland-coding-test\\kaufland-data-feed\\vendor\\laravel\\framework\\src\\Illuminate\\Foundation\\Bootstrap\\HandleExceptions.php(256): Illuminate\\Foundation\\Bootstrap\\HandleExceptions->handleError()
#1 [internal function]: Illuminate\\Foundation\\Bootstrap\\HandleExceptions->Illuminate\\Foundation\\Bootstrap\\{closure}()
#2 D:\\kaufland-coding-test\\kaufland-data-feed\\app\\Console\\Commands\\processData.php(76): file_get_contents()
#3 D:\\kaufland-coding-test\\kaufland-data-feed\\vendor\\laravel\\framework\\src\\Illuminate\\Container\\BoundMethod.php(36): App\\Console\\Commands\\processData->handle()
#4 D:\\kaufland-coding-test\\kaufland-data-feed\\vendor\\laravel\\framework\\src\\Illuminate\\Container\\Util.php(41): Illuminate\\Container\\BoundMethod::Illuminate\\Container\\{closure}()
#5 D:\\kaufland-coding-test\\kaufland-data-feed\\vendor\\laravel\\framework\\src\\Illuminate\\Container\\BoundMethod.php(93): Illuminate\\Container\\Util::unwrapIfClosure()
#6 D:\\kaufland-coding-test\\kaufland-data-feed\\vendor\\laravel\\framework\\src\\Illuminate\\Container\\BoundMethod.php(35): Illuminate\\Container\\BoundMethod::callBoundMethod()
#7 D:\\kaufland-coding-test\\kaufland-data-feed\\vendor\\laravel\\framework\\src\\Illuminate\\Container\\Container.php(690): Illuminate\\Container\\BoundMethod::call()
#8 D:\\kaufland-coding-test\\kaufland-data-feed\\vendor\\laravel\\framework\\src\\Illuminate\\Console\\Command.php(213): Illuminate\\Container\\Container->call()
#9 D:\\kaufland-coding-test\\kaufland-data-feed\\vendor\\symfony\\console\\Command\\Command.php(279): Illuminate\\Console\\Command->execute()
#10 D:\\kaufland-coding-test\\kaufland-data-feed\\vendor\\laravel\\framework\\src\\Illuminate\\Console\\Command.php(182): Symfony\\Component\\Console\\Command\\Command->run()
#11 D:\\kaufland-coding-test\\kaufland-data-feed\\vendor\\symfony\\console\\Application.php(1047): Illuminate\\Console\\Command->run()
#12 D:\\kaufland-coding-test\\kaufland-data-feed\\vendor\\symfony\\console\\Application.php(316): Symfony\\Component\\Console\\Application->doRunCommand()
#13 D:\\kaufland-coding-test\\kaufland-data-feed\\vendor\\symfony\\console\\Application.php(167): Symfony\\Component\\Console\\Application->doRun()
#14 D:\\kaufland-coding-test\\kaufland-data-feed\\vendor\\laravel\\framework\\src\\Illuminate\\Foundation\\Console\\Kernel.php(196): Symfony\\Component\\Console\\Application->run()
#15 D:\\kaufland-coding-test\\kaufland-data-feed\\vendor\\laravel\\framework\\src\\Illuminate\\Foundation\\Application.php(1203): Illuminate\\Foundation\\Console\\Kernel->handle()
#16 D:\\kaufland-coding-test\\kaufland-data-feed\\artisan(13): Illuminate\\Foundation\\Application->handleCommand()
#17 {main}
"} 
[2024-07-13 07:43:52] local.ERROR: file_get_contents(g): Failed to open stream: No such file or directory {"exception":"[object] (ErrorException(code: 0): file_get_contents(g): Failed to open stream: No such file or directory at D:\\kaufland-coding-test\\kaufland-data-feed\\app\\Console\\Commands\\processData.php:77)
[stacktrace]
#0 D:\\kaufland-coding-test\\kaufland-data-feed\\vendor\\laravel\\framework\\src\\Illuminate\\Foundation\\Bootstrap\\HandleExceptions.php(256): Illuminate\\Foundation\\Bootstrap\\HandleExceptions->handleError()
#1 [internal function]: Illuminate\\Foundation\\Bootstrap\\HandleExceptions->Illuminate\\Foundation\\Bootstrap\\{closure}()
#2 D:\\kaufland-coding-test\\kaufland-data-feed\\app\\Console\\Commands\\processData.php(77): file_get_contents()
#3 D:\\kaufland-coding-test\\kaufland-data-feed\\vendor\\laravel\\framework\\src\\Illuminate\\Container\\BoundMethod.php(36): App\\Console\\Commands\\processData->handle()
#4 D:\\kaufland-coding-test\\kaufland-data-feed\\vendor\\laravel\\framework\\src\\Illuminate\\Container\\Util.php(41): Illuminate\\Container\\BoundMethod::Illuminate\\Container\\{closure}()
#5 D:\\kaufland-coding-test\\kaufland-data-feed\\vendor\\laravel\\framework\\src\\Illuminate\\Container\\BoundMethod.php(93): Illuminate\\Container\\Util::unwrapIfClosure()
#6 D:\\kaufland-coding-test\\kaufland-data-feed\\vendor\\laravel\\framework\\src\\Illuminate\\Container\\BoundMethod.php(35): Illuminate\\Container\\BoundMethod::callBoundMethod()
#7 D:\\kaufland-coding-test\\kaufland-data-feed\\vendor\\laravel\\framework\\src\\Illuminate\\Container\\Container.php(690): Illuminate\\Container\\BoundMethod::call()
#8 D:\\kaufland-coding-test\\kaufland-data-feed\\vendor\\laravel\\framework\\src\\Illuminate\\Console\\Command.php(213): Illuminate\\Container\\Container->call()
#9 D:\\kaufland-coding-test\\kaufland-data-feed\\vendor\\symfony\\console\\Command\\Command.php(279): Illuminate\\Console\\Command->execute()
#10 D:\\kaufland-coding-test\\kaufland-data-feed\\vendor\\laravel\\framework\\src\\Illuminate\\Console\\Command.php(182): Symfony\\Component\\Console\\Command\\Command->run()
#11 D:\\kaufland-coding-test\\kaufland-data-feed\\vendor\\symfony\\console\\Application.php(1047): Illuminate\\Console\\Command->run()
#12 D:\\kaufland-coding-test\\kaufland-data-feed\\vendor\\symfony\\console\\Application.php(316): Symfony\\Component\\Console\\Application->doRunCommand()
#13 D:\\kaufland-coding-test\\kaufland-data-feed\\vendor\\symfony\\console\\Application.php(167): Symfony\\Component\\Console\\Application->doRun()
#14 D:\\kaufland-coding-test\\kaufland-data-feed\\vendor\\laravel\\framework\\src\\Illuminate\\Foundation\\Console\\Kernel.php(196): Symfony\\Component\\Console\\Application->run()
#15 D:\\kaufland-coding-test\\kaufland-data-feed\\vendor\\laravel\\framework\\src\\Illuminate\\Foundation\\Application.php(1203): Illuminate\\Foundation\\Console\\Kernel->handle()
#16 D:\\kaufland-coding-test\\kaufland-data-feed\\artisan(13): Illuminate\\Foundation\\Application->handleCommand()
#17 {main}
"} 
[2024-07-13 07:44:24] local.ERROR: file_get_contents(cc): Failed to open stream: No such file or directory {"exception":"[object] (ErrorException(code: 0): file_get_contents(cc): Failed to open stream: No such file or directory at D:\\kaufland-coding-test\\kaufland-data-feed\\app\\Services\\ValidateInput.php:12)
[stacktrace]
#0 D:\\kaufland-coding-test\\kaufland-data-feed\\vendor\\laravel\\framework\\src\\Illuminate\\Foundation\\Bootstrap\\HandleExceptions.php(256): Illuminate\\Foundation\\Bootstrap\\HandleExceptions->handleError()
#1 [internal function]: Illuminate\\Foundation\\Bootstrap\\HandleExceptions->Illuminate\\Foundation\\Bootstrap\\{closure}()
#2 D:\\kaufland-coding-test\\kaufland-data-feed\\app\\Services\\ValidateInput.php(12): file_get_contents()
#3 D:\\kaufland-coding-test\\kaufland-data-feed\\app\\Console\\Commands\\processData.php(77): App\\Services\\ValidateInput->readAndCheck()
#4 D:\\kaufland-coding-test\\kaufland-data-feed\\vendor\\laravel\\framework\\src\\Illuminate\\Container\\BoundMethod.php(36): App\\Console\\Commands\\processData->handle()
#5 D:\\kaufland-coding-test\\kaufland-data-feed\\vendor\\laravel\\framework\\src\\Illuminate\\Container\\Util.php(41): Illuminate\\Container\\BoundMethod::Illuminate\\Container\\{closure}()
#6 D:\\kaufland-coding-test\\kaufland-data-feed\\vendor\\laravel\\framework\\src\\Illuminate\\Container\\BoundMethod.php(93): Illuminate\\Container\\Util::unwrapIfClosure()
#7 D:\\kaufland-coding-test\\kaufland-data-feed\\vendor\\laravel\\framework\\src\\Illuminate\\Container\\BoundMethod.php(35): Illuminate\\Container\\BoundMethod::callBoundMethod()
#8 D:\\kaufland-coding-test\\kaufland-data-feed\\vendor\\laravel\\framework\\src\\Illuminate\\Container\\Container.php(690): Illuminate\\Container\\BoundMethod::call()
#9 D:\\kaufland-coding-test\\kaufland-data-feed\\vendor\\laravel\\framework\\src\\Illuminate\\Console\\Command.php(213): Illuminate\\Container\\Container->call()
#10 D:\\kaufland-coding-test\\kaufland-data-feed\\vendor\\symfony\\console\\Command\\Command.php(279): Illuminate\\Console\\Command->execute()
#11 D:\\kaufland-coding-test\\kaufland-data-feed\\vendor\\laravel\\framework\\src\\Illuminate\\Console\\Command.php(182): Symfony\\Component\\Console\\Command\\Command->run()
#12 D:\\kaufland-coding-test\\kaufland-data-feed\\vendor\\symfony\\console\\Application.php(1047): Illuminate\\Console\\Command->run()
#13 D:\\kaufland-coding-test\\kaufland-data-feed\\vendor\\symfony\\console\\Application.php(316): Symfony\\Component\\Console\\Application->doRunCommand()
#14 D:\\kaufland-coding-test\\kaufland-data-feed\\vendor\\symfony\\console\\Application.php(167): Symfony\\Component\\Console\\Application->doRun()
#15 D:\\kaufland-coding-test\\kaufland-data-feed\\vendor\\laravel\\framework\\src\\Illuminate\\Foundation\\Console\\Kernel.php(196): Symfony\\Component\\Console\\Application->run()
#16 D:\\kaufland-coding-test\\kaufland-data-feed\\vendor\\laravel\\framework\\src\\Illuminate\\Foundation\\Application.php(1203): Illuminate\\Foundation\\Console\\Kernel->handle()
#17 D:\\kaufland-coding-test\\kaufland-data-feed\\artisan(13): Illuminate\\Foundation\\Application->handleCommand()
#18 {main}
"} 
[2024-07-13 07:45:38] local.ERROR: file_get_contents(hj): Failed to open stream: No such file or directory  
[2024-07-13 07:45:59] local.ERROR: Error in line 31: Opening and ending tag mismatch: items line 3 and item  
[2024-07-13 07:48:23] local.ERROR: Cannot use try without catch or finally {"exception":"[object] (Symfony\\Component\\ErrorHandler\\Error\\FatalError(code: 0): Cannot use try without catch or finally at D:\\kaufland-coding-test\\kaufland-data-feed\\app\\Services\\ValidateInput.php:13)
[stacktrace]
#0 {main}
"} 
[2024-07-13 07:48:53] local.ERROR: Undefined variable $xmlContent {"exception":"[object] (ErrorException(code: 0): Undefined variable $xmlContent at D:\\kaufland-coding-test\\kaufland-data-feed\\app\\Console\\Commands\\processData.php:110)
[stacktrace]
#0 D:\\kaufland-coding-test\\kaufland-data-feed\\vendor\\laravel\\framework\\src\\Illuminate\\Foundation\\Bootstrap\\HandleExceptions.php(256): Illuminate\\Foundation\\Bootstrap\\HandleExceptions->handleError()
#1 D:\\kaufland-coding-test\\kaufland-data-feed\\app\\Console\\Commands\\processData.php(110): Illuminate\\Foundation\\Bootstrap\\HandleExceptions->Illuminate\\Foundation\\Bootstrap\\{closure}()
#2 D:\\kaufland-coding-test\\kaufland-data-feed\\vendor\\laravel\\framework\\src\\Illuminate\\Container\\BoundMethod.php(36): App\\Console\\Commands\\processData->handle()
#3 D:\\kaufland-coding-test\\kaufland-data-feed\\vendor\\laravel\\framework\\src\\Illuminate\\Container\\Util.php(41): Illuminate\\Container\\BoundMethod::Illuminate\\Container\\{closure}()
#4 D:\\kaufland-coding-test\\kaufland-data-feed\\vendor\\laravel\\framework\\src\\Illuminate\\Container\\BoundMethod.php(93): Illuminate\\Container\\Util::unwrapIfClosure()
#5 D:\\kaufland-coding-test\\kaufland-data-feed\\vendor\\laravel\\framework\\src\\Illuminate\\Container\\BoundMethod.php(35): Illuminate\\Container\\BoundMethod::callBoundMethod()
#6 D:\\kaufland-coding-test\\kaufland-data-feed\\vendor\\laravel\\framework\\src\\Illuminate\\Container\\Container.php(690): Illuminate\\Container\\BoundMethod::call()
#7 D:\\kaufland-coding-test\\kaufland-data-feed\\vendor\\laravel\\framework\\src\\Illuminate\\Console\\Command.php(213): Illuminate\\Container\\Container->call()
#8 D:\\kaufland-coding-test\\kaufland-data-feed\\vendor\\symfony\\console\\Command\\Command.php(279): Illuminate\\Console\\Command->execute()
#9 D:\\kaufland-coding-test\\kaufland-data-feed\\vendor\\laravel\\framework\\src\\Illuminate\\Console\\Command.php(182): Symfony\\Component\\Console\\Command\\Command->run()
#10 D:\\kaufland-coding-test\\kaufland-data-feed\\vendor\\symfony\\console\\Application.php(1047): Illuminate\\Console\\Command->run()
#11 D:\\kaufland-coding-test\\kaufland-data-feed\\vendor\\symfony\\console\\Application.php(316): Symfony\\Component\\Console\\Application->doRunCommand()
#12 D:\\kaufland-coding-test\\kaufland-data-feed\\vendor\\symfony\\console\\Application.php(167): Symfony\\Component\\Console\\Application->doRun()
#13 D:\\kaufland-coding-test\\kaufland-data-feed\\vendor\\laravel\\framework\\src\\Illuminate\\Foundation\\Console\\Kernel.php(196): Symfony\\Component\\Console\\Application->run()
#14 D:\\kaufland-coding-test\\kaufland-data-feed\\vendor\\laravel\\framework\\src\\Illuminate\\Foundation\\Application.php(1203): Illuminate\\Foundation\\Console\\Kernel->handle()
#15 D:\\kaufland-coding-test\\kaufland-data-feed\\artisan(13): Illuminate\\Foundation\\Application->handleCommand()
#16 {main}
"} 
[2024-07-13 07:50:10] local.ERROR: Error in line 31: Opening and ending tag mismatch: itesm line 3 and item  
[2024-07-13 07:50:20] local.ERROR: file_get_contents(ii): Failed to open stream: No such file or directory  
[2024-07-13 07:52:58] local.ERROR: file_get_contents(ss): Failed to open stream: No such file or directory  
[2024-07-13 07:56:25] local.ERROR: File not found or cannot be opened: ii  
[2024-07-13 07:56:25] local.ERROR: Undefined variable $xmlObject {"exception":"[object] (ErrorException(code: 0): Undefined variable $xmlObject at D:\\kaufland-coding-test\\kaufland-data-feed\\app\\Console\\Commands\\processData.php:110)
[stacktrace]
#0 D:\\kaufland-coding-test\\kaufland-data-feed\\vendor\\laravel\\framework\\src\\Illuminate\\Foundation\\Bootstrap\\HandleExceptions.php(256): Illuminate\\Foundation\\Bootstrap\\HandleExceptions->handleError()
#1 D:\\kaufland-coding-test\\kaufland-data-feed\\app\\Console\\Commands\\processData.php(110): Illuminate\\Foundation\\Bootstrap\\HandleExceptions->Illuminate\\Foundation\\Bootstrap\\{closure}()
#2 D:\\kaufland-coding-test\\kaufland-data-feed\\vendor\\laravel\\framework\\src\\Illuminate\\Container\\BoundMethod.php(36): App\\Console\\Commands\\processData->handle()
#3 D:\\kaufland-coding-test\\kaufland-data-feed\\vendor\\laravel\\framework\\src\\Illuminate\\Container\\Util.php(41): Illuminate\\Container\\BoundMethod::Illuminate\\Container\\{closure}()
#4 D:\\kaufland-coding-test\\kaufland-data-feed\\vendor\\laravel\\framework\\src\\Illuminate\\Container\\BoundMethod.php(93): Illuminate\\Container\\Util::unwrapIfClosure()
#5 D:\\kaufland-coding-test\\kaufland-data-feed\\vendor\\laravel\\framework\\src\\Illuminate\\Container\\BoundMethod.php(35): Illuminate\\Container\\BoundMethod::callBoundMethod()
#6 D:\\kaufland-coding-test\\kaufland-data-feed\\vendor\\laravel\\framework\\src\\Illuminate\\Container\\Container.php(690): Illuminate\\Container\\BoundMethod::call()
#7 D:\\kaufland-coding-test\\kaufland-data-feed\\vendor\\laravel\\framework\\src\\Illuminate\\Console\\Command.php(213): Illuminate\\Container\\Container->call()
#8 D:\\kaufland-coding-test\\kaufland-data-feed\\vendor\\symfony\\console\\Command\\Command.php(279): Illuminate\\Console\\Command->execute()
#9 D:\\kaufland-coding-test\\kaufland-data-feed\\vendor\\laravel\\framework\\src\\Illuminate\\Console\\Command.php(182): Symfony\\Component\\Console\\Command\\Command->run()
#10 D:\\kaufland-coding-test\\kaufland-data-feed\\vendor\\symfony\\console\\Application.php(1047): Illuminate\\Console\\Command->run()
#11 D:\\kaufland-coding-test\\kaufland-data-feed\\vendor\\symfony\\console\\Application.php(316): Symfony\\Component\\Console\\Application->doRunCommand()
#12 D:\\kaufland-coding-test\\kaufland-data-feed\\vendor\\symfony\\console\\Application.php(167): Symfony\\Component\\Console\\Application->doRun()
#13 D:\\kaufland-coding-test\\kaufland-data-feed\\vendor\\laravel\\framework\\src\\Illuminate\\Foundation\\Console\\Kernel.php(196): Symfony\\Component\\Console\\Application->run()
#14 D:\\kaufland-coding-test\\kaufland-data-feed\\vendor\\laravel\\framework\\src\\Illuminate\\Foundation\\Application.php(1203): Illuminate\\Foundation\\Console\\Kernel->handle()
#15 D:\\kaufland-coding-test\\kaufland-data-feed\\artisan(13): Illuminate\\Foundation\\Application->handleCommand()
#16 {main}
"} 
[2024-07-13 07:56:53] local.ERROR: File not found or cannot be opened: yy  
[2024-07-13 07:57:35] local.ERROR: File not found or cannot be opened: i  
[2024-07-13 07:57:48] local.ERROR: File not found or cannot be opened: ii  
[2024-07-13 07:58:25] local.ERROR: Undefined array key "xmlObject" {"exception":"[object] (ErrorException(code: 0): Undefined array key \"xmlObject\" at D:\\kaufland-coding-test\\kaufland-data-feed\\app\\Console\\Commands\\processData.php:82)
[stacktrace]
#0 D:\\kaufland-coding-test\\kaufland-data-feed\\vendor\\laravel\\framework\\src\\Illuminate\\Foundation\\Bootstrap\\HandleExceptions.php(256): Illuminate\\Foundation\\Bootstrap\\HandleExceptions->handleError()
#1 D:\\kaufland-coding-test\\kaufland-data-feed\\app\\Console\\Commands\\processData.php(82): Illuminate\\Foundation\\Bootstrap\\HandleExceptions->Illuminate\\Foundation\\Bootstrap\\{closure}()
#2 D:\\kaufland-coding-test\\kaufland-data-feed\\vendor\\laravel\\framework\\src\\Illuminate\\Container\\BoundMethod.php(36): App\\Console\\Commands\\processData->handle()
#3 D:\\kaufland-coding-test\\kaufland-data-feed\\vendor\\laravel\\framework\\src\\Illuminate\\Container\\Util.php(41): Illuminate\\Container\\BoundMethod::Illuminate\\Container\\{closure}()
#4 D:\\kaufland-coding-test\\kaufland-data-feed\\vendor\\laravel\\framework\\src\\Illuminate\\Container\\BoundMethod.php(93): Illuminate\\Container\\Util::unwrapIfClosure()
#5 D:\\kaufland-coding-test\\kaufland-data-feed\\vendor\\laravel\\framework\\src\\Illuminate\\Container\\BoundMethod.php(35): Illuminate\\Container\\BoundMethod::callBoundMethod()
#6 D:\\kaufland-coding-test\\kaufland-data-feed\\vendor\\laravel\\framework\\src\\Illuminate\\Container\\Container.php(690): Illuminate\\Container\\BoundMethod::call()
#7 D:\\kaufland-coding-test\\kaufland-data-feed\\vendor\\laravel\\framework\\src\\Illuminate\\Console\\Command.php(213): Illuminate\\Container\\Container->call()
#8 D:\\kaufland-coding-test\\kaufland-data-feed\\vendor\\symfony\\console\\Command\\Command.php(279): Illuminate\\Console\\Command->execute()
#9 D:\\kaufland-coding-test\\kaufland-data-feed\\vendor\\laravel\\framework\\src\\Illuminate\\Console\\Command.php(182): Symfony\\Component\\Console\\Command\\Command->run()
#10 D:\\kaufland-coding-test\\kaufland-data-feed\\vendor\\symfony\\console\\Application.php(1047): Illuminate\\Console\\Command->run()
#11 D:\\kaufland-coding-test\\kaufland-data-feed\\vendor\\symfony\\console\\Application.php(316): Symfony\\Component\\Console\\Application->doRunCommand()
#12 D:\\kaufland-coding-test\\kaufland-data-feed\\vendor\\symfony\\console\\Application.php(167): Symfony\\Component\\Console\\Application->doRun()
#13 D:\\kaufland-coding-test\\kaufland-data-feed\\vendor\\laravel\\framework\\src\\Illuminate\\Foundation\\Console\\Kernel.php(196): Symfony\\Component\\Console\\Application->run()
#14 D:\\kaufland-coding-test\\kaufland-data-feed\\vendor\\laravel\\framework\\src\\Illuminate\\Foundation\\Application.php(1203): Illuminate\\Foundation\\Console\\Kernel->handle()
#15 D:\\kaufland-coding-test\\kaufland-data-feed\\artisan(13): Illuminate\\Foundation\\Application->handleCommand()
#16 {main}
"} 
[2024-07-13 07:59:26] local.ERROR: Error executing SQL statement: SQLSTATE[42000]: Syntax error or access violation: 1064 You have an error in your SQL syntax; check the manual that corresponds to your MariaDB server version for the right syntax to use near '-id, created-at, updated-at ) VALUES ( 'yMIY5PO6', '1', '<p>Patre eorum, refi...' at line 1 (Connection: mysql, SQL: INSERT INTO object( uuid, id, title, body, views, likes, author-id, created-at, updated-at ) VALUES ( 'yMIY5PO6', '1', '<p>Patre eorum, reficientes retia.</p>', '<p>Qui cum audissent regem, abierunt, et ecce stella, quam viderant in oriente, antecedebat eos, usque dum veniens staret supra, ubi erat puer. Videntes autem stellam gavisi sunt gaudio magno valde.</p><p>Et intrantes domum, invenerunt puerum cum Maria matre ejus, et procidentes adoraverunt eum et apertis thesauris suis obtulerunt ei munera, aurum, thus, et myrrham.</p>', '500', '540', '1', '2021-06-24T15:45:46.690Z', '2021-06-24T15:45:46.690Z' );)  
[2024-07-13 07:59:26] local.ERROR: Error executing SQL statement: SQLSTATE[42000]: Syntax error or access violation: 1064 You have an error in your SQL syntax; check the manual that corresponds to your MariaDB server version for the right syntax to use near '-id, created-at, updated-at ) VALUES ( 'MLC1MbEY', '2', '<p>Mercedem suam. Te...' at line 1 (Connection: mysql, SQL: INSERT INTO object( uuid, id, title, body, views, likes, author-id, created-at, updated-at ) VALUES ( 'MLC1MbEY', '2', '<p>Mercedem suam. Te autem.</p>', '<p>Non omnis who dicit mihi, Domine, Domine, intrabit in regnum Caelorum sed that facit voluntatem Patris mei, who is in Clis, ipse intrabit in regnum Caelorum. Multi dicent illa die in mihi Domine, Domine, in nomine tuo prophetavimus nun, and in nomine tuo Daemonia ejecimus and in nomine tuo virtutes multas fecimus? And tunc Confitebor illis numquam novi your Quia discedite was me who operamini iniquitatem.</p><p>Omnis ergo that audit verba mea CEST and facit Others assimilabitur viro Sapienti which dificavit domum suam petram supra, and down pluvia and venerunt flumina and flaverunt fan and irruerunt in domum illam, not cecidit Fundata enim erat super petram. And that omnis verba mea CEST audit and non facit Others similis erit viro stulto which dificavit domum suam super arenam and down pluvia and venerunt flumina and flaverunt fan and irruerunt in domum illam and cecidit and leaking ruined illius magna.</p>', '956', '608', '1', '2021-06-24T15:45:46.756Z', '2021-06-24T15:45:46.756Z' );)  
[2024-07-13 07:59:26] local.ERROR: Error executing SQL statement: SQLSTATE[42000]: Syntax error or access violation: 1064 You have an error in your SQL syntax; check the manual that corresponds to your MariaDB server version for the right syntax to use near '-id, created-at, updated-at ) VALUES ( 'JQlENA3Y', '3', '<p>In tenebris, vidi...' at line 1 (Connection: mysql, SQL: INSERT INTO object( uuid, id, title, body, views, likes, author-id, created-at, updated-at ) VALUES ( 'JQlENA3Y', '3', '<p>In tenebris, vidit lucem.</p>', '<p>Qui consurgens, accepit puerum, et matrem ejus, et venit in terram Isral. Audiens autem quod Archelaus regnaret in Juda pro Herode patre suo, timuit illo ire et admonitus in somnis, secessit in partes Galil.</p><p>Et veniens habitavit in civitate qu vocatur Nazareth ut adimpleretur quod dictum est per prophetas Quoniam Nazarus vocabitur. In diebus autem illis venit Joannes Baptista prdicans in deserto Jud, et dicens Pnitentiam agite appropinquavit enim regnum clorum.</p>', '407', '828', '1', '2021-06-24T15:45:46.772Z', '2021-06-24T15:45:46.772Z' );)  
[2024-07-13 07:59:26] local.ERROR: Error executing SQL statement: SQLSTATE[42000]: Syntax error or access violation: 1064 You have an error in your SQL syntax; check the manual that corresponds to your MariaDB server version for the right syntax to use near '-id, created-at, updated-at ) VALUES ( 'gMfNclw8', '4', '<p>Nomen tuum. Adven...' at line 1 (Connection: mysql, SQL: INSERT INTO object( uuid, id, title, body, views, likes, author-id, created-at, updated-at ) VALUES ( 'gMfNclw8', '4', '<p>Nomen tuum. Adveniat regnum.</p>', '<p>Qui cum audissent regem, abierunt, et ecce stella, quam viderant in oriente, antecedebat eos, usque dum veniens staret supra, ubi erat puer. Videntes autem stellam gavisi sunt gaudio magno valde.</p><p>Et intrantes domum, invenerunt puerum cum Maria matre ejus, et procidentes adoraverunt eum et apertis thesauris suis obtulerunt ei munera, aurum, thus, et myrrham.</p>', '725', '813', '1', '2021-06-24T15:45:46.797Z', '2021-06-24T15:45:46.797Z' );)  
[2024-07-13 07:59:26] local.ERROR: Error executing SQL statement: SQLSTATE[42000]: Syntax error or access violation: 1064 You have an error in your SQL syntax; check the manual that corresponds to your MariaDB server version for the right syntax to use near '-id, created-at, updated-at ) VALUES ( 'esLNDRpw', '5', '<p>Vobis thesauros i...' at line 1 (Connection: mysql, SQL: INSERT INTO object( uuid, id, title, body, views, likes, author-id, created-at, updated-at ) VALUES ( 'esLNDRpw', '5', '<p>Vobis thesauros in clo.</p>', '<p>Dico enim vobis, quia nisi abundaverit justitia vestra plus quam scribarum et pharisorum, non intrabitis in regnum clorum. Audistis quia dictum est antiquis Non occides qui autem occiderit, reus erit judicio.</p><p>Ego autem dico vobis quia omnis qui irascitur fratri suo, reus erit judicio. Qui autem dixerit fratri suo, raca reus erit concilio. Qui autem dixerit, fatue reus erit gehenn ignis.</p>', '761', '310', '1', '2021-06-24T15:45:46.864Z', '2021-06-24T15:45:46.864Z' );)  
[2024-07-13 07:59:26] local.ERROR: Error executing SQL statement: SQLSTATE[42000]: Syntax error or access violation: 1064 You have an error in your SQL syntax; check the manual that corresponds to your MariaDB server version for the right syntax to use near '-id, created-at, updated-at ) VALUES ( 'WBCLvTLV', '6', '<p>Sed super candela...' at line 1 (Connection: mysql, SQL: INSERT INTO object( uuid, id, title, body, views, likes, author-id, created-at, updated-at ) VALUES ( 'WBCLvTLV', '6', '<p>Sed super candelabrum, ut.</p>', '<p>Tunc adimpletum est quod dictum est per Jeremiam prophetam dicentem dicens Surge, et accipe puerum, et matrem ejus, et vade in terram Isral defuncti sunt enim qui qurebant animam pueri.</p><p>Qui consurgens, accepit puerum, et matrem ejus, et venit in terram Isral. Audiens autem quod Archelaus regnaret in Juda pro Herode patre suo, timuit illo ire et admonitus in somnis, secessit in partes Galil.</p>', '955', '430', '1', '2021-06-24T15:45:46.880Z', '2021-06-24T15:45:46.880Z' );)  
[2024-07-13 07:59:26] local.ERROR: Error executing SQL statement: SQLSTATE[42000]: Syntax error or access violation: 1064 You have an error in your SQL syntax; check the manual that corresponds to your MariaDB server version for the right syntax to use near '-id, created-at, updated-at ) VALUES ( 'sbPUVddF', '7', '<p>Et Andream fratre...' at line 1 (Connection: mysql, SQL: INSERT INTO object( uuid, id, title, body, views, likes, author-id, created-at, updated-at ) VALUES ( 'sbPUVddF', '7', '<p>Et Andream fratrem ejus.</p>', '<p>Et congregans omnes principes sacerdotum, et scribas populi, sciscitabatur ab eis ubi Christus nasceretur. At illi dixerunt In Bethlehem Jud sic enim scriptum est per prophetam Tunc Herodes clam vocatis magis diligenter didicit ab eis tempus stell, qu apparuit eis et mittens illos in Bethlehem, dixit Ite, et interrogate diligenter de puero et cum inveneritis, renuntiate mihi, ut et ego veniens adorem eum.</p><p>Qui cum audissent regem, abierunt, et ecce stella, quam viderant in oriente, antecedebat eos, usque dum veniens staret supra, ubi erat puer. Videntes autem stellam gavisi sunt gaudio magno valde.</p>', '607', '103', '1', '2021-06-24T15:45:46.920Z', '2021-06-24T15:45:46.920Z' );)  
[2024-07-13 07:59:26] local.ERROR: Error executing SQL statement: SQLSTATE[42000]: Syntax error or access violation: 1064 You have an error in your SQL syntax; check the manual that corresponds to your MariaDB server version for the right syntax to use near '-id, created-at, updated-at ) VALUES ( '7zHqhuuP', '8', '<p>Evangelium regni ...' at line 1 (Connection: mysql, SQL: INSERT INTO object( uuid, id, title, body, views, likes, author-id, created-at, updated-at ) VALUES ( '7zHqhuuP', '8', '<p>Evangelium regni et sanans.</p>', '<p>Si autem fnum agri, quod hodie est, et cras in clibanum mittitur, Deus sic vestit, quanto magis vos modic fidei? Nolite ergo solliciti esse, dicentes Quid manducabimus, aut quid bibemus, aut quo operiemur? hc enim omnia gentes inquirunt. Scit enim Pater vester, quia his omnibus indigetis.</p><p>Qurite ergo primum regnum Dei, et justitiam ejus et hc omnia adjicientur vobis. Nolite ergo solliciti esse in crastinum. Crastinus enim dies sollicitus erit sibi ipsi sufficit diei malitia sua.</p>', '974', '106', '1', '2021-06-24T15:45:46.940Z', '2021-06-24T15:45:46.940Z' );)  
[2024-07-13 07:59:26] local.ERROR: Error executing SQL statement: SQLSTATE[42000]: Syntax error or access violation: 1064 You have an error in your SQL syntax; check the manual that corresponds to your MariaDB server version for the right syntax to use near '-id, created-at, updated-at ) VALUES ( 'OjN6j5ax', '9', '<p>Ex fructibus eoru...' at line 1 (Connection: mysql, SQL: INSERT INTO object( uuid, id, title, body, views, likes, author-id, created-at, updated-at ) VALUES ( 'OjN6j5ax', '9', '<p>Ex fructibus eorum cognoscetis.</p>', '<p>Et procedens inde, vidit alios duos fratres, Jacobum Zebedi, et Joannem fratrem ejus, in navi cum Zebedo patre eorum, reficientes retia sua et vocavit eos. Illi autem statim relictis retibus et patre, secuti sunt eum.</p><p>Et circuibat Jesus totam Galilam, docens in synagogis eorum, et prdicans Evangelium regni et sanans omnem languorem, et omnem infirmitatem in populo.</p>', '586', '651', '1', '2021-06-24T15:45:46.964Z', '2021-06-24T15:45:46.964Z' );)  
[2024-07-13 07:59:26] local.ERROR: Error executing SQL statement: SQLSTATE[42000]: Syntax error or access violation: 1064 You have an error in your SQL syntax; check the manual that corresponds to your MariaDB server version for the right syntax to use near '-id, created-at, updated-at ) VALUES ( 'ezLoQBOe', '10', '<p>Mutuari a te, ne...' at line 1 (Connection: mysql, SQL: INSERT INTO object( uuid, id, title, body, views, likes, author-id, created-at, updated-at ) VALUES ( 'ezLoQBOe', '10', '<p>Mutuari a te, ne.</p>', '<p>Cum autem descendisset de monte, secut sunt eum turb mult et ecce leprosus veniens, adorabat eum, dicens Domine, si vis, potes me mundare. Et extendens Jesus manum, tetigit eum, dicens Volo mundare. Et confestim mundata est lepra ejus. Et ait illi Jesus Vide, nemini dixeris sed vade, ostende te sacerdoti, et offer munus, quod prcepit Moyses, in testimonium illis.</p><p>Cum autem introisset Capharnaum, accessit ad eum centurio, rogans eum, et dicens Domine, puer meus jacet in domo paralyticus, et male torquetur. Et ait illi Jesus Ego veniam, et curabo eum. Et respondens centurio, ait Domine, non sum dignus ut intres sub tectum meum sed tantum dic verbo, et sanabitur puer meus.</p>', '530', '365', '1', '2021-06-24T15:45:46.994Z', '2021-06-24T15:45:46.994Z' );)  
[2024-07-13 07:59:26] local.ERROR: Error executing SQL statement: SQLSTATE[42000]: Syntax error or access violation: 1064 You have an error in your SQL syntax; check the manual that corresponds to your MariaDB server version for the right syntax to use near '-id, created-at, updated-at ) VALUES ( 'EIYPFaBj', '11', '<p>Sic vestit, quan...' at line 1 (Connection: mysql, SQL: INSERT INTO object( uuid, id, title, body, views, likes, author-id, created-at, updated-at ) VALUES ( 'EIYPFaBj', '11', '<p>Sic vestit, quanto magis.</p>', '<p>Esto consentiens adversario tuo cito dum es in via cum eo ne forte tradat te adversarius judici, et judex tradat te ministro et in carcerem mittaris.</p><p>Amen dico tibi, non exies inde, donec reddas novissimum quadrantem. Audistis quia dictum est antiquis Non mchaberis. Ego autem dico vobis quia omnis qui viderit mulierem ad concupiscendum eam, jam mchatus est eam in corde suo.</p>', '615', '650', '1', '2021-06-24T15:45:47.002Z', '2021-06-24T15:45:47.002Z' );)  
[2024-07-13 07:59:26] local.ERROR: Error executing SQL statement: SQLSTATE[42000]: Syntax error or access violation: 1064 You have an error in your SQL syntax; check the manual that corresponds to your MariaDB server version for the right syntax to use near '-id, created-at, updated-at ) VALUES ( 'IfpFNKs8', '12', '<p>Erit concilio. Q...' at line 1 (Connection: mysql, SQL: INSERT INTO object( uuid, id, title, body, views, likes, author-id, created-at, updated-at ) VALUES ( 'IfpFNKs8', '12', '<p>Erit concilio. Qui autem.</p>', '<p>Esto consentiens adversario tuo cito dum es in via cum eo ne forte tradat te adversarius judici, et judex tradat te ministro et in carcerem mittaris.</p><p>Amen dico tibi, non exies inde, donec reddas novissimum quadrantem. Audistis quia dictum est antiquis Non mchaberis. Ego autem dico vobis quia omnis qui viderit mulierem ad concupiscendum eam, jam mchatus est eam in corde suo.</p>', '102', '527', '1', '2021-06-24T15:45:47.015Z', '2021-06-24T15:45:47.015Z' );)  
[2024-07-13 07:59:26] local.ERROR: Error executing SQL statement: SQLSTATE[42000]: Syntax error or access violation: 1064 You have an error in your SQL syntax; check the manual that corresponds to your MariaDB server version for the right syntax to use near '-id, created-at, updated-at ) VALUES ( 'hz6IuVj5', '13', '<p>Ejus neque per J...' at line 1 (Connection: mysql, SQL: INSERT INTO object( uuid, id, title, body, views, likes, author-id, created-at, updated-at ) VALUES ( 'hz6IuVj5', '13', '<p>Ejus neque per Jerosolymam.</p>', '<p>Exinde cpit Jesus prdicare, et dicere Pnitentiam agite appropinquavit enim regnum clorum.  Ambulans autem Jesus juxta mare Galil, vidit duos fratres, Simonem, qui vocatur Petrus, et Andream fratrem ejus, mittentes rete in mare (erant enim piscatores),</p><p>Et ait illis Venite post me, et faciam vos fieri piscatores hominum. At illi continuo relictis retibus secuti sunt eum.</p>', '440', '491', '1', '2021-06-24T15:45:47.023Z', '2021-06-24T15:45:47.023Z' );)  
[2024-07-13 07:59:26] local.ERROR: Error executing SQL statement: SQLSTATE[42000]: Syntax error or access violation: 1064 You have an error in your SQL syntax; check the manual that corresponds to your MariaDB server version for the right syntax to use near '-id, created-at, updated-at ) VALUES ( 'RtH5lr6H', '14', '<p>Nos perimus. Et ...' at line 1 (Connection: mysql, SQL: INSERT INTO object( uuid, id, title, body, views, likes, author-id, created-at, updated-at ) VALUES ( 'RtH5lr6H', '14', '<p>Nos perimus. Et dicit.</p>', '<p>Et ne velitis dicere intra vos Patrem habemus Abraham. Dico enim vobis quoniam potens est Deus de lapidibus istis suscitare filios Abrah. Jam enim securis ad radicem arborum posita est. Omnis ergo arbor, qu non facit fructum bonum, excidetur, et in ignem mittetur.</p><p>Ego quidem baptizo vos in aqua in pnitentiam qui autem post me venturus est, fortior me est, cujus non sum dignus calceamenta portare ipse vos baptizabit in Spiritu Sancto, et igni.</p>', '828', '898', '1', '2021-06-24T15:45:47.048Z', '2021-06-24T15:45:47.048Z' );)  
[2024-07-13 07:59:26] local.ERROR: Error executing SQL statement: SQLSTATE[42000]: Syntax error or access violation: 1064 You have an error in your SQL syntax; check the manual that corresponds to your MariaDB server version for the right syntax to use near '-id, created-at, updated-at ) VALUES ( 'zUMGdt3A', '15', '<p>Mihi Domine, Dom...' at line 1 (Connection: mysql, SQL: INSERT INTO object( uuid, id, title, body, views, likes, author-id, created-at, updated-at ) VALUES ( 'zUMGdt3A', '15', '<p>Mihi Domine, Domine, in.</p>', '<p>Ego autem dico vobis diligite inimicos vestros, benefacite his qui oderunt vos, et orate pro persequentibus et calumniantibus vos ut sitis filii Patris vestri, qui in clis est qui solem suum oriri facit super bonos et malos et pluit super justos et injustos.</p><p>Si enim diligitis eos qui vos diligunt, quam mercedem habebitis? nonne et publicani hoc faciunt?</p>', '218', '916', '1', '2021-06-24T15:45:47.061Z', '2021-06-24T15:45:47.061Z' );)  
[2024-07-13 07:59:26] local.ERROR: Error executing SQL statement: SQLSTATE[42000]: Syntax error or access violation: 1064 You have an error in your SQL syntax; check the manual that corresponds to your MariaDB server version for the right syntax to use near '-id, created-at, updated-at ) VALUES ( 'vg0MZyKz', '16', '<p>And in nomine tu...' at line 1 (Connection: mysql, SQL: INSERT INTO object( uuid, id, title, body, views, likes, author-id, created-at, updated-at ) VALUES ( 'vg0MZyKz', '16', '<p>And in nomine tuo.</p>', '<p>Qui petit a te, da ei et volenti mutuari a te, ne avertaris.  Audistis quia dictum est Diliges proximum tuum, et odio habebis inimicum tuum.</p><p>Ego autem dico vobis diligite inimicos vestros, benefacite his qui oderunt vos, et orate pro persequentibus et calumniantibus vos ut sitis filii Patris vestri, qui in clis est qui solem suum oriri facit super bonos et malos et pluit super justos et injustos.</p>', '607', '986', '1', '2021-06-24T15:45:47.078Z', '2021-06-24T15:45:47.078Z' );)  
[2024-07-13 07:59:26] local.ERROR: Error executing SQL statement: SQLSTATE[42000]: Syntax error or access violation: 1064 You have an error in your SQL syntax; check the manual that corresponds to your MariaDB server version for the right syntax to use near '-id, created-at, updated-at ) VALUES ( '61goKvv9', '17', '<p>Ei omnes male ha...' at line 1 (Connection: mysql, SQL: INSERT INTO object( uuid, id, title, body, views, likes, author-id, created-at, updated-at ) VALUES ( '61goKvv9', '17', '<p>Ei omnes male habentes.</p>', '<p>Ego autem dico vobis, non jurare omnino, neque per clum, quia thronus Dei est neque per terram, quia scabellum est pedum ejus neque per Jerosolymam, quia civitas est magni regis neque per caput tuum juraveris, quia non potes unum capillum album facere, aut nigrum.</p><p>Sit autem sermo vester, est, est non, non quod autem his abundantius est, a malo est. Audistis quia dictum est Oculum pro oculo, et dentem pro dente.</p>', '973', '388', '1', '2021-06-24T15:45:47.086Z', '2021-06-24T15:45:47.086Z' );)  
[2024-07-13 07:59:26] local.ERROR: Error executing SQL statement: SQLSTATE[42000]: Syntax error or access violation: 1064 You have an error in your SQL syntax; check the manual that corresponds to your MariaDB server version for the right syntax to use near '-id, created-at, updated-at ) VALUES ( 'FRsex0Eh', '18', '<p>Vade prius recon...' at line 1 (Connection: mysql, SQL: INSERT INTO object( uuid, id, title, body, views, likes, author-id, created-at, updated-at ) VALUES ( 'FRsex0Eh', '18', '<p>Vade prius reconciliari fratri.</p>', '<p>Ego autem dico vobis, non jurare omnino, neque per clum, quia thronus Dei est neque per terram, quia scabellum est pedum ejus neque per Jerosolymam, quia civitas est magni regis neque per caput tuum juraveris, quia non potes unum capillum album facere, aut nigrum.</p><p>Sit autem sermo vester, est, est non, non quod autem his abundantius est, a malo est. Audistis quia dictum est Oculum pro oculo, et dentem pro dente.</p>', '670', '632', '1', '2021-06-24T15:45:47.097Z', '2021-06-24T15:45:47.097Z' );)  
[2024-07-13 07:59:26] local.ERROR: Error executing SQL statement: SQLSTATE[42000]: Syntax error or access violation: 1064 You have an error in your SQL syntax; check the manual that corresponds to your MariaDB server version for the right syntax to use near '-id, created-at, updated-at ) VALUES ( 'HN8MPgNG', '19', '<p>Lux vestra coram...' at line 1 (Connection: mysql, SQL: INSERT INTO object( uuid, id, title, body, views, likes, author-id, created-at, updated-at ) VALUES ( 'HN8MPgNG', '19', '<p>Lux vestra coram hominibus.</p>', '<p>Ait illi Jesus Rursum scriptum est Non tentabis Dominum Deum tuum.</p><p>Iterum assumpsit eum diabolus in montem excelsum valde et ostendit ei omnia regna mundi, et gloriam eorum, et dixit ei Hc omnia tibi dabo, si cadens adoraveris me. Tunc dicit ei Jesus Vade Satana Scriptum est enim Dominum Deum tuum adorabis, et illi soli servies.</p>', '325', '220', '1', '2021-06-24T15:45:47.109Z', '2021-06-24T15:45:47.109Z' );)  
[2024-07-13 07:59:26] local.ERROR: Error executing SQL statement: SQLSTATE[42000]: Syntax error or access violation: 1064 You have an error in your SQL syntax; check the manual that corresponds to your MariaDB server version for the right syntax to use near '-id, created-at, updated-at ) VALUES ( 'SZ9i5rrm', '20', '<p>Regno clorum q...' at line 1 (Connection: mysql, SQL: INSERT INTO object( uuid, id, title, body, views, likes, author-id, created-at, updated-at ) VALUES ( 'SZ9i5rrm', '20', '<p>Regno clorum qui autem.</p>', '<p>Tunc reliquit eum diabolus et ecce angeli accesserunt, et ministrabant ei. Cum autem audisset Jesus quod Joannes traditus esset, secessit in Galilam et, relicta civitate Nazareth, venit, et habitavit in Capharnaum maritima, in finibus Zabulon et Nephthalim ut adimpleretur quod dictum est per Isaiam prophetam Terra Zabulon, et terra Nephthalim, via maris trans Jordanem, alila gentium populus, qui sedebat in tenebris, vidit lucem magnam et sedentibus in regione umbr mortis, lux orta est eis.</p><p>Exinde cpit Jesus prdicare, et dicere Pnitentiam agite appropinquavit enim regnum clorum.  Ambulans autem Jesus juxta mare Galil, vidit duos fratres, Simonem, qui vocatur Petrus, et Andream fratrem ejus, mittentes rete in mare (erant enim piscatores),</p>', '817', '950', '1', '2021-06-24T15:45:47.147Z', '2021-06-24T15:45:47.147Z' );)  
[2024-07-13 08:12:00] local.ERROR: Error: ErrorException: Array to string conversion in D:\kaufland-coding-test\kaufland-data-feed\app\Services\DatabaseFeed.php:45
Stack trace:
#0 D:\kaufland-coding-test\kaufland-data-feed\vendor\laravel\framework\src\Illuminate\Foundation\Bootstrap\HandleExceptions.php(256): Illuminate\Foundation\Bootstrap\HandleExceptions->handleError()
#1 [internal function]: Illuminate\Foundation\Bootstrap\HandleExceptions->Illuminate\Foundation\Bootstrap\{closure}()
#2 D:\kaufland-coding-test\kaufland-data-feed\app\Services\DatabaseFeed.php(45): str_replace()
#3 D:\kaufland-coding-test\kaufland-data-feed\app\Console\Commands\processData.php(111): App\Services\DatabaseFeed->insertData()
#4 D:\kaufland-coding-test\kaufland-data-feed\vendor\laravel\framework\src\Illuminate\Container\BoundMethod.php(36): App\Console\Commands\processData->handle()
#5 D:\kaufland-coding-test\kaufland-data-feed\vendor\laravel\framework\src\Illuminate\Container\Util.php(41): Illuminate\Container\BoundMethod::Illuminate\Container\{closure}()
#6 D:\kaufland-coding-test\kaufland-data-feed\vendor\laravel\framework\src\Illuminate\Container\BoundMethod.php(93): Illuminate\Container\Util::unwrapIfClosure()
#7 D:\kaufland-coding-test\kaufland-data-feed\vendor\laravel\framework\src\Illuminate\Container\BoundMethod.php(35): Illuminate\Container\BoundMethod::callBoundMethod()
#8 D:\kaufland-coding-test\kaufland-data-feed\vendor\laravel\framework\src\Illuminate\Container\Container.php(690): Illuminate\Container\BoundMethod::call()
#9 D:\kaufland-coding-test\kaufland-data-feed\vendor\laravel\framework\src\Illuminate\Console\Command.php(213): Illuminate\Container\Container->call()
#10 D:\kaufland-coding-test\kaufland-data-feed\vendor\symfony\console\Command\Command.php(279): Illuminate\Console\Command->execute()
#11 D:\kaufland-coding-test\kaufland-data-feed\vendor\laravel\framework\src\Illuminate\Console\Command.php(182): Symfony\Component\Console\Command\Command->run()
#12 D:\kaufland-coding-test\kaufland-data-feed\vendor\symfony\console\Application.php(1047): Illuminate\Console\Command->run()
#13 D:\kaufland-coding-test\kaufland-data-feed\vendor\symfony\console\Application.php(316): Symfony\Component\Console\Application->doRunCommand()
#14 D:\kaufland-coding-test\kaufland-data-feed\vendor\symfony\console\Application.php(167): Symfony\Component\Console\Application->doRun()
#15 D:\kaufland-coding-test\kaufland-data-feed\vendor\laravel\framework\src\Illuminate\Foundation\Console\Kernel.php(196): Symfony\Component\Console\Application->run()
#16 D:\kaufland-coding-test\kaufland-data-feed\vendor\laravel\framework\src\Illuminate\Foundation\Application.php(1203): Illuminate\Foundation\Console\Kernel->handle()
#17 D:\kaufland-coding-test\kaufland-data-feed\artisan(13): Illuminate\Foundation\Application->handleCommand()
#18 {main}  
[2024-07-13 08:20:13] local.ERROR: Error: Undefined array key "attributes"  
[2024-07-13 08:22:00] local.ERROR: Error executing SQL statement: SQLSTATE[42S02]: Base table or view not found: 1146 Table 'kaufland-coding-test-malek-kamoua.customer_addresses' doesn't exist (Connection: mysql, SQL: INSERT INTO customer_addresses (uuid, parentTagName, street, city, state, zip) VALUES ('9tMBQXbC', 'address', '100 Main', 'Framingham', 'MA', '01701');)  
[2024-07-13 08:22:00] local.ERROR: Error executing SQL statement: SQLSTATE[42S02]: Base table or view not found: 1146 Table 'kaufland-coding-test-malek-kamoua.customer_addresses' doesn't exist (Connection: mysql, SQL: INSERT INTO customer_addresses (uuid, parentTagName, street, city, state, zip) VALUES ('nnvyshDO', 'address', '720 Prospect', 'Framingham', 'MA', '01701');)  
[2024-07-13 08:22:00] local.ERROR: Error executing SQL statement: SQLSTATE[42S02]: Base table or view not found: 1146 Table 'kaufland-coding-test-malek-kamoua.customer_addresses' doesn't exist (Connection: mysql, SQL: INSERT INTO customer_addresses (uuid, parentTagName, street, state, zip) VALUES ('TANTR9IO', 'address', '120 Ridge', 'MA', '01760');)  
